<?xml version="1.0" encoding="UTF-8"?>
<testsuite xmlns:xsi="http://www.w3.org/2001/XMLSchema-instance" xsi:noNamespaceSchemaLocation="https://maven.apache.org/surefire/maven-surefire-plugin/xsd/surefire-test-report.xsd" version="3.0.2" name="com.gs.DiscoveryServerApplicationTests" time="15.479" tests="1" errors="0" skipped="0" failures="0">
  <properties>
    <property name="java.specification.version" value="21"/>
    <property name="sun.jnu.encoding" value="UTF-8"/>
    <property name="java.class.path" value="/workspaces/loan-processing-platform/discovery-server/target/test-classes:/workspaces/loan-processing-platform/discovery-server/target/classes:/home/codespace/.m2/repository/io/micrometer/micrometer-tracing-bridge-brave/1.5.1/micrometer-tracing-bridge-brave-1.5.1.jar:/home/codespace/.m2/repository/io/micrometer/micrometer-tracing/1.5.1/micrometer-tracing-1.5.1.jar:/home/codespace/.m2/repository/io/micrometer/context-propagation/1.1.3/context-propagation-1.1.3.jar:/home/codespace/.m2/repository/aopalliance/aopalliance/1.0/aopalliance-1.0.jar:/home/codespace/.m2/repository/org/slf4j/slf4j-api/2.0.17/slf4j-api-2.0.17.jar:/home/codespace/.m2/repository/io/zipkin/brave/brave/6.1.0/brave-6.1.0.jar:/home/codespace/.m2/repository/io/zipkin/brave/brave-context-slf4j/6.1.0/brave-context-slf4j-6.1.0.jar:/home/codespace/.m2/repository/io/zipkin/brave/brave-instrumentation-http/6.1.0/brave-instrumentation-http-6.1.0.jar:/home/codespace/.m2/repository/io/zipkin/aws/brave-propagation-aws/1.3.0/brave-propagation-aws-1.3.0.jar:/home/codespace/.m2/repository/io/zipkin/contrib/brave-propagation-w3c/brave-propagation-tracecontext/0.2.0/brave-propagation-tracecontext-0.2.0.jar:/home/codespace/.m2/repository/io/zipkin/reporter2/zipkin-reporter-brave/3.5.1/zipkin-reporter-brave-3.5.1.jar:/home/codespace/.m2/repository/io/zipkin/reporter2/zipkin-reporter/3.5.1/zipkin-reporter-3.5.1.jar:/home/codespace/.m2/repository/org/springframework/boot/spring-boot-starter-actuator/3.5.3/spring-boot-starter-actuator-3.5.3.jar:/home/codespace/.m2/repository/org/springframework/boot/spring-boot-starter/3.5.3/spring-boot-starter-3.5.3.jar:/home/codespace/.m2/repository/org/springframework/boot/spring-boot/3.5.3/spring-boot-3.5.3.jar:/home/codespace/.m2/repository/org/springframework/boot/spring-boot-autoconfigure/3.5.3/spring-boot-autoconfigure-3.5.3.jar:/home/codespace/.m2/repository/org/springframework/boot/spring-boot-starter-logging/3.5.3/spring-boot-starter-logging-3.5.3.jar:/home/codespace/.m2/repository/ch/qos/logback/logback-classic/1.5.18/logback-classic-1.5.18.jar:/home/codespace/.m2/repository/ch/qos/logback/logback-core/1.5.18/logback-core-1.5.18.jar:/home/codespace/.m2/repository/org/apache/logging/log4j/log4j-to-slf4j/2.24.3/log4j-to-slf4j-2.24.3.jar:/home/codespace/.m2/repository/org/apache/logging/log4j/log4j-api/2.24.3/log4j-api-2.24.3.jar:/home/codespace/.m2/repository/org/slf4j/jul-to-slf4j/2.0.17/jul-to-slf4j-2.0.17.jar:/home/codespace/.m2/repository/jakarta/annotation/jakarta.annotation-api/2.1.1/jakarta.annotation-api-2.1.1.jar:/home/codespace/.m2/repository/org/yaml/snakeyaml/2.4/snakeyaml-2.4.jar:/home/codespace/.m2/repository/org/springframework/boot/spring-boot-actuator-autoconfigure/3.5.3/spring-boot-actuator-autoconfigure-3.5.3.jar:/home/codespace/.m2/repository/org/springframework/boot/spring-boot-actuator/3.5.3/spring-boot-actuator-3.5.3.jar:/home/codespace/.m2/repository/com/fasterxml/jackson/core/jackson-databind/2.19.1/jackson-databind-2.19.1.jar:/home/codespace/.m2/repository/com/fasterxml/jackson/core/jackson-annotations/2.19.1/jackson-annotations-2.19.1.jar:/home/codespace/.m2/repository/com/fasterxml/jackson/core/jackson-core/2.19.1/jackson-core-2.19.1.jar:/home/codespace/.m2/repository/com/fasterxml/jackson/datatype/jackson-datatype-jsr310/2.19.1/jackson-datatype-jsr310-2.19.1.jar:/home/codespace/.m2/repository/io/micrometer/micrometer-observation/1.15.1/micrometer-observation-1.15.1.jar:/home/codespace/.m2/repository/io/micrometer/micrometer-commons/1.15.1/micrometer-commons-1.15.1.jar:/home/codespace/.m2/repository/io/micrometer/micrometer-jakarta9/1.15.1/micrometer-jakarta9-1.15.1.jar:/home/codespace/.m2/repository/io/micrometer/micrometer-core/1.15.1/micrometer-core-1.15.1.jar:/home/codespace/.m2/repository/org/hdrhistogram/HdrHistogram/2.2.2/HdrHistogram-2.2.2.jar:/home/codespace/.m2/repository/org/latencyutils/LatencyUtils/2.0.3/LatencyUtils-2.0.3.jar:/home/codespace/.m2/repository/org/springframework/boot/spring-boot-starter-web/3.5.3/spring-boot-starter-web-3.5.3.jar:/home/codespace/.m2/repository/org/springframework/boot/spring-boot-starter-json/3.5.3/spring-boot-starter-json-3.5.3.jar:/home/codespace/.m2/repository/com/fasterxml/jackson/datatype/jackson-datatype-jdk8/2.19.1/jackson-datatype-jdk8-2.19.1.jar:/home/codespace/.m2/repository/com/fasterxml/jackson/module/jackson-module-parameter-names/2.19.1/jackson-module-parameter-names-2.19.1.jar:/home/codespace/.m2/repository/org/springframework/boot/spring-boot-starter-tomcat/3.5.3/spring-boot-starter-tomcat-3.5.3.jar:/home/codespace/.m2/repository/org/apache/tomcat/embed/tomcat-embed-core/10.1.42/tomcat-embed-core-10.1.42.jar:/home/codespace/.m2/repository/org/apache/tomcat/embed/tomcat-embed-el/10.1.42/tomcat-embed-el-10.1.42.jar:/home/codespace/.m2/repository/org/apache/tomcat/embed/tomcat-embed-websocket/10.1.42/tomcat-embed-websocket-10.1.42.jar:/home/codespace/.m2/repository/org/springframework/spring-web/6.2.8/spring-web-6.2.8.jar:/home/codespace/.m2/repository/org/springframework/spring-beans/6.2.8/spring-beans-6.2.8.jar:/home/codespace/.m2/repository/org/springframework/spring-webmvc/6.2.8/spring-webmvc-6.2.8.jar:/home/codespace/.m2/repository/org/springframework/spring-aop/6.2.8/spring-aop-6.2.8.jar:/home/codespace/.m2/repository/org/springframework/spring-context/6.2.8/spring-context-6.2.8.jar:/home/codespace/.m2/repository/org/springframework/spring-expression/6.2.8/spring-expression-6.2.8.jar:/home/codespace/.m2/repository/org/springframework/cloud/spring-cloud-starter-netflix-eureka-server/4.3.0/spring-cloud-starter-netflix-eureka-server-4.3.0.jar:/home/codespace/.m2/repository/org/springframework/cloud/spring-cloud-starter/4.3.0/spring-cloud-starter-4.3.0.jar:/home/codespace/.m2/repository/org/springframework/cloud/spring-cloud-context/4.3.0/spring-cloud-context-4.3.0.jar:/home/codespace/.m2/repository/org/springframework/security/spring-security-crypto/6.5.1/spring-security-crypto-6.5.1.jar:/home/codespace/.m2/repository/org/springframework/cloud/spring-cloud-commons/4.3.0/spring-cloud-commons-4.3.0.jar:/home/codespace/.m2/repository/org/bouncycastle/bcprov-jdk18on/1.80/bcprov-jdk18on-1.80.jar:/home/codespace/.m2/repository/org/springframework/cloud/spring-cloud-netflix-eureka-server/4.3.0/spring-cloud-netflix-eureka-server-4.3.0.jar:/home/codespace/.m2/repository/org/springframework/boot/spring-boot-starter-freemarker/3.5.3/spring-boot-starter-freemarker-3.5.3.jar:/home/codespace/.m2/repository/org/freemarker/freemarker/2.3.34/freemarker-2.3.34.jar:/home/codespace/.m2/repository/org/springframework/spring-context-support/6.2.8/spring-context-support-6.2.8.jar:/home/codespace/.m2/repository/org/springframework/cloud/spring-cloud-netflix-eureka-client/4.3.0/spring-cloud-netflix-eureka-client-4.3.0.jar:/home/codespace/.m2/repository/com/netflix/eureka/eureka-client/2.0.4/eureka-client-2.0.4.jar:/home/codespace/.m2/repository/com/thoughtworks/xstream/xstream/1.4.20/xstream-1.4.20.jar:/home/codespace/.m2/repository/io/github/x-stream/mxparser/1.2.2/mxparser-1.2.2.jar:/home/codespace/.m2/repository/xmlpull/xmlpull/1.1.3.1/xmlpull-1.1.3.1.jar:/home/codespace/.m2/repository/com/netflix/spectator/spectator-api/1.7.3/spectator-api-1.7.3.jar:/home/codespace/.m2/repository/org/apache/httpcomponents/httpclient/4.5.3/httpclient-4.5.3.jar:/home/codespace/.m2/repository/org/apache/httpcomponents/httpcore/4.4.16/httpcore-4.4.16.jar:/home/codespace/.m2/repository/commons-configuration/commons-configuration/1.10/commons-configuration-1.10.jar:/home/codespace/.m2/repository/commons-lang/commons-lang/2.6/commons-lang-2.6.jar:/home/codespace/.m2/repository/com/netflix/netflix-commons/netflix-eventbus/0.3.0/netflix-eventbus-0.3.0.jar:/home/codespace/.m2/repository/com/netflix/netflix-commons/netflix-infix/0.3.0/netflix-infix-0.3.0.jar:/home/codespace/.m2/repository/commons-jxpath/commons-jxpath/1.3/commons-jxpath-1.3.jar:/home/codespace/.m2/repository/joda-time/joda-time/2.3/joda-time-2.3.jar:/home/codespace/.m2/repository/org/antlr/antlr-runtime/3.4/antlr-runtime-3.4.jar:/home/codespace/.m2/repository/org/antlr/stringtemplate/3.2.1/stringtemplate-3.2.1.jar:/home/codespace/.m2/repository/antlr/antlr/2.7.7/antlr-2.7.7.jar:/home/codespace/.m2/repository/com/google/code/gson/gson/2.13.1/gson-2.13.1.jar:/home/codespace/.m2/repository/com/netflix/servo/servo-core/0.5.3/servo-core-0.5.3.jar:/home/codespace/.m2/repository/org/apache/commons/commons-math/2.2/commons-math-2.2.jar:/home/codespace/.m2/repository/javax/annotation/javax.annotation-api/1.2/javax.annotation-api-1.2.jar:/home/codespace/.m2/repository/org/codehaus/jettison/jettison/1.5.4/jettison-1.5.4.jar:/home/codespace/.m2/repository/org/apache/httpcomponents/client5/httpclient5/5.5/httpclient5-5.5.jar:/home/codespace/.m2/repository/org/apache/httpcomponents/core5/httpcore5/5.3.4/httpcore5-5.3.4.jar:/home/codespace/.m2/repository/org/apache/httpcomponents/core5/httpcore5-h2/5.3.4/httpcore5-h2-5.3.4.jar:/home/codespace/.m2/repository/com/netflix/eureka/eureka-client-jersey3/2.0.4/eureka-client-jersey3-2.0.4.jar:/home/codespace/.m2/repository/org/glassfish/jersey/connectors/jersey-apache-connector/3.1.10/jersey-apache-connector-3.1.10.jar:/home/codespace/.m2/repository/commons-codec/commons-codec/1.18.0/commons-codec-1.18.0.jar:/home/codespace/.m2/repository/com/netflix/eureka/eureka-core-jersey3/2.0.4/eureka-core-jersey3-2.0.4.jar:/home/codespace/.m2/repository/com/netflix/eureka/eureka-core/2.0.4/eureka-core-2.0.4.jar:/home/codespace/.m2/repository/com/google/guava/guava/33.0.0-jre/guava-33.0.0-jre.jar:/home/codespace/.m2/repository/com/google/guava/failureaccess/1.0.2/failureaccess-1.0.2.jar:/home/codespace/.m2/repository/com/google/guava/listenablefuture/9999.0-empty-to-avoid-conflict-with-guava/listenablefuture-9999.0-empty-to-avoid-conflict-with-guava.jar:/home/codespace/.m2/repository/org/checkerframework/checker-qual/3.41.0/checker-qual-3.41.0.jar:/home/codespace/.m2/repository/com/google/errorprone/error_prone_annotations/2.23.0/error_prone_annotations-2.23.0.jar:/home/codespace/.m2/repository/com/google/j2objc/j2objc-annotations/2.8/j2objc-annotations-2.8.jar:/home/codespace/.m2/repository/org/glassfish/jersey/containers/jersey-container-servlet/3.1.10/jersey-container-servlet-3.1.10.jar:/home/codespace/.m2/repository/org/glassfish/jersey/containers/jersey-container-servlet-core/3.1.10/jersey-container-servlet-core-3.1.10.jar:/home/codespace/.m2/repository/org/glassfish/jersey/core/jersey-common/3.1.10/jersey-common-3.1.10.jar:/home/codespace/.m2/repository/org/glassfish/hk2/osgi-resource-locator/1.0.3/osgi-resource-locator-1.0.3.jar:/home/codespace/.m2/repository/jakarta/ws/rs/jakarta.ws.rs-api/3.1.0/jakarta.ws.rs-api-3.1.0.jar:/home/codespace/.m2/repository/org/glassfish/jersey/core/jersey-server/3.1.10/jersey-server-3.1.10.jar:/home/codespace/.m2/repository/jakarta/inject/jakarta.inject-api/2.0.1/jakarta.inject-api-2.0.1.jar:/home/codespace/.m2/repository/jakarta/validation/jakarta.validation-api/3.0.2/jakarta.validation-api-3.0.2.jar:/home/codespace/.m2/repository/org/glassfish/jersey/core/jersey-client/3.1.10/jersey-client-3.1.10.jar:/home/codespace/.m2/repository/org/glassfish/jersey/inject/jersey-hk2/3.1.10/jersey-hk2-3.1.10.jar:/home/codespace/.m2/repository/org/glassfish/hk2/hk2-locator/3.0.6/hk2-locator-3.0.6.jar:/home/codespace/.m2/repository/org/glassfish/hk2/hk2-utils/3.0.6/hk2-utils-3.0.6.jar:/home/codespace/.m2/repository/org/javassist/javassist/3.30.2-GA/javassist-3.30.2-GA.jar:/home/codespace/.m2/repository/org/glassfish/hk2/spring-bridge/3.1.1/spring-bridge-3.1.1.jar:/home/codespace/.m2/repository/org/glassfish/hk2/hk2-api/3.1.1/hk2-api-3.1.1.jar:/home/codespace/.m2/repository/com/fasterxml/jackson/dataformat/jackson-dataformat-xml/2.19.1/jackson-dataformat-xml-2.19.1.jar:/home/codespace/.m2/repository/org/codehaus/woodstox/stax2-api/4.2.2/stax2-api-4.2.2.jar:/home/codespace/.m2/repository/com/fasterxml/woodstox/woodstox-core/7.1.1/woodstox-core-7.1.1.jar:/home/codespace/.m2/repository/org/springframework/cloud/spring-cloud-starter-loadbalancer/4.3.0/spring-cloud-starter-loadbalancer-4.3.0.jar:/home/codespace/.m2/repository/org/springframework/cloud/spring-cloud-loadbalancer/4.3.0/spring-cloud-loadbalancer-4.3.0.jar:/home/codespace/.m2/repository/io/projectreactor/reactor-core/3.7.7/reactor-core-3.7.7.jar:/home/codespace/.m2/repository/org/reactivestreams/reactive-streams/1.0.4/reactive-streams-1.0.4.jar:/home/codespace/.m2/repository/io/projectreactor/addons/reactor-extra/3.5.2/reactor-extra-3.5.2.jar:/home/codespace/.m2/repository/org/springframework/boot/spring-boot-starter-cache/3.5.3/spring-boot-starter-cache-3.5.3.jar:/home/codespace/.m2/repository/com/stoyanr/evictor/1.0.0/evictor-1.0.0.jar:/home/codespace/.m2/repository/org/glassfish/jaxb/jaxb-runtime/4.0.5/jaxb-runtime-4.0.5.jar:/home/codespace/.m2/repository/org/glassfish/jaxb/jaxb-core/4.0.5/jaxb-core-4.0.5.jar:/home/codespace/.m2/repository/org/eclipse/angus/angus-activation/2.0.2/angus-activation-2.0.2.jar:/home/codespace/.m2/repository/org/glassfish/jaxb/txw2/4.0.5/txw2-4.0.5.jar:/home/codespace/.m2/repository/com/sun/istack/istack-commons-runtime/4.1.2/istack-commons-runtime-4.1.2.jar:/home/codespace/.m2/repository/org/springframework/boot/spring-boot-starter-test/3.5.3/spring-boot-starter-test-3.5.3.jar:/home/codespace/.m2/repository/org/springframework/boot/spring-boot-test/3.5.3/spring-boot-test-3.5.3.jar:/home/codespace/.m2/repository/org/springframework/boot/spring-boot-test-autoconfigure/3.5.3/spring-boot-test-autoconfigure-3.5.3.jar:/home/codespace/.m2/repository/com/jayway/jsonpath/json-path/2.9.0/json-path-2.9.0.jar:/home/codespace/.m2/repository/jakarta/xml/bind/jakarta.xml.bind-api/4.0.2/jakarta.xml.bind-api-4.0.2.jar:/home/codespace/.m2/repository/jakarta/activation/jakarta.activation-api/2.1.3/jakarta.activation-api-2.1.3.jar:/home/codespace/.m2/repository/net/minidev/json-smart/2.5.2/json-smart-2.5.2.jar:/home/codespace/.m2/repository/net/minidev/accessors-smart/2.5.2/accessors-smart-2.5.2.jar:/home/codespace/.m2/repository/org/ow2/asm/asm/9.7.1/asm-9.7.1.jar:/home/codespace/.m2/repository/org/assertj/assertj-core/3.27.3/assertj-core-3.27.3.jar:/home/codespace/.m2/repository/net/bytebuddy/byte-buddy/1.17.6/byte-buddy-1.17.6.jar:/home/codespace/.m2/repository/org/awaitility/awaitility/4.2.2/awaitility-4.2.2.jar:/home/codespace/.m2/repository/org/hamcrest/hamcrest/3.0/hamcrest-3.0.jar:/home/codespace/.m2/repository/org/junit/jupiter/junit-jupiter/5.12.2/junit-jupiter-5.12.2.jar:/home/codespace/.m2/repository/org/junit/jupiter/junit-jupiter-api/5.12.2/junit-jupiter-api-5.12.2.jar:/home/codespace/.m2/repository/org/opentest4j/opentest4j/1.3.0/opentest4j-1.3.0.jar:/home/codespace/.m2/repository/org/junit/platform/junit-platform-commons/1.12.2/junit-platform-commons-1.12.2.jar:/home/codespace/.m2/repository/org/apiguardian/apiguardian-api/1.1.2/apiguardian-api-1.1.2.jar:/home/codespace/.m2/repository/org/junit/jupiter/junit-jupiter-params/5.12.2/junit-jupiter-params-5.12.2.jar:/home/codespace/.m2/repository/org/junit/jupiter/junit-jupiter-engine/5.12.2/junit-jupiter-engine-5.12.2.jar:/home/codespace/.m2/repository/org/junit/platform/junit-platform-engine/1.12.2/junit-platform-engine-1.12.2.jar:/home/codespace/.m2/repository/org/mockito/mockito-core/5.17.0/mockito-core-5.17.0.jar:/home/codespace/.m2/repository/net/bytebuddy/byte-buddy-agent/1.17.6/byte-buddy-agent-1.17.6.jar:/home/codespace/.m2/repository/org/objenesis/objenesis/3.3/objenesis-3.3.jar:/home/codespace/.m2/repository/org/mockito/mockito-junit-jupiter/5.17.0/mockito-junit-jupiter-5.17.0.jar:/home/codespace/.m2/repository/org/skyscreamer/jsonassert/1.5.3/jsonassert-1.5.3.jar:/home/codespace/.m2/repository/com/vaadin/external/google/android-json/0.0.20131108.vaadin1/android-json-0.0.20131108.vaadin1.jar:/home/codespace/.m2/repository/org/springframework/spring-core/6.2.8/spring-core-6.2.8.jar:/home/codespace/.m2/repository/org/springframework/spring-jcl/6.2.8/spring-jcl-6.2.8.jar:/home/codespace/.m2/repository/org/springframework/spring-test/6.2.8/spring-test-6.2.8.jar:/home/codespace/.m2/repository/org/xmlunit/xmlunit-core/2.10.2/xmlunit-core-2.10.2.jar:"/>
    <property name="java.vm.vendor" value="Ubuntu"/>
    <property name="sun.arch.data.model" value="64"/>
    <property name="java.vendor.url" value="https://ubuntu.com/"/>
    <property name="user.timezone" value="Etc/UTC"/>
    <property name="os.name" value="Linux"/>
    <property name="java.vm.specification.version" value="21"/>
    <property name="APPLICATION_NAME" value="DiscoveryServerApplication"/>
    <property name="sun.java.launcher" value="SUN_STANDARD"/>
    <property name="sun.boot.library.path" value="/usr/lib/jvm/java-21-openjdk-amd64/lib"/>
    <property name="sun.java.command" value="/workspaces/loan-processing-platform/discovery-server/target/surefire/surefirebooter-20250721035639462_3.jar /workspaces/loan-processing-platform/discovery-server/target/surefire 2025-07-21T03-56-39_340-jvmRun1 surefire-20250721035639462_1tmp surefire_0-20250721035639462_2tmp"/>
    <property name="jdk.debug" value="release"/>
    <property name="surefire.test.class.path" value="/workspaces/loan-processing-platform/discovery-server/target/test-classes:/workspaces/loan-processing-platform/discovery-server/target/classes:/home/codespace/.m2/repository/io/micrometer/micrometer-tracing-bridge-brave/1.5.1/micrometer-tracing-bridge-brave-1.5.1.jar:/home/codespace/.m2/repository/io/micrometer/micrometer-tracing/1.5.1/micrometer-tracing-1.5.1.jar:/home/codespace/.m2/repository/io/micrometer/context-propagation/1.1.3/context-propagation-1.1.3.jar:/home/codespace/.m2/repository/aopalliance/aopalliance/1.0/aopalliance-1.0.jar:/home/codespace/.m2/repository/org/slf4j/slf4j-api/2.0.17/slf4j-api-2.0.17.jar:/home/codespace/.m2/repository/io/zipkin/brave/brave/6.1.0/brave-6.1.0.jar:/home/codespace/.m2/repository/io/zipkin/brave/brave-context-slf4j/6.1.0/brave-context-slf4j-6.1.0.jar:/home/codespace/.m2/repository/io/zipkin/brave/brave-instrumentation-http/6.1.0/brave-instrumentation-http-6.1.0.jar:/home/codespace/.m2/repository/io/zipkin/aws/brave-propagation-aws/1.3.0/brave-propagation-aws-1.3.0.jar:/home/codespace/.m2/repository/io/zipkin/contrib/brave-propagation-w3c/brave-propagation-tracecontext/0.2.0/brave-propagation-tracecontext-0.2.0.jar:/home/codespace/.m2/repository/io/zipkin/reporter2/zipkin-reporter-brave/3.5.1/zipkin-reporter-brave-3.5.1.jar:/home/codespace/.m2/repository/io/zipkin/reporter2/zipkin-reporter/3.5.1/zipkin-reporter-3.5.1.jar:/home/codespace/.m2/repository/org/springframework/boot/spring-boot-starter-actuator/3.5.3/spring-boot-starter-actuator-3.5.3.jar:/home/codespace/.m2/repository/org/springframework/boot/spring-boot-starter/3.5.3/spring-boot-starter-3.5.3.jar:/home/codespace/.m2/repository/org/springframework/boot/spring-boot/3.5.3/spring-boot-3.5.3.jar:/home/codespace/.m2/repository/org/springframework/boot/spring-boot-autoconfigure/3.5.3/spring-boot-autoconfigure-3.5.3.jar:/home/codespace/.m2/repository/org/springframework/boot/spring-boot-starter-logging/3.5.3/spring-boot-starter-logging-3.5.3.jar:/home/codespace/.m2/repository/ch/qos/logback/logback-classic/1.5.18/logback-classic-1.5.18.jar:/home/codespace/.m2/repository/ch/qos/logback/logback-core/1.5.18/logback-core-1.5.18.jar:/home/codespace/.m2/repository/org/apache/logging/log4j/log4j-to-slf4j/2.24.3/log4j-to-slf4j-2.24.3.jar:/home/codespace/.m2/repository/org/apache/logging/log4j/log4j-api/2.24.3/log4j-api-2.24.3.jar:/home/codespace/.m2/repository/org/slf4j/jul-to-slf4j/2.0.17/jul-to-slf4j-2.0.17.jar:/home/codespace/.m2/repository/jakarta/annotation/jakarta.annotation-api/2.1.1/jakarta.annotation-api-2.1.1.jar:/home/codespace/.m2/repository/org/yaml/snakeyaml/2.4/snakeyaml-2.4.jar:/home/codespace/.m2/repository/org/springframework/boot/spring-boot-actuator-autoconfigure/3.5.3/spring-boot-actuator-autoconfigure-3.5.3.jar:/home/codespace/.m2/repository/org/springframework/boot/spring-boot-actuator/3.5.3/spring-boot-actuator-3.5.3.jar:/home/codespace/.m2/repository/com/fasterxml/jackson/core/jackson-databind/2.19.1/jackson-databind-2.19.1.jar:/home/codespace/.m2/repository/com/fasterxml/jackson/core/jackson-annotations/2.19.1/jackson-annotations-2.19.1.jar:/home/codespace/.m2/repository/com/fasterxml/jackson/core/jackson-core/2.19.1/jackson-core-2.19.1.jar:/home/codespace/.m2/repository/com/fasterxml/jackson/datatype/jackson-datatype-jsr310/2.19.1/jackson-datatype-jsr310-2.19.1.jar:/home/codespace/.m2/repository/io/micrometer/micrometer-observation/1.15.1/micrometer-observation-1.15.1.jar:/home/codespace/.m2/repository/io/micrometer/micrometer-commons/1.15.1/micrometer-commons-1.15.1.jar:/home/codespace/.m2/repository/io/micrometer/micrometer-jakarta9/1.15.1/micrometer-jakarta9-1.15.1.jar:/home/codespace/.m2/repository/io/micrometer/micrometer-core/1.15.1/micrometer-core-1.15.1.jar:/home/codespace/.m2/repository/org/hdrhistogram/HdrHistogram/2.2.2/HdrHistogram-2.2.2.jar:/home/codespace/.m2/repository/org/latencyutils/LatencyUtils/2.0.3/LatencyUtils-2.0.3.jar:/home/codespace/.m2/repository/org/springframework/boot/spring-boot-starter-web/3.5.3/spring-boot-starter-web-3.5.3.jar:/home/codespace/.m2/repository/org/springframework/boot/spring-boot-starter-json/3.5.3/spring-boot-starter-json-3.5.3.jar:/home/codespace/.m2/repository/com/fasterxml/jackson/datatype/jackson-datatype-jdk8/2.19.1/jackson-datatype-jdk8-2.19.1.jar:/home/codespace/.m2/repository/com/fasterxml/jackson/module/jackson-module-parameter-names/2.19.1/jackson-module-parameter-names-2.19.1.jar:/home/codespace/.m2/repository/org/springframework/boot/spring-boot-starter-tomcat/3.5.3/spring-boot-starter-tomcat-3.5.3.jar:/home/codespace/.m2/repository/org/apache/tomcat/embed/tomcat-embed-core/10.1.42/tomcat-embed-core-10.1.42.jar:/home/codespace/.m2/repository/org/apache/tomcat/embed/tomcat-embed-el/10.1.42/tomcat-embed-el-10.1.42.jar:/home/codespace/.m2/repository/org/apache/tomcat/embed/tomcat-embed-websocket/10.1.42/tomcat-embed-websocket-10.1.42.jar:/home/codespace/.m2/repository/org/springframework/spring-web/6.2.8/spring-web-6.2.8.jar:/home/codespace/.m2/repository/org/springframework/spring-beans/6.2.8/spring-beans-6.2.8.jar:/home/codespace/.m2/repository/org/springframework/spring-webmvc/6.2.8/spring-webmvc-6.2.8.jar:/home/codespace/.m2/repository/org/springframework/spring-aop/6.2.8/spring-aop-6.2.8.jar:/home/codespace/.m2/repository/org/springframework/spring-context/6.2.8/spring-context-6.2.8.jar:/home/codespace/.m2/repository/org/springframework/spring-expression/6.2.8/spring-expression-6.2.8.jar:/home/codespace/.m2/repository/org/springframework/cloud/spring-cloud-starter-netflix-eureka-server/4.3.0/spring-cloud-starter-netflix-eureka-server-4.3.0.jar:/home/codespace/.m2/repository/org/springframework/cloud/spring-cloud-starter/4.3.0/spring-cloud-starter-4.3.0.jar:/home/codespace/.m2/repository/org/springframework/cloud/spring-cloud-context/4.3.0/spring-cloud-context-4.3.0.jar:/home/codespace/.m2/repository/org/springframework/security/spring-security-crypto/6.5.1/spring-security-crypto-6.5.1.jar:/home/codespace/.m2/repository/org/springframework/cloud/spring-cloud-commons/4.3.0/spring-cloud-commons-4.3.0.jar:/home/codespace/.m2/repository/org/bouncycastle/bcprov-jdk18on/1.80/bcprov-jdk18on-1.80.jar:/home/codespace/.m2/repository/org/springframework/cloud/spring-cloud-netflix-eureka-server/4.3.0/spring-cloud-netflix-eureka-server-4.3.0.jar:/home/codespace/.m2/repository/org/springframework/boot/spring-boot-starter-freemarker/3.5.3/spring-boot-starter-freemarker-3.5.3.jar:/home/codespace/.m2/repository/org/freemarker/freemarker/2.3.34/freemarker-2.3.34.jar:/home/codespace/.m2/repository/org/springframework/spring-context-support/6.2.8/spring-context-support-6.2.8.jar:/home/codespace/.m2/repository/org/springframework/cloud/spring-cloud-netflix-eureka-client/4.3.0/spring-cloud-netflix-eureka-client-4.3.0.jar:/home/codespace/.m2/repository/com/netflix/eureka/eureka-client/2.0.4/eureka-client-2.0.4.jar:/home/codespace/.m2/repository/com/thoughtworks/xstream/xstream/1.4.20/xstream-1.4.20.jar:/home/codespace/.m2/repository/io/github/x-stream/mxparser/1.2.2/mxparser-1.2.2.jar:/home/codespace/.m2/repository/xmlpull/xmlpull/1.1.3.1/xmlpull-1.1.3.1.jar:/home/codespace/.m2/repository/com/netflix/spectator/spectator-api/1.7.3/spectator-api-1.7.3.jar:/home/codespace/.m2/repository/org/apache/httpcomponents/httpclient/4.5.3/httpclient-4.5.3.jar:/home/codespace/.m2/repository/org/apache/httpcomponents/httpcore/4.4.16/httpcore-4.4.16.jar:/home/codespace/.m2/repository/commons-configuration/commons-configuration/1.10/commons-configuration-1.10.jar:/home/codespace/.m2/repository/commons-lang/commons-lang/2.6/commons-lang-2.6.jar:/home/codespace/.m2/repository/com/netflix/netflix-commons/netflix-eventbus/0.3.0/netflix-eventbus-0.3.0.jar:/home/codespace/.m2/repository/com/netflix/netflix-commons/netflix-infix/0.3.0/netflix-infix-0.3.0.jar:/home/codespace/.m2/repository/commons-jxpath/commons-jxpath/1.3/commons-jxpath-1.3.jar:/home/codespace/.m2/repository/joda-time/joda-time/2.3/joda-time-2.3.jar:/home/codespace/.m2/repository/org/antlr/antlr-runtime/3.4/antlr-runtime-3.4.jar:/home/codespace/.m2/repository/org/antlr/stringtemplate/3.2.1/stringtemplate-3.2.1.jar:/home/codespace/.m2/repository/antlr/antlr/2.7.7/antlr-2.7.7.jar:/home/codespace/.m2/repository/com/google/code/gson/gson/2.13.1/gson-2.13.1.jar:/home/codespace/.m2/repository/com/netflix/servo/servo-core/0.5.3/servo-core-0.5.3.jar:/home/codespace/.m2/repository/org/apache/commons/commons-math/2.2/commons-math-2.2.jar:/home/codespace/.m2/repository/javax/annotation/javax.annotation-api/1.2/javax.annotation-api-1.2.jar:/home/codespace/.m2/repository/org/codehaus/jettison/jettison/1.5.4/jettison-1.5.4.jar:/home/codespace/.m2/repository/org/apache/httpcomponents/client5/httpclient5/5.5/httpclient5-5.5.jar:/home/codespace/.m2/repository/org/apache/httpcomponents/core5/httpcore5/5.3.4/httpcore5-5.3.4.jar:/home/codespace/.m2/repository/org/apache/httpcomponents/core5/httpcore5-h2/5.3.4/httpcore5-h2-5.3.4.jar:/home/codespace/.m2/repository/com/netflix/eureka/eureka-client-jersey3/2.0.4/eureka-client-jersey3-2.0.4.jar:/home/codespace/.m2/repository/org/glassfish/jersey/connectors/jersey-apache-connector/3.1.10/jersey-apache-connector-3.1.10.jar:/home/codespace/.m2/repository/commons-codec/commons-codec/1.18.0/commons-codec-1.18.0.jar:/home/codespace/.m2/repository/com/netflix/eureka/eureka-core-jersey3/2.0.4/eureka-core-jersey3-2.0.4.jar:/home/codespace/.m2/repository/com/netflix/eureka/eureka-core/2.0.4/eureka-core-2.0.4.jar:/home/codespace/.m2/repository/com/google/guava/guava/33.0.0-jre/guava-33.0.0-jre.jar:/home/codespace/.m2/repository/com/google/guava/failureaccess/1.0.2/failureaccess-1.0.2.jar:/home/codespace/.m2/repository/com/google/guava/listenablefuture/9999.0-empty-to-avoid-conflict-with-guava/listenablefuture-9999.0-empty-to-avoid-conflict-with-guava.jar:/home/codespace/.m2/repository/org/checkerframework/checker-qual/3.41.0/checker-qual-3.41.0.jar:/home/codespace/.m2/repository/com/google/errorprone/error_prone_annotations/2.23.0/error_prone_annotations-2.23.0.jar:/home/codespace/.m2/repository/com/google/j2objc/j2objc-annotations/2.8/j2objc-annotations-2.8.jar:/home/codespace/.m2/repository/org/glassfish/jersey/containers/jersey-container-servlet/3.1.10/jersey-container-servlet-3.1.10.jar:/home/codespace/.m2/repository/org/glassfish/jersey/containers/jersey-container-servlet-core/3.1.10/jersey-container-servlet-core-3.1.10.jar:/home/codespace/.m2/repository/org/glassfish/jersey/core/jersey-common/3.1.10/jersey-common-3.1.10.jar:/home/codespace/.m2/repository/org/glassfish/hk2/osgi-resource-locator/1.0.3/osgi-resource-locator-1.0.3.jar:/home/codespace/.m2/repository/jakarta/ws/rs/jakarta.ws.rs-api/3.1.0/jakarta.ws.rs-api-3.1.0.jar:/home/codespace/.m2/repository/org/glassfish/jersey/core/jersey-server/3.1.10/jersey-server-3.1.10.jar:/home/codespace/.m2/repository/jakarta/inject/jakarta.inject-api/2.0.1/jakarta.inject-api-2.0.1.jar:/home/codespace/.m2/repository/jakarta/validation/jakarta.validation-api/3.0.2/jakarta.validation-api-3.0.2.jar:/home/codespace/.m2/repository/org/glassfish/jersey/core/jersey-client/3.1.10/jersey-client-3.1.10.jar:/home/codespace/.m2/repository/org/glassfish/jersey/inject/jersey-hk2/3.1.10/jersey-hk2-3.1.10.jar:/home/codespace/.m2/repository/org/glassfish/hk2/hk2-locator/3.0.6/hk2-locator-3.0.6.jar:/home/codespace/.m2/repository/org/glassfish/hk2/hk2-utils/3.0.6/hk2-utils-3.0.6.jar:/home/codespace/.m2/repository/org/javassist/javassist/3.30.2-GA/javassist-3.30.2-GA.jar:/home/codespace/.m2/repository/org/glassfish/hk2/spring-bridge/3.1.1/spring-bridge-3.1.1.jar:/home/codespace/.m2/repository/org/glassfish/hk2/hk2-api/3.1.1/hk2-api-3.1.1.jar:/home/codespace/.m2/repository/com/fasterxml/jackson/dataformat/jackson-dataformat-xml/2.19.1/jackson-dataformat-xml-2.19.1.jar:/home/codespace/.m2/repository/org/codehaus/woodstox/stax2-api/4.2.2/stax2-api-4.2.2.jar:/home/codespace/.m2/repository/com/fasterxml/woodstox/woodstox-core/7.1.1/woodstox-core-7.1.1.jar:/home/codespace/.m2/repository/org/springframework/cloud/spring-cloud-starter-loadbalancer/4.3.0/spring-cloud-starter-loadbalancer-4.3.0.jar:/home/codespace/.m2/repository/org/springframework/cloud/spring-cloud-loadbalancer/4.3.0/spring-cloud-loadbalancer-4.3.0.jar:/home/codespace/.m2/repository/io/projectreactor/reactor-core/3.7.7/reactor-core-3.7.7.jar:/home/codespace/.m2/repository/org/reactivestreams/reactive-streams/1.0.4/reactive-streams-1.0.4.jar:/home/codespace/.m2/repository/io/projectreactor/addons/reactor-extra/3.5.2/reactor-extra-3.5.2.jar:/home/codespace/.m2/repository/org/springframework/boot/spring-boot-starter-cache/3.5.3/spring-boot-starter-cache-3.5.3.jar:/home/codespace/.m2/repository/com/stoyanr/evictor/1.0.0/evictor-1.0.0.jar:/home/codespace/.m2/repository/org/glassfish/jaxb/jaxb-runtime/4.0.5/jaxb-runtime-4.0.5.jar:/home/codespace/.m2/repository/org/glassfish/jaxb/jaxb-core/4.0.5/jaxb-core-4.0.5.jar:/home/codespace/.m2/repository/org/eclipse/angus/angus-activation/2.0.2/angus-activation-2.0.2.jar:/home/codespace/.m2/repository/org/glassfish/jaxb/txw2/4.0.5/txw2-4.0.5.jar:/home/codespace/.m2/repository/com/sun/istack/istack-commons-runtime/4.1.2/istack-commons-runtime-4.1.2.jar:/home/codespace/.m2/repository/org/springframework/boot/spring-boot-starter-test/3.5.3/spring-boot-starter-test-3.5.3.jar:/home/codespace/.m2/repository/org/springframework/boot/spring-boot-test/3.5.3/spring-boot-test-3.5.3.jar:/home/codespace/.m2/repository/org/springframework/boot/spring-boot-test-autoconfigure/3.5.3/spring-boot-test-autoconfigure-3.5.3.jar:/home/codespace/.m2/repository/com/jayway/jsonpath/json-path/2.9.0/json-path-2.9.0.jar:/home/codespace/.m2/repository/jakarta/xml/bind/jakarta.xml.bind-api/4.0.2/jakarta.xml.bind-api-4.0.2.jar:/home/codespace/.m2/repository/jakarta/activation/jakarta.activation-api/2.1.3/jakarta.activation-api-2.1.3.jar:/home/codespace/.m2/repository/net/minidev/json-smart/2.5.2/json-smart-2.5.2.jar:/home/codespace/.m2/repository/net/minidev/accessors-smart/2.5.2/accessors-smart-2.5.2.jar:/home/codespace/.m2/repository/org/ow2/asm/asm/9.7.1/asm-9.7.1.jar:/home/codespace/.m2/repository/org/assertj/assertj-core/3.27.3/assertj-core-3.27.3.jar:/home/codespace/.m2/repository/net/bytebuddy/byte-buddy/1.17.6/byte-buddy-1.17.6.jar:/home/codespace/.m2/repository/org/awaitility/awaitility/4.2.2/awaitility-4.2.2.jar:/home/codespace/.m2/repository/org/hamcrest/hamcrest/3.0/hamcrest-3.0.jar:/home/codespace/.m2/repository/org/junit/jupiter/junit-jupiter/5.12.2/junit-jupiter-5.12.2.jar:/home/codespace/.m2/repository/org/junit/jupiter/junit-jupiter-api/5.12.2/junit-jupiter-api-5.12.2.jar:/home/codespace/.m2/repository/org/opentest4j/opentest4j/1.3.0/opentest4j-1.3.0.jar:/home/codespace/.m2/repository/org/junit/platform/junit-platform-commons/1.12.2/junit-platform-commons-1.12.2.jar:/home/codespace/.m2/repository/org/apiguardian/apiguardian-api/1.1.2/apiguardian-api-1.1.2.jar:/home/codespace/.m2/repository/org/junit/jupiter/junit-jupiter-params/5.12.2/junit-jupiter-params-5.12.2.jar:/home/codespace/.m2/repository/org/junit/jupiter/junit-jupiter-engine/5.12.2/junit-jupiter-engine-5.12.2.jar:/home/codespace/.m2/repository/org/junit/platform/junit-platform-engine/1.12.2/junit-platform-engine-1.12.2.jar:/home/codespace/.m2/repository/org/mockito/mockito-core/5.17.0/mockito-core-5.17.0.jar:/home/codespace/.m2/repository/net/bytebuddy/byte-buddy-agent/1.17.6/byte-buddy-agent-1.17.6.jar:/home/codespace/.m2/repository/org/objenesis/objenesis/3.3/objenesis-3.3.jar:/home/codespace/.m2/repository/org/mockito/mockito-junit-jupiter/5.17.0/mockito-junit-jupiter-5.17.0.jar:/home/codespace/.m2/repository/org/skyscreamer/jsonassert/1.5.3/jsonassert-1.5.3.jar:/home/codespace/.m2/repository/com/vaadin/external/google/android-json/0.0.20131108.vaadin1/android-json-0.0.20131108.vaadin1.jar:/home/codespace/.m2/repository/org/springframework/spring-core/6.2.8/spring-core-6.2.8.jar:/home/codespace/.m2/repository/org/springframework/spring-jcl/6.2.8/spring-jcl-6.2.8.jar:/home/codespace/.m2/repository/org/springframework/spring-test/6.2.8/spring-test-6.2.8.jar:/home/codespace/.m2/repository/org/xmlunit/xmlunit-core/2.10.2/xmlunit-core-2.10.2.jar:"/>
    <property name="sun.cpu.endian" value="little"/>
    <property name="user.home" value="/home/codespace"/>
    <property name="user.language" value="en"/>
    <property name="java.specification.vendor" value="Oracle Corporation"/>
    <property name="java.version.date" value="2025-04-15"/>
    <property name="java.home" value="/usr/lib/jvm/java-21-openjdk-amd64"/>
    <property name="file.separator" value="/"/>
    <property name="basedir" value="/workspaces/loan-processing-platform/discovery-server"/>
    <property name="java.vm.compressedOopsMode" value="32-bit"/>
    <property name="line.separator" value="&#10;"/>
    <property name="java.specification.name" value="Java Platform API Specification"/>
    <property name="java.vm.specification.vendor" value="Oracle Corporation"/>
    <property name="FILE_LOG_CHARSET" value="UTF-8"/>
    <property name="java.awt.headless" value="true"/>
    <property name="surefire.real.class.path" value="/workspaces/loan-processing-platform/discovery-server/target/surefire/surefirebooter-20250721035639462_3.jar"/>
    <property name="LOG_LEVEL_PATTERN" value="%5p [traceId=%X{traceId},spanId=%X{spanId}]"/>
    <property name="sun.management.compiler" value="HotSpot 64-Bit Tiered Compilers"/>
    <property name="java.runtime.version" value="21.0.7+6-Ubuntu-0ubuntu124.04"/>
    <property name="LOG_CORRELATION_PATTERN" value="%correlationId"/>
    <property name="user.name" value="codespace"/>
    <property name="stdout.encoding" value="UTF-8"/>
    <property name="path.separator" value=":"/>
    <property name="os.version" value="6.8.0-1027-azure"/>
    <property name="java.runtime.name" value="OpenJDK Runtime Environment"/>
    <property name="file.encoding" value="UTF-8"/>
    <property name="java.vm.name" value="OpenJDK 64-Bit Server VM"/>
    <property name="LOG_FILE" value="logs/discovery-service.log"/>
    <property name="localRepository" value="/home/codespace/.m2/repository"/>
    <property name="java.vendor.url.bug" value="https://bugs.launchpad.net/ubuntu/+source/openjdk-21"/>
    <property name="java.io.tmpdir" value="/tmp"/>
    <property name="java.version" value="21.0.7"/>
    <property name="user.dir" value="/workspaces/loan-processing-platform/discovery-server"/>
    <property name="os.arch" value="amd64"/>
    <property name="java.vm.specification.name" value="Java Virtual Machine Specification"/>
    <property name="PID" value="5155"/>
    <property name="CONSOLE_LOG_CHARSET" value="UTF-8"/>
    <property name="native.encoding" value="UTF-8"/>
    <property name="java.library.path" value="/usr/java/packages/lib:/usr/lib/x86_64-linux-gnu/jni:/lib/x86_64-linux-gnu:/usr/lib/x86_64-linux-gnu:/usr/lib/jni:/lib:/usr/lib"/>
    <property name="stderr.encoding" value="UTF-8"/>
    <property name="java.vm.info" value="mixed mode, sharing"/>
    <property name="java.vendor" value="Ubuntu"/>
    <property name="java.vm.version" value="21.0.7+6-Ubuntu-0ubuntu124.04"/>
    <property name="sun.io.unicode.encoding" value="UnicodeLittle"/>
    <property name="java.class.version" value="65.0"/>
    <property name="LOGGED_APPLICATION_NAME" value="[DiscoveryServerApplication] "/>
  </properties>
  <testcase name="contextLoads" classname="com.gs.DiscoveryServerApplicationTests" time="0.887">
    <system-out><![CDATA[03:56:41.434 [main] INFO org.springframework.test.context.support.AnnotationConfigContextLoaderUtils -- Could not detect default configuration classes for test class [com.gs.DiscoveryServerApplicationTests]: DiscoveryServerApplicationTests does not declare any static, non-private, non-final, nested classes annotated with @Configuration.
03:56:41.680 [main] INFO org.springframework.boot.test.context.SpringBootTestContextBootstrapper -- Found @SpringBootConfiguration com.gs.DiscoveryServerApplication for test class com.gs.DiscoveryServerApplicationTests

  .   ____          _            __ _ _
 /\\ / ___'_ __ _ _(_)_ __  __ _ \ \ \ \
( ( )\___ | '_ | '_| | '_ \/ _` | \ \ \ \
 \\/  ___)| |_)| | | | | || (_| |  ) ) ) )
  '  |____| .__|_| |_|_| |_\__, | / / / /
 =========|_|==============|___/=/_/_/_/

 :: Spring Boot ::                (v3.5.3)

2025-07-21T03:56:43.692Z  INFO [traceId=,spanId=] 5155 --- [DiscoveryServerApplication] [           main] [                                                 ] com.gs.DiscoveryServerApplicationTests   : Starting DiscoveryServerApplicationTests using Java 21.0.7 with PID 5155 (started by codespace in /workspaces/loan-processing-platform/discovery-server)
2025-07-21T03:56:43.713Z DEBUG [traceId=,spanId=] 5155 --- [DiscoveryServerApplication] [           main] [                                                 ] com.gs.DiscoveryServerApplicationTests   : Running with Spring Boot v3.5.3, Spring v6.2.8
2025-07-21T03:56:43.715Z  INFO [traceId=,spanId=] 5155 --- [DiscoveryServerApplication] [           main] [                                                 ] com.gs.DiscoveryServerApplicationTests   : No active profile set, falling back to 1 default profile: "default"
2025-07-21T03:56:48.853Z  INFO [traceId=,spanId=] 5155 --- [DiscoveryServerApplication] [           main] [                                                 ] o.s.cloud.context.scope.GenericScope     : BeanFactory id=32b58058-e0d7-3827-a1ec-99373438eb27
2025-07-21T03:56:50.315Z  INFO [traceId=,spanId=] 5155 --- [DiscoveryServerApplication] [           main] [                                                 ] o.s.v.b.OptionalValidatorFactoryBean     : Failed to set up a Bean Validation provider: jakarta.validation.NoProviderFoundException: Unable to create a Configuration, because no Jakarta Bean Validation provider could be found. Add a provider like Hibernate Validator (RI) to your classpath.
2025-07-21T03:56:54.421Z  WARN [traceId=,spanId=] 5155 --- [DiscoveryServerApplication] [           main] [                                                 ] iguration$LoadBalancerCaffeineWarnLogger : Spring Cloud LoadBalancer is currently working with the default cache. While this cache implementation is useful for development and tests, it's recommended to use Caffeine cache in production.You can switch to using Caffeine cache, by adding it and org.springframework.cache.caffeine.CaffeineCacheManager to the classpath.
2025-07-21T03:56:54.729Z  INFO [traceId=,spanId=] 5155 --- [DiscoveryServerApplication] [           main] [                                                 ] o.s.c.n.eureka.InstanceInfoFactory       : Setting initial instance status as: STARTING
2025-07-21T03:56:54.750Z  INFO [traceId=,spanId=] 5155 --- [DiscoveryServerApplication] [           main] [                                                 ] com.netflix.discovery.DiscoveryClient    : Initializing Eureka in region us-east-1
2025-07-21T03:56:54.751Z  INFO [traceId=,spanId=] 5155 --- [DiscoveryServerApplication] [           main] [                                                 ] com.netflix.discovery.DiscoveryClient    : Client configured to neither register nor query for data.
2025-07-21T03:56:54.753Z  INFO [traceId=,spanId=] 5155 --- [DiscoveryServerApplication] [           main] [                                                 ] com.netflix.discovery.DiscoveryClient    : Discovery Client initialized at timestamp 1753070214752 with initial instances count: 0
2025-07-21T03:56:54.806Z  INFO [traceId=,spanId=] 5155 --- [DiscoveryServerApplication] [           main] [                                                 ] c.n.eureka.DefaultEurekaServerContext    : Initializing ...
2025-07-21T03:56:54.808Z  INFO [traceId=,spanId=] 5155 --- [DiscoveryServerApplication] [           main] [                                                 ] c.n.eureka.cluster.PeerEurekaNodes       : Adding new peer nodes [http://localhost:8761/eureka/]
2025-07-21T03:56:54.970Z  INFO [traceId=,spanId=] 5155 --- [DiscoveryServerApplication] [           main] [                                                 ] c.n.d.provider.DiscoveryJerseyProvider   : Using JSON encoding codec LegacyJacksonJson
2025-07-21T03:56:54.971Z  INFO [traceId=,spanId=] 5155 --- [DiscoveryServerApplication] [           main] [                                                 ] c.n.d.provider.DiscoveryJerseyProvider   : Using JSON decoding codec LegacyJacksonJson
2025-07-21T03:56:54.972Z  INFO [traceId=,spanId=] 5155 --- [DiscoveryServerApplication] [           main] [                                                 ] c.n.d.provider.DiscoveryJerseyProvider   : Using XML encoding codec XStreamXml
2025-07-21T03:56:54.973Z  INFO [traceId=,spanId=] 5155 --- [DiscoveryServerApplication] [           main] [                                                 ] c.n.d.provider.DiscoveryJerseyProvider   : Using XML decoding codec XStreamXml
2025-07-21T03:56:55.206Z  INFO [traceId=,spanId=] 5155 --- [DiscoveryServerApplication] [           main] [                                                 ] c.n.eureka.cluster.PeerEurekaNodes       : Replica node URL:  http://localhost:8761/eureka/
2025-07-21T03:56:55.231Z  INFO [traceId=,spanId=] 5155 --- [DiscoveryServerApplication] [           main] [                                                 ] c.n.e.registry.AbstractInstanceRegistry  : Finished initializing remote region registries. All known remote regions: []
2025-07-21T03:56:55.232Z  INFO [traceId=,spanId=] 5155 --- [DiscoveryServerApplication] [           main] [                                                 ] c.n.eureka.DefaultEurekaServerContext    : Initialized
2025-07-21T03:56:55.429Z  INFO [traceId=,spanId=] 5155 --- [DiscoveryServerApplication] [           main] [                                                 ] o.s.b.a.e.web.EndpointLinksResolver      : Exposing 1 endpoint beneath base path '/actuator'
2025-07-21T03:56:55.503Z  INFO [traceId=,spanId=] 5155 --- [DiscoveryServerApplication] [           main] [                                                 ] o.s.c.n.e.s.EurekaServiceRegistry        : Registering application DISCOVERYSERVERAPPLICATION with eureka with status UP
2025-07-21T03:56:55.531Z  INFO [traceId=,spanId=] 5155 --- [DiscoveryServerApplication] [      Thread-10] [                                                 ] o.s.c.n.e.server.EurekaServerBootstrap   : isAws returned false
2025-07-21T03:56:55.535Z  INFO [traceId=,spanId=] 5155 --- [DiscoveryServerApplication] [      Thread-10] [                                                 ] o.s.c.n.e.server.EurekaServerBootstrap   : Initialized server context
2025-07-21T03:56:55.536Z  INFO [traceId=,spanId=] 5155 --- [DiscoveryServerApplication] [      Thread-10] [                                                 ] c.n.e.r.PeerAwareInstanceRegistryImpl    : Got 1 instances from neighboring DS node
2025-07-21T03:56:55.536Z  INFO [traceId=,spanId=] 5155 --- [DiscoveryServerApplication] [      Thread-10] [                                                 ] c.n.e.r.PeerAwareInstanceRegistryImpl    : Renew threshold is: 1
2025-07-21T03:56:55.536Z  INFO [traceId=,spanId=] 5155 --- [DiscoveryServerApplication] [      Thread-10] [                                                 ] c.n.e.r.PeerAwareInstanceRegistryImpl    : Changing status to UP
2025-07-21T03:56:55.541Z  INFO [traceId=,spanId=] 5155 --- [DiscoveryServerApplication] [      Thread-10] [                                                 ] e.s.EurekaServerInitializerConfiguration : Started Eureka Server
2025-07-21T03:56:55.551Z  INFO [traceId=,spanId=] 5155 --- [DiscoveryServerApplication] [           main] [                                                 ] com.gs.DiscoveryServerApplicationTests   : Started DiscoveryServerApplicationTests in 12.955 seconds (process running for 15.925)
]]></system-out>
    <system-err><![CDATA[Mockito is currently self-attaching to enable the inline-mock-maker. This will no longer work in future releases of the JDK. Please add Mockito as an agent to your build as described in Mockito's documentation: https://javadoc.io/doc/org.mockito/mockito-core/latest/org.mockito/org/mockito/Mockito.html#0.3
WARNING: A Java agent has been loaded dynamically (/home/codespace/.m2/repository/net/bytebuddy/byte-buddy-agent/1.17.6/byte-buddy-agent-1.17.6.jar)
WARNING: If a serviceability tool is in use, please run with -XX:+EnableDynamicAgentLoading to hide this warning
WARNING: If a serviceability tool is not in use, please run with -Djdk.instrument.traceUsage for more information
WARNING: Dynamic loading of agents will be disallowed by default in a future release
]]></system-err>
  </testcase>
</testsuite>