<?xml version="1.0" encoding="UTF-8"?>
<testsuite xmlns:xsi="http://www.w3.org/2001/XMLSchema-instance" xsi:noNamespaceSchemaLocation="https://maven.apache.org/surefire/maven-surefire-plugin/xsd/surefire-test-report.xsd" version="3.0.2" name="com.gs.LoanServiceTests" time="3.895" tests="1" errors="1" skipped="0" failures="0">
  <properties>
    <property name="java.specification.version" value="21"/>
    <property name="sun.jnu.encoding" value="UTF-8"/>
    <property name="java.class.path" value="/workspaces/loan-processing-platform/loan-service/target/test-classes:/workspaces/loan-processing-platform/loan-service/target/classes:/home/codespace/.m2/repository/org/projectlombok/lombok/1.18.38/lombok-1.18.38.jar:/home/codespace/.m2/repository/org/springframework/cloud/spring-cloud-starter-openfeign/4.3.0/spring-cloud-starter-openfeign-4.3.0.jar:/home/codespace/.m2/repository/org/springframework/cloud/spring-cloud-starter/4.3.0/spring-cloud-starter-4.3.0.jar:/home/codespace/.m2/repository/org/springframework/cloud/spring-cloud-context/4.3.0/spring-cloud-context-4.3.0.jar:/home/codespace/.m2/repository/org/bouncycastle/bcprov-jdk18on/1.80/bcprov-jdk18on-1.80.jar:/home/codespace/.m2/repository/org/springframework/cloud/spring-cloud-openfeign-core/4.3.0/spring-cloud-openfeign-core-4.3.0.jar:/home/codespace/.m2/repository/org/springframework/boot/spring-boot-autoconfigure/3.5.3/spring-boot-autoconfigure-3.5.3.jar:/home/codespace/.m2/repository/io/github/openfeign/feign-form-spring/13.6/feign-form-spring-13.6.jar:/home/codespace/.m2/repository/org/apache/commons/commons-text/1.13.0/commons-text-1.13.0.jar:/home/codespace/.m2/repository/org/apache/commons/commons-lang3/3.17.0/commons-lang3-3.17.0.jar:/home/codespace/.m2/repository/io/github/openfeign/feign-form/13.6/feign-form-13.6.jar:/home/codespace/.m2/repository/commons-fileupload/commons-fileupload/1.5/commons-fileupload-1.5.jar:/home/codespace/.m2/repository/org/springframework/spring-web/6.2.8/spring-web-6.2.8.jar:/home/codespace/.m2/repository/org/springframework/spring-beans/6.2.8/spring-beans-6.2.8.jar:/home/codespace/.m2/repository/org/springframework/cloud/spring-cloud-commons/4.3.0/spring-cloud-commons-4.3.0.jar:/home/codespace/.m2/repository/org/springframework/security/spring-security-crypto/6.5.1/spring-security-crypto-6.5.1.jar:/home/codespace/.m2/repository/io/github/openfeign/feign-core/13.6/feign-core-13.6.jar:/home/codespace/.m2/repository/io/github/openfeign/feign-slf4j/13.6/feign-slf4j-13.6.jar:/home/codespace/.m2/repository/org/slf4j/slf4j-api/2.0.17/slf4j-api-2.0.17.jar:/home/codespace/.m2/repository/org/springframework/boot/spring-boot-starter-data-jpa/3.5.3/spring-boot-starter-data-jpa-3.5.3.jar:/home/codespace/.m2/repository/org/springframework/boot/spring-boot-starter/3.5.3/spring-boot-starter-3.5.3.jar:/home/codespace/.m2/repository/org/springframework/boot/spring-boot/3.5.3/spring-boot-3.5.3.jar:/home/codespace/.m2/repository/org/springframework/boot/spring-boot-starter-logging/3.5.3/spring-boot-starter-logging-3.5.3.jar:/home/codespace/.m2/repository/ch/qos/logback/logback-classic/1.5.18/logback-classic-1.5.18.jar:/home/codespace/.m2/repository/ch/qos/logback/logback-core/1.5.18/logback-core-1.5.18.jar:/home/codespace/.m2/repository/org/apache/logging/log4j/log4j-to-slf4j/2.24.3/log4j-to-slf4j-2.24.3.jar:/home/codespace/.m2/repository/org/apache/logging/log4j/log4j-api/2.24.3/log4j-api-2.24.3.jar:/home/codespace/.m2/repository/org/slf4j/jul-to-slf4j/2.0.17/jul-to-slf4j-2.0.17.jar:/home/codespace/.m2/repository/jakarta/annotation/jakarta.annotation-api/2.1.1/jakarta.annotation-api-2.1.1.jar:/home/codespace/.m2/repository/org/yaml/snakeyaml/2.4/snakeyaml-2.4.jar:/home/codespace/.m2/repository/org/springframework/boot/spring-boot-starter-jdbc/3.5.3/spring-boot-starter-jdbc-3.5.3.jar:/home/codespace/.m2/repository/com/zaxxer/HikariCP/6.3.0/HikariCP-6.3.0.jar:/home/codespace/.m2/repository/org/springframework/spring-jdbc/6.2.8/spring-jdbc-6.2.8.jar:/home/codespace/.m2/repository/org/hibernate/orm/hibernate-core/6.6.18.Final/hibernate-core-6.6.18.Final.jar:/home/codespace/.m2/repository/jakarta/persistence/jakarta.persistence-api/3.1.0/jakarta.persistence-api-3.1.0.jar:/home/codespace/.m2/repository/jakarta/transaction/jakarta.transaction-api/2.0.1/jakarta.transaction-api-2.0.1.jar:/home/codespace/.m2/repository/org/jboss/logging/jboss-logging/3.6.1.Final/jboss-logging-3.6.1.Final.jar:/home/codespace/.m2/repository/org/hibernate/common/hibernate-commons-annotations/7.0.3.Final/hibernate-commons-annotations-7.0.3.Final.jar:/home/codespace/.m2/repository/io/smallrye/jandex/3.2.0/jandex-3.2.0.jar:/home/codespace/.m2/repository/com/fasterxml/classmate/1.7.0/classmate-1.7.0.jar:/home/codespace/.m2/repository/net/bytebuddy/byte-buddy/1.17.6/byte-buddy-1.17.6.jar:/home/codespace/.m2/repository/org/glassfish/jaxb/jaxb-runtime/4.0.5/jaxb-runtime-4.0.5.jar:/home/codespace/.m2/repository/org/glassfish/jaxb/jaxb-core/4.0.5/jaxb-core-4.0.5.jar:/home/codespace/.m2/repository/org/eclipse/angus/angus-activation/2.0.2/angus-activation-2.0.2.jar:/home/codespace/.m2/repository/org/glassfish/jaxb/txw2/4.0.5/txw2-4.0.5.jar:/home/codespace/.m2/repository/com/sun/istack/istack-commons-runtime/4.1.2/istack-commons-runtime-4.1.2.jar:/home/codespace/.m2/repository/jakarta/inject/jakarta.inject-api/2.0.1/jakarta.inject-api-2.0.1.jar:/home/codespace/.m2/repository/org/antlr/antlr4-runtime/4.13.0/antlr4-runtime-4.13.0.jar:/home/codespace/.m2/repository/org/springframework/data/spring-data-jpa/3.5.1/spring-data-jpa-3.5.1.jar:/home/codespace/.m2/repository/org/springframework/data/spring-data-commons/3.5.1/spring-data-commons-3.5.1.jar:/home/codespace/.m2/repository/org/springframework/spring-orm/6.2.8/spring-orm-6.2.8.jar:/home/codespace/.m2/repository/org/springframework/spring-aspects/6.2.8/spring-aspects-6.2.8.jar:/home/codespace/.m2/repository/org/aspectj/aspectjweaver/1.9.24/aspectjweaver-1.9.24.jar:/home/codespace/.m2/repository/com/mysql/mysql-connector-j/9.2.0/mysql-connector-j-9.2.0.jar:/home/codespace/.m2/repository/org/springframework/boot/spring-boot-starter-security/3.5.3/spring-boot-starter-security-3.5.3.jar:/home/codespace/.m2/repository/org/springframework/spring-aop/6.2.8/spring-aop-6.2.8.jar:/home/codespace/.m2/repository/org/springframework/security/spring-security-config/6.5.1/spring-security-config-6.5.1.jar:/home/codespace/.m2/repository/org/springframework/security/spring-security-core/6.5.1/spring-security-core-6.5.1.jar:/home/codespace/.m2/repository/org/springframework/security/spring-security-web/6.5.1/spring-security-web-6.5.1.jar:/home/codespace/.m2/repository/org/springframework/spring-expression/6.2.8/spring-expression-6.2.8.jar:/home/codespace/.m2/repository/org/springframework/kafka/spring-kafka/3.3.7/spring-kafka-3.3.7.jar:/home/codespace/.m2/repository/org/springframework/spring-context/6.2.8/spring-context-6.2.8.jar:/home/codespace/.m2/repository/org/springframework/spring-messaging/6.2.8/spring-messaging-6.2.8.jar:/home/codespace/.m2/repository/org/springframework/spring-tx/6.2.8/spring-tx-6.2.8.jar:/home/codespace/.m2/repository/org/springframework/retry/spring-retry/2.0.12/spring-retry-2.0.12.jar:/home/codespace/.m2/repository/org/apache/kafka/kafka-clients/3.9.1/kafka-clients-3.9.1.jar:/home/codespace/.m2/repository/com/github/luben/zstd-jni/1.5.6-4/zstd-jni-1.5.6-4.jar:/home/codespace/.m2/repository/org/lz4/lz4-java/1.8.0/lz4-java-1.8.0.jar:/home/codespace/.m2/repository/org/xerial/snappy/snappy-java/1.1.10.5/snappy-java-1.1.10.5.jar:/home/codespace/.m2/repository/io/micrometer/micrometer-observation/1.15.1/micrometer-observation-1.15.1.jar:/home/codespace/.m2/repository/io/micrometer/micrometer-commons/1.15.1/micrometer-commons-1.15.1.jar:/home/codespace/.m2/repository/org/springframework/boot/spring-boot-starter-web/3.5.3/spring-boot-starter-web-3.5.3.jar:/home/codespace/.m2/repository/org/springframework/boot/spring-boot-starter-json/3.5.3/spring-boot-starter-json-3.5.3.jar:/home/codespace/.m2/repository/com/fasterxml/jackson/core/jackson-databind/2.19.1/jackson-databind-2.19.1.jar:/home/codespace/.m2/repository/com/fasterxml/jackson/datatype/jackson-datatype-jdk8/2.19.1/jackson-datatype-jdk8-2.19.1.jar:/home/codespace/.m2/repository/com/fasterxml/jackson/datatype/jackson-datatype-jsr310/2.19.1/jackson-datatype-jsr310-2.19.1.jar:/home/codespace/.m2/repository/com/fasterxml/jackson/module/jackson-module-parameter-names/2.19.1/jackson-module-parameter-names-2.19.1.jar:/home/codespace/.m2/repository/org/springframework/boot/spring-boot-starter-tomcat/3.5.3/spring-boot-starter-tomcat-3.5.3.jar:/home/codespace/.m2/repository/org/apache/tomcat/embed/tomcat-embed-core/10.1.42/tomcat-embed-core-10.1.42.jar:/home/codespace/.m2/repository/org/apache/tomcat/embed/tomcat-embed-el/10.1.42/tomcat-embed-el-10.1.42.jar:/home/codespace/.m2/repository/org/apache/tomcat/embed/tomcat-embed-websocket/10.1.42/tomcat-embed-websocket-10.1.42.jar:/home/codespace/.m2/repository/org/springframework/spring-webmvc/6.2.8/spring-webmvc-6.2.8.jar:/home/codespace/.m2/repository/org/springframework/cloud/spring-cloud-starter-netflix-eureka-client/4.3.0/spring-cloud-starter-netflix-eureka-client-4.3.0.jar:/home/codespace/.m2/repository/org/springframework/cloud/spring-cloud-netflix-eureka-client/4.3.0/spring-cloud-netflix-eureka-client-4.3.0.jar:/home/codespace/.m2/repository/org/apache/httpcomponents/client5/httpclient5/5.5/httpclient5-5.5.jar:/home/codespace/.m2/repository/org/apache/httpcomponents/core5/httpcore5/5.3.4/httpcore5-5.3.4.jar:/home/codespace/.m2/repository/org/apache/httpcomponents/core5/httpcore5-h2/5.3.4/httpcore5-h2-5.3.4.jar:/home/codespace/.m2/repository/com/netflix/eureka/eureka-client/2.0.4/eureka-client-2.0.4.jar:/home/codespace/.m2/repository/com/thoughtworks/xstream/xstream/1.4.20/xstream-1.4.20.jar:/home/codespace/.m2/repository/io/github/x-stream/mxparser/1.2.2/mxparser-1.2.2.jar:/home/codespace/.m2/repository/xmlpull/xmlpull/1.1.3.1/xmlpull-1.1.3.1.jar:/home/codespace/.m2/repository/jakarta/ws/rs/jakarta.ws.rs-api/3.1.0/jakarta.ws.rs-api-3.1.0.jar:/home/codespace/.m2/repository/com/netflix/spectator/spectator-api/1.7.3/spectator-api-1.7.3.jar:/home/codespace/.m2/repository/org/apache/httpcomponents/httpclient/4.5.3/httpclient-4.5.3.jar:/home/codespace/.m2/repository/org/apache/httpcomponents/httpcore/4.4.16/httpcore-4.4.16.jar:/home/codespace/.m2/repository/commons-codec/commons-codec/1.18.0/commons-codec-1.18.0.jar:/home/codespace/.m2/repository/commons-configuration/commons-configuration/1.10/commons-configuration-1.10.jar:/home/codespace/.m2/repository/commons-lang/commons-lang/2.6/commons-lang-2.6.jar:/home/codespace/.m2/repository/com/fasterxml/jackson/core/jackson-annotations/2.19.1/jackson-annotations-2.19.1.jar:/home/codespace/.m2/repository/com/fasterxml/jackson/core/jackson-core/2.19.1/jackson-core-2.19.1.jar:/home/codespace/.m2/repository/com/netflix/netflix-commons/netflix-eventbus/0.3.0/netflix-eventbus-0.3.0.jar:/home/codespace/.m2/repository/com/netflix/netflix-commons/netflix-infix/0.3.0/netflix-infix-0.3.0.jar:/home/codespace/.m2/repository/commons-jxpath/commons-jxpath/1.3/commons-jxpath-1.3.jar:/home/codespace/.m2/repository/joda-time/joda-time/2.3/joda-time-2.3.jar:/home/codespace/.m2/repository/org/antlr/antlr-runtime/3.4/antlr-runtime-3.4.jar:/home/codespace/.m2/repository/org/antlr/stringtemplate/3.2.1/stringtemplate-3.2.1.jar:/home/codespace/.m2/repository/antlr/antlr/2.7.7/antlr-2.7.7.jar:/home/codespace/.m2/repository/com/google/guava/guava/14.0.1/guava-14.0.1.jar:/home/codespace/.m2/repository/com/google/code/gson/gson/2.13.1/gson-2.13.1.jar:/home/codespace/.m2/repository/com/google/errorprone/error_prone_annotations/2.38.0/error_prone_annotations-2.38.0.jar:/home/codespace/.m2/repository/com/netflix/servo/servo-core/0.5.3/servo-core-0.5.3.jar:/home/codespace/.m2/repository/org/apache/commons/commons-math/2.2/commons-math-2.2.jar:/home/codespace/.m2/repository/javax/annotation/javax.annotation-api/1.2/javax.annotation-api-1.2.jar:/home/codespace/.m2/repository/org/codehaus/jettison/jettison/1.5.4/jettison-1.5.4.jar:/home/codespace/.m2/repository/org/springframework/cloud/spring-cloud-starter-loadbalancer/4.3.0/spring-cloud-starter-loadbalancer-4.3.0.jar:/home/codespace/.m2/repository/org/springframework/cloud/spring-cloud-loadbalancer/4.3.0/spring-cloud-loadbalancer-4.3.0.jar:/home/codespace/.m2/repository/io/projectreactor/reactor-core/3.7.7/reactor-core-3.7.7.jar:/home/codespace/.m2/repository/org/reactivestreams/reactive-streams/1.0.4/reactive-streams-1.0.4.jar:/home/codespace/.m2/repository/io/projectreactor/addons/reactor-extra/3.5.2/reactor-extra-3.5.2.jar:/home/codespace/.m2/repository/org/springframework/boot/spring-boot-starter-cache/3.5.3/spring-boot-starter-cache-3.5.3.jar:/home/codespace/.m2/repository/org/springframework/spring-context-support/6.2.8/spring-context-support-6.2.8.jar:/home/codespace/.m2/repository/com/stoyanr/evictor/1.0.0/evictor-1.0.0.jar:/home/codespace/.m2/repository/org/springframework/boot/spring-boot-starter-test/3.5.3/spring-boot-starter-test-3.5.3.jar:/home/codespace/.m2/repository/org/springframework/boot/spring-boot-test/3.5.3/spring-boot-test-3.5.3.jar:/home/codespace/.m2/repository/org/springframework/boot/spring-boot-test-autoconfigure/3.5.3/spring-boot-test-autoconfigure-3.5.3.jar:/home/codespace/.m2/repository/com/jayway/jsonpath/json-path/2.9.0/json-path-2.9.0.jar:/home/codespace/.m2/repository/jakarta/xml/bind/jakarta.xml.bind-api/4.0.2/jakarta.xml.bind-api-4.0.2.jar:/home/codespace/.m2/repository/jakarta/activation/jakarta.activation-api/2.1.3/jakarta.activation-api-2.1.3.jar:/home/codespace/.m2/repository/net/minidev/json-smart/2.5.2/json-smart-2.5.2.jar:/home/codespace/.m2/repository/net/minidev/accessors-smart/2.5.2/accessors-smart-2.5.2.jar:/home/codespace/.m2/repository/org/ow2/asm/asm/9.7.1/asm-9.7.1.jar:/home/codespace/.m2/repository/org/assertj/assertj-core/3.27.3/assertj-core-3.27.3.jar:/home/codespace/.m2/repository/org/awaitility/awaitility/4.2.2/awaitility-4.2.2.jar:/home/codespace/.m2/repository/org/hamcrest/hamcrest/3.0/hamcrest-3.0.jar:/home/codespace/.m2/repository/org/junit/jupiter/junit-jupiter/5.12.2/junit-jupiter-5.12.2.jar:/home/codespace/.m2/repository/org/junit/jupiter/junit-jupiter-api/5.12.2/junit-jupiter-api-5.12.2.jar:/home/codespace/.m2/repository/org/opentest4j/opentest4j/1.3.0/opentest4j-1.3.0.jar:/home/codespace/.m2/repository/org/junit/platform/junit-platform-commons/1.12.2/junit-platform-commons-1.12.2.jar:/home/codespace/.m2/repository/org/apiguardian/apiguardian-api/1.1.2/apiguardian-api-1.1.2.jar:/home/codespace/.m2/repository/org/junit/jupiter/junit-jupiter-params/5.12.2/junit-jupiter-params-5.12.2.jar:/home/codespace/.m2/repository/org/junit/jupiter/junit-jupiter-engine/5.12.2/junit-jupiter-engine-5.12.2.jar:/home/codespace/.m2/repository/org/junit/platform/junit-platform-engine/1.12.2/junit-platform-engine-1.12.2.jar:/home/codespace/.m2/repository/org/mockito/mockito-core/5.17.0/mockito-core-5.17.0.jar:/home/codespace/.m2/repository/net/bytebuddy/byte-buddy-agent/1.17.6/byte-buddy-agent-1.17.6.jar:/home/codespace/.m2/repository/org/objenesis/objenesis/3.3/objenesis-3.3.jar:/home/codespace/.m2/repository/org/mockito/mockito-junit-jupiter/5.17.0/mockito-junit-jupiter-5.17.0.jar:/home/codespace/.m2/repository/org/skyscreamer/jsonassert/1.5.3/jsonassert-1.5.3.jar:/home/codespace/.m2/repository/com/vaadin/external/google/android-json/0.0.20131108.vaadin1/android-json-0.0.20131108.vaadin1.jar:/home/codespace/.m2/repository/org/springframework/spring-core/6.2.8/spring-core-6.2.8.jar:/home/codespace/.m2/repository/org/springframework/spring-jcl/6.2.8/spring-jcl-6.2.8.jar:/home/codespace/.m2/repository/org/springframework/spring-test/6.2.8/spring-test-6.2.8.jar:/home/codespace/.m2/repository/org/xmlunit/xmlunit-core/2.10.2/xmlunit-core-2.10.2.jar:"/>
    <property name="java.vm.vendor" value="Microsoft"/>
    <property name="sun.arch.data.model" value="64"/>
    <property name="java.vendor.url" value="https://www.microsoft.com"/>
    <property name="user.timezone" value="Etc/UTC"/>
    <property name="org.jboss.logging.provider" value="slf4j"/>
    <property name="os.name" value="Linux"/>
    <property name="java.vm.specification.version" value="21"/>
    <property name="APPLICATION_NAME" value="loan-service"/>
    <property name="sun.java.launcher" value="SUN_STANDARD"/>
    <property name="sun.boot.library.path" value="/usr/local/sdkman/candidates/java/21.0.7-ms/lib"/>
    <property name="sun.java.command" value="/workspaces/loan-processing-platform/loan-service/target/surefire/surefirebooter-20250716171123987_3.jar /workspaces/loan-processing-platform/loan-service/target/surefire 2025-07-16T17-11-23_874-jvmRun1 surefire-20250716171123987_1tmp surefire_0-20250716171123987_2tmp"/>
    <property name="jdk.debug" value="release"/>
    <property name="surefire.test.class.path" value="/workspaces/loan-processing-platform/loan-service/target/test-classes:/workspaces/loan-processing-platform/loan-service/target/classes:/home/codespace/.m2/repository/org/projectlombok/lombok/1.18.38/lombok-1.18.38.jar:/home/codespace/.m2/repository/org/springframework/cloud/spring-cloud-starter-openfeign/4.3.0/spring-cloud-starter-openfeign-4.3.0.jar:/home/codespace/.m2/repository/org/springframework/cloud/spring-cloud-starter/4.3.0/spring-cloud-starter-4.3.0.jar:/home/codespace/.m2/repository/org/springframework/cloud/spring-cloud-context/4.3.0/spring-cloud-context-4.3.0.jar:/home/codespace/.m2/repository/org/bouncycastle/bcprov-jdk18on/1.80/bcprov-jdk18on-1.80.jar:/home/codespace/.m2/repository/org/springframework/cloud/spring-cloud-openfeign-core/4.3.0/spring-cloud-openfeign-core-4.3.0.jar:/home/codespace/.m2/repository/org/springframework/boot/spring-boot-autoconfigure/3.5.3/spring-boot-autoconfigure-3.5.3.jar:/home/codespace/.m2/repository/io/github/openfeign/feign-form-spring/13.6/feign-form-spring-13.6.jar:/home/codespace/.m2/repository/org/apache/commons/commons-text/1.13.0/commons-text-1.13.0.jar:/home/codespace/.m2/repository/org/apache/commons/commons-lang3/3.17.0/commons-lang3-3.17.0.jar:/home/codespace/.m2/repository/io/github/openfeign/feign-form/13.6/feign-form-13.6.jar:/home/codespace/.m2/repository/commons-fileupload/commons-fileupload/1.5/commons-fileupload-1.5.jar:/home/codespace/.m2/repository/org/springframework/spring-web/6.2.8/spring-web-6.2.8.jar:/home/codespace/.m2/repository/org/springframework/spring-beans/6.2.8/spring-beans-6.2.8.jar:/home/codespace/.m2/repository/org/springframework/cloud/spring-cloud-commons/4.3.0/spring-cloud-commons-4.3.0.jar:/home/codespace/.m2/repository/org/springframework/security/spring-security-crypto/6.5.1/spring-security-crypto-6.5.1.jar:/home/codespace/.m2/repository/io/github/openfeign/feign-core/13.6/feign-core-13.6.jar:/home/codespace/.m2/repository/io/github/openfeign/feign-slf4j/13.6/feign-slf4j-13.6.jar:/home/codespace/.m2/repository/org/slf4j/slf4j-api/2.0.17/slf4j-api-2.0.17.jar:/home/codespace/.m2/repository/org/springframework/boot/spring-boot-starter-data-jpa/3.5.3/spring-boot-starter-data-jpa-3.5.3.jar:/home/codespace/.m2/repository/org/springframework/boot/spring-boot-starter/3.5.3/spring-boot-starter-3.5.3.jar:/home/codespace/.m2/repository/org/springframework/boot/spring-boot/3.5.3/spring-boot-3.5.3.jar:/home/codespace/.m2/repository/org/springframework/boot/spring-boot-starter-logging/3.5.3/spring-boot-starter-logging-3.5.3.jar:/home/codespace/.m2/repository/ch/qos/logback/logback-classic/1.5.18/logback-classic-1.5.18.jar:/home/codespace/.m2/repository/ch/qos/logback/logback-core/1.5.18/logback-core-1.5.18.jar:/home/codespace/.m2/repository/org/apache/logging/log4j/log4j-to-slf4j/2.24.3/log4j-to-slf4j-2.24.3.jar:/home/codespace/.m2/repository/org/apache/logging/log4j/log4j-api/2.24.3/log4j-api-2.24.3.jar:/home/codespace/.m2/repository/org/slf4j/jul-to-slf4j/2.0.17/jul-to-slf4j-2.0.17.jar:/home/codespace/.m2/repository/jakarta/annotation/jakarta.annotation-api/2.1.1/jakarta.annotation-api-2.1.1.jar:/home/codespace/.m2/repository/org/yaml/snakeyaml/2.4/snakeyaml-2.4.jar:/home/codespace/.m2/repository/org/springframework/boot/spring-boot-starter-jdbc/3.5.3/spring-boot-starter-jdbc-3.5.3.jar:/home/codespace/.m2/repository/com/zaxxer/HikariCP/6.3.0/HikariCP-6.3.0.jar:/home/codespace/.m2/repository/org/springframework/spring-jdbc/6.2.8/spring-jdbc-6.2.8.jar:/home/codespace/.m2/repository/org/hibernate/orm/hibernate-core/6.6.18.Final/hibernate-core-6.6.18.Final.jar:/home/codespace/.m2/repository/jakarta/persistence/jakarta.persistence-api/3.1.0/jakarta.persistence-api-3.1.0.jar:/home/codespace/.m2/repository/jakarta/transaction/jakarta.transaction-api/2.0.1/jakarta.transaction-api-2.0.1.jar:/home/codespace/.m2/repository/org/jboss/logging/jboss-logging/3.6.1.Final/jboss-logging-3.6.1.Final.jar:/home/codespace/.m2/repository/org/hibernate/common/hibernate-commons-annotations/7.0.3.Final/hibernate-commons-annotations-7.0.3.Final.jar:/home/codespace/.m2/repository/io/smallrye/jandex/3.2.0/jandex-3.2.0.jar:/home/codespace/.m2/repository/com/fasterxml/classmate/1.7.0/classmate-1.7.0.jar:/home/codespace/.m2/repository/net/bytebuddy/byte-buddy/1.17.6/byte-buddy-1.17.6.jar:/home/codespace/.m2/repository/org/glassfish/jaxb/jaxb-runtime/4.0.5/jaxb-runtime-4.0.5.jar:/home/codespace/.m2/repository/org/glassfish/jaxb/jaxb-core/4.0.5/jaxb-core-4.0.5.jar:/home/codespace/.m2/repository/org/eclipse/angus/angus-activation/2.0.2/angus-activation-2.0.2.jar:/home/codespace/.m2/repository/org/glassfish/jaxb/txw2/4.0.5/txw2-4.0.5.jar:/home/codespace/.m2/repository/com/sun/istack/istack-commons-runtime/4.1.2/istack-commons-runtime-4.1.2.jar:/home/codespace/.m2/repository/jakarta/inject/jakarta.inject-api/2.0.1/jakarta.inject-api-2.0.1.jar:/home/codespace/.m2/repository/org/antlr/antlr4-runtime/4.13.0/antlr4-runtime-4.13.0.jar:/home/codespace/.m2/repository/org/springframework/data/spring-data-jpa/3.5.1/spring-data-jpa-3.5.1.jar:/home/codespace/.m2/repository/org/springframework/data/spring-data-commons/3.5.1/spring-data-commons-3.5.1.jar:/home/codespace/.m2/repository/org/springframework/spring-orm/6.2.8/spring-orm-6.2.8.jar:/home/codespace/.m2/repository/org/springframework/spring-aspects/6.2.8/spring-aspects-6.2.8.jar:/home/codespace/.m2/repository/org/aspectj/aspectjweaver/1.9.24/aspectjweaver-1.9.24.jar:/home/codespace/.m2/repository/com/mysql/mysql-connector-j/9.2.0/mysql-connector-j-9.2.0.jar:/home/codespace/.m2/repository/org/springframework/boot/spring-boot-starter-security/3.5.3/spring-boot-starter-security-3.5.3.jar:/home/codespace/.m2/repository/org/springframework/spring-aop/6.2.8/spring-aop-6.2.8.jar:/home/codespace/.m2/repository/org/springframework/security/spring-security-config/6.5.1/spring-security-config-6.5.1.jar:/home/codespace/.m2/repository/org/springframework/security/spring-security-core/6.5.1/spring-security-core-6.5.1.jar:/home/codespace/.m2/repository/org/springframework/security/spring-security-web/6.5.1/spring-security-web-6.5.1.jar:/home/codespace/.m2/repository/org/springframework/spring-expression/6.2.8/spring-expression-6.2.8.jar:/home/codespace/.m2/repository/org/springframework/kafka/spring-kafka/3.3.7/spring-kafka-3.3.7.jar:/home/codespace/.m2/repository/org/springframework/spring-context/6.2.8/spring-context-6.2.8.jar:/home/codespace/.m2/repository/org/springframework/spring-messaging/6.2.8/spring-messaging-6.2.8.jar:/home/codespace/.m2/repository/org/springframework/spring-tx/6.2.8/spring-tx-6.2.8.jar:/home/codespace/.m2/repository/org/springframework/retry/spring-retry/2.0.12/spring-retry-2.0.12.jar:/home/codespace/.m2/repository/org/apache/kafka/kafka-clients/3.9.1/kafka-clients-3.9.1.jar:/home/codespace/.m2/repository/com/github/luben/zstd-jni/1.5.6-4/zstd-jni-1.5.6-4.jar:/home/codespace/.m2/repository/org/lz4/lz4-java/1.8.0/lz4-java-1.8.0.jar:/home/codespace/.m2/repository/org/xerial/snappy/snappy-java/1.1.10.5/snappy-java-1.1.10.5.jar:/home/codespace/.m2/repository/io/micrometer/micrometer-observation/1.15.1/micrometer-observation-1.15.1.jar:/home/codespace/.m2/repository/io/micrometer/micrometer-commons/1.15.1/micrometer-commons-1.15.1.jar:/home/codespace/.m2/repository/org/springframework/boot/spring-boot-starter-web/3.5.3/spring-boot-starter-web-3.5.3.jar:/home/codespace/.m2/repository/org/springframework/boot/spring-boot-starter-json/3.5.3/spring-boot-starter-json-3.5.3.jar:/home/codespace/.m2/repository/com/fasterxml/jackson/core/jackson-databind/2.19.1/jackson-databind-2.19.1.jar:/home/codespace/.m2/repository/com/fasterxml/jackson/datatype/jackson-datatype-jdk8/2.19.1/jackson-datatype-jdk8-2.19.1.jar:/home/codespace/.m2/repository/com/fasterxml/jackson/datatype/jackson-datatype-jsr310/2.19.1/jackson-datatype-jsr310-2.19.1.jar:/home/codespace/.m2/repository/com/fasterxml/jackson/module/jackson-module-parameter-names/2.19.1/jackson-module-parameter-names-2.19.1.jar:/home/codespace/.m2/repository/org/springframework/boot/spring-boot-starter-tomcat/3.5.3/spring-boot-starter-tomcat-3.5.3.jar:/home/codespace/.m2/repository/org/apache/tomcat/embed/tomcat-embed-core/10.1.42/tomcat-embed-core-10.1.42.jar:/home/codespace/.m2/repository/org/apache/tomcat/embed/tomcat-embed-el/10.1.42/tomcat-embed-el-10.1.42.jar:/home/codespace/.m2/repository/org/apache/tomcat/embed/tomcat-embed-websocket/10.1.42/tomcat-embed-websocket-10.1.42.jar:/home/codespace/.m2/repository/org/springframework/spring-webmvc/6.2.8/spring-webmvc-6.2.8.jar:/home/codespace/.m2/repository/org/springframework/cloud/spring-cloud-starter-netflix-eureka-client/4.3.0/spring-cloud-starter-netflix-eureka-client-4.3.0.jar:/home/codespace/.m2/repository/org/springframework/cloud/spring-cloud-netflix-eureka-client/4.3.0/spring-cloud-netflix-eureka-client-4.3.0.jar:/home/codespace/.m2/repository/org/apache/httpcomponents/client5/httpclient5/5.5/httpclient5-5.5.jar:/home/codespace/.m2/repository/org/apache/httpcomponents/core5/httpcore5/5.3.4/httpcore5-5.3.4.jar:/home/codespace/.m2/repository/org/apache/httpcomponents/core5/httpcore5-h2/5.3.4/httpcore5-h2-5.3.4.jar:/home/codespace/.m2/repository/com/netflix/eureka/eureka-client/2.0.4/eureka-client-2.0.4.jar:/home/codespace/.m2/repository/com/thoughtworks/xstream/xstream/1.4.20/xstream-1.4.20.jar:/home/codespace/.m2/repository/io/github/x-stream/mxparser/1.2.2/mxparser-1.2.2.jar:/home/codespace/.m2/repository/xmlpull/xmlpull/1.1.3.1/xmlpull-1.1.3.1.jar:/home/codespace/.m2/repository/jakarta/ws/rs/jakarta.ws.rs-api/3.1.0/jakarta.ws.rs-api-3.1.0.jar:/home/codespace/.m2/repository/com/netflix/spectator/spectator-api/1.7.3/spectator-api-1.7.3.jar:/home/codespace/.m2/repository/org/apache/httpcomponents/httpclient/4.5.3/httpclient-4.5.3.jar:/home/codespace/.m2/repository/org/apache/httpcomponents/httpcore/4.4.16/httpcore-4.4.16.jar:/home/codespace/.m2/repository/commons-codec/commons-codec/1.18.0/commons-codec-1.18.0.jar:/home/codespace/.m2/repository/commons-configuration/commons-configuration/1.10/commons-configuration-1.10.jar:/home/codespace/.m2/repository/commons-lang/commons-lang/2.6/commons-lang-2.6.jar:/home/codespace/.m2/repository/com/fasterxml/jackson/core/jackson-annotations/2.19.1/jackson-annotations-2.19.1.jar:/home/codespace/.m2/repository/com/fasterxml/jackson/core/jackson-core/2.19.1/jackson-core-2.19.1.jar:/home/codespace/.m2/repository/com/netflix/netflix-commons/netflix-eventbus/0.3.0/netflix-eventbus-0.3.0.jar:/home/codespace/.m2/repository/com/netflix/netflix-commons/netflix-infix/0.3.0/netflix-infix-0.3.0.jar:/home/codespace/.m2/repository/commons-jxpath/commons-jxpath/1.3/commons-jxpath-1.3.jar:/home/codespace/.m2/repository/joda-time/joda-time/2.3/joda-time-2.3.jar:/home/codespace/.m2/repository/org/antlr/antlr-runtime/3.4/antlr-runtime-3.4.jar:/home/codespace/.m2/repository/org/antlr/stringtemplate/3.2.1/stringtemplate-3.2.1.jar:/home/codespace/.m2/repository/antlr/antlr/2.7.7/antlr-2.7.7.jar:/home/codespace/.m2/repository/com/google/guava/guava/14.0.1/guava-14.0.1.jar:/home/codespace/.m2/repository/com/google/code/gson/gson/2.13.1/gson-2.13.1.jar:/home/codespace/.m2/repository/com/google/errorprone/error_prone_annotations/2.38.0/error_prone_annotations-2.38.0.jar:/home/codespace/.m2/repository/com/netflix/servo/servo-core/0.5.3/servo-core-0.5.3.jar:/home/codespace/.m2/repository/org/apache/commons/commons-math/2.2/commons-math-2.2.jar:/home/codespace/.m2/repository/javax/annotation/javax.annotation-api/1.2/javax.annotation-api-1.2.jar:/home/codespace/.m2/repository/org/codehaus/jettison/jettison/1.5.4/jettison-1.5.4.jar:/home/codespace/.m2/repository/org/springframework/cloud/spring-cloud-starter-loadbalancer/4.3.0/spring-cloud-starter-loadbalancer-4.3.0.jar:/home/codespace/.m2/repository/org/springframework/cloud/spring-cloud-loadbalancer/4.3.0/spring-cloud-loadbalancer-4.3.0.jar:/home/codespace/.m2/repository/io/projectreactor/reactor-core/3.7.7/reactor-core-3.7.7.jar:/home/codespace/.m2/repository/org/reactivestreams/reactive-streams/1.0.4/reactive-streams-1.0.4.jar:/home/codespace/.m2/repository/io/projectreactor/addons/reactor-extra/3.5.2/reactor-extra-3.5.2.jar:/home/codespace/.m2/repository/org/springframework/boot/spring-boot-starter-cache/3.5.3/spring-boot-starter-cache-3.5.3.jar:/home/codespace/.m2/repository/org/springframework/spring-context-support/6.2.8/spring-context-support-6.2.8.jar:/home/codespace/.m2/repository/com/stoyanr/evictor/1.0.0/evictor-1.0.0.jar:/home/codespace/.m2/repository/org/springframework/boot/spring-boot-starter-test/3.5.3/spring-boot-starter-test-3.5.3.jar:/home/codespace/.m2/repository/org/springframework/boot/spring-boot-test/3.5.3/spring-boot-test-3.5.3.jar:/home/codespace/.m2/repository/org/springframework/boot/spring-boot-test-autoconfigure/3.5.3/spring-boot-test-autoconfigure-3.5.3.jar:/home/codespace/.m2/repository/com/jayway/jsonpath/json-path/2.9.0/json-path-2.9.0.jar:/home/codespace/.m2/repository/jakarta/xml/bind/jakarta.xml.bind-api/4.0.2/jakarta.xml.bind-api-4.0.2.jar:/home/codespace/.m2/repository/jakarta/activation/jakarta.activation-api/2.1.3/jakarta.activation-api-2.1.3.jar:/home/codespace/.m2/repository/net/minidev/json-smart/2.5.2/json-smart-2.5.2.jar:/home/codespace/.m2/repository/net/minidev/accessors-smart/2.5.2/accessors-smart-2.5.2.jar:/home/codespace/.m2/repository/org/ow2/asm/asm/9.7.1/asm-9.7.1.jar:/home/codespace/.m2/repository/org/assertj/assertj-core/3.27.3/assertj-core-3.27.3.jar:/home/codespace/.m2/repository/org/awaitility/awaitility/4.2.2/awaitility-4.2.2.jar:/home/codespace/.m2/repository/org/hamcrest/hamcrest/3.0/hamcrest-3.0.jar:/home/codespace/.m2/repository/org/junit/jupiter/junit-jupiter/5.12.2/junit-jupiter-5.12.2.jar:/home/codespace/.m2/repository/org/junit/jupiter/junit-jupiter-api/5.12.2/junit-jupiter-api-5.12.2.jar:/home/codespace/.m2/repository/org/opentest4j/opentest4j/1.3.0/opentest4j-1.3.0.jar:/home/codespace/.m2/repository/org/junit/platform/junit-platform-commons/1.12.2/junit-platform-commons-1.12.2.jar:/home/codespace/.m2/repository/org/apiguardian/apiguardian-api/1.1.2/apiguardian-api-1.1.2.jar:/home/codespace/.m2/repository/org/junit/jupiter/junit-jupiter-params/5.12.2/junit-jupiter-params-5.12.2.jar:/home/codespace/.m2/repository/org/junit/jupiter/junit-jupiter-engine/5.12.2/junit-jupiter-engine-5.12.2.jar:/home/codespace/.m2/repository/org/junit/platform/junit-platform-engine/1.12.2/junit-platform-engine-1.12.2.jar:/home/codespace/.m2/repository/org/mockito/mockito-core/5.17.0/mockito-core-5.17.0.jar:/home/codespace/.m2/repository/net/bytebuddy/byte-buddy-agent/1.17.6/byte-buddy-agent-1.17.6.jar:/home/codespace/.m2/repository/org/objenesis/objenesis/3.3/objenesis-3.3.jar:/home/codespace/.m2/repository/org/mockito/mockito-junit-jupiter/5.17.0/mockito-junit-jupiter-5.17.0.jar:/home/codespace/.m2/repository/org/skyscreamer/jsonassert/1.5.3/jsonassert-1.5.3.jar:/home/codespace/.m2/repository/com/vaadin/external/google/android-json/0.0.20131108.vaadin1/android-json-0.0.20131108.vaadin1.jar:/home/codespace/.m2/repository/org/springframework/spring-core/6.2.8/spring-core-6.2.8.jar:/home/codespace/.m2/repository/org/springframework/spring-jcl/6.2.8/spring-jcl-6.2.8.jar:/home/codespace/.m2/repository/org/springframework/spring-test/6.2.8/spring-test-6.2.8.jar:/home/codespace/.m2/repository/org/xmlunit/xmlunit-core/2.10.2/xmlunit-core-2.10.2.jar:"/>
    <property name="sun.cpu.endian" value="little"/>
    <property name="user.home" value="/home/codespace"/>
    <property name="user.language" value="en"/>
    <property name="java.specification.vendor" value="Oracle Corporation"/>
    <property name="java.version.date" value="2025-04-15"/>
    <property name="java.home" value="/usr/local/sdkman/candidates/java/21.0.7-ms"/>
    <property name="file.separator" value="/"/>
    <property name="basedir" value="/workspaces/loan-processing-platform/loan-service"/>
    <property name="java.vm.compressedOopsMode" value="32-bit"/>
    <property name="line.separator" value="&#10;"/>
    <property name="java.vm.specification.vendor" value="Oracle Corporation"/>
    <property name="java.specification.name" value="Java Platform API Specification"/>
    <property name="FILE_LOG_CHARSET" value="UTF-8"/>
    <property name="java.awt.headless" value="true"/>
    <property name="surefire.real.class.path" value="/workspaces/loan-processing-platform/loan-service/target/surefire/surefirebooter-20250716171123987_3.jar"/>
    <property name="sun.management.compiler" value="HotSpot 64-Bit Tiered Compilers"/>
    <property name="java.runtime.version" value="21.0.7+6-LTS"/>
    <property name="user.name" value="codespace"/>
    <property name="stdout.encoding" value="UTF-8"/>
    <property name="path.separator" value=":"/>
    <property name="os.version" value="6.8.0-1027-azure"/>
    <property name="java.runtime.name" value="OpenJDK Runtime Environment"/>
    <property name="file.encoding" value="UTF-8"/>
    <property name="java.vm.name" value="OpenJDK 64-Bit Server VM"/>
    <property name="java.vendor.version" value="Microsoft-11369942"/>
    <property name="localRepository" value="/home/codespace/.m2/repository"/>
    <property name="java.vendor.url.bug" value="https://github.com/microsoft/openjdk/issues"/>
    <property name="java.io.tmpdir" value="/tmp"/>
    <property name="com.zaxxer.hikari.pool_number" value="2"/>
    <property name="java.version" value="21.0.7"/>
    <property name="user.dir" value="/workspaces/loan-processing-platform/loan-service"/>
    <property name="os.arch" value="amd64"/>
    <property name="java.vm.specification.name" value="Java Virtual Machine Specification"/>
    <property name="PID" value="100610"/>
    <property name="CONSOLE_LOG_CHARSET" value="UTF-8"/>
    <property name="native.encoding" value="UTF-8"/>
    <property name="java.library.path" value="/usr/java/packages/lib:/usr/lib64:/lib64:/lib:/usr/lib"/>
    <property name="java.vm.info" value="mixed mode, sharing"/>
    <property name="stderr.encoding" value="UTF-8"/>
    <property name="java.vendor" value="Microsoft"/>
    <property name="java.vm.version" value="21.0.7+6-LTS"/>
    <property name="sun.io.unicode.encoding" value="UnicodeLittle"/>
    <property name="java.class.version" value="65.0"/>
    <property name="LOGGED_APPLICATION_NAME" value="[loan-service] "/>
  </properties>
  <testcase name="testLoanApply" classname="com.gs.LoanServiceTests" time="0.617">
    <error message="Request processing failed: feign.RetryableException: user-service executing GET http://user-service/users/status/cust123" type="jakarta.servlet.ServletException"><![CDATA[jakarta.servlet.ServletException: Request processing failed: feign.RetryableException: user-service executing GET http://user-service/users/status/cust123
	at org.springframework.web.servlet.FrameworkServlet.processRequest(FrameworkServlet.java:1022)
	at org.springframework.web.servlet.FrameworkServlet.doPost(FrameworkServlet.java:914)
	at jakarta.servlet.http.HttpServlet.service(HttpServlet.java:590)
	at org.springframework.web.servlet.FrameworkServlet.service(FrameworkServlet.java:885)
	at org.springframework.test.web.servlet.TestDispatcherServlet.service(TestDispatcherServlet.java:72)
	at jakarta.servlet.http.HttpServlet.service(HttpServlet.java:658)
	at org.springframework.mock.web.MockFilterChain$ServletFilterProxy.doFilter(MockFilterChain.java:165)
	at org.springframework.mock.web.MockFilterChain.doFilter(MockFilterChain.java:132)
	at org.springframework.web.filter.OncePerRequestFilter.doFilter(OncePerRequestFilter.java:110)
	at org.springframework.test.web.servlet.setup.MockMvcFilterDecorator.doFilter(MockMvcFilterDecorator.java:162)
	at org.springframework.mock.web.MockFilterChain.doFilter(MockFilterChain.java:132)
	at org.springframework.web.filter.CompositeFilter$VirtualFilterChain.doFilter(CompositeFilter.java:108)
	at org.springframework.web.filter.CompositeFilter$VirtualFilterChain.doFilter(CompositeFilter.java:108)
	at org.springframework.security.web.FilterChainProxy.lambda$doFilterInternal$3(FilterChainProxy.java:231)
	at org.springframework.security.web.FilterChainProxy$VirtualFilterChain.doFilter(FilterChainProxy.java:365)
	at org.springframework.security.web.access.intercept.AuthorizationFilter.doFilter(AuthorizationFilter.java:101)
	at org.springframework.security.web.FilterChainProxy$VirtualFilterChain.doFilter(FilterChainProxy.java:374)
	at org.springframework.security.web.access.ExceptionTranslationFilter.doFilter(ExceptionTranslationFilter.java:125)
	at org.springframework.security.web.access.ExceptionTranslationFilter.doFilter(ExceptionTranslationFilter.java:119)
	at org.springframework.security.web.FilterChainProxy$VirtualFilterChain.doFilter(FilterChainProxy.java:374)
	at org.springframework.security.web.authentication.AnonymousAuthenticationFilter.doFilter(AnonymousAuthenticationFilter.java:100)
	at org.springframework.security.web.FilterChainProxy$VirtualFilterChain.doFilter(FilterChainProxy.java:374)
	at org.springframework.security.web.servletapi.SecurityContextHolderAwareRequestFilter.doFilter(SecurityContextHolderAwareRequestFilter.java:179)
	at org.springframework.security.web.FilterChainProxy$VirtualFilterChain.doFilter(FilterChainProxy.java:374)
	at org.springframework.security.web.savedrequest.RequestCacheAwareFilter.doFilter(RequestCacheAwareFilter.java:63)
	at org.springframework.security.web.FilterChainProxy$VirtualFilterChain.doFilter(FilterChainProxy.java:374)
	at com.gs.security.HeaderAuthenticationFilter.doFilterInternal(HeaderAuthenticationFilter.java:44)
	at org.springframework.web.filter.OncePerRequestFilter.doFilter(OncePerRequestFilter.java:116)
	at org.springframework.security.web.FilterChainProxy$VirtualFilterChain.doFilter(FilterChainProxy.java:374)
	at org.springframework.security.web.authentication.logout.LogoutFilter.doFilter(LogoutFilter.java:107)
	at org.springframework.security.web.authentication.logout.LogoutFilter.doFilter(LogoutFilter.java:93)
	at org.springframework.security.web.FilterChainProxy$VirtualFilterChain.doFilter(FilterChainProxy.java:374)
	at org.springframework.security.web.header.HeaderWriterFilter.doHeadersAfter(HeaderWriterFilter.java:90)
	at org.springframework.security.web.header.HeaderWriterFilter.doFilterInternal(HeaderWriterFilter.java:75)
	at org.springframework.web.filter.OncePerRequestFilter.doFilter(OncePerRequestFilter.java:116)
	at org.springframework.security.web.FilterChainProxy$VirtualFilterChain.doFilter(FilterChainProxy.java:374)
	at org.springframework.security.web.context.SecurityContextHolderFilter.doFilter(SecurityContextHolderFilter.java:82)
	at org.springframework.security.web.context.SecurityContextHolderFilter.doFilter(SecurityContextHolderFilter.java:69)
	at org.springframework.security.web.FilterChainProxy$VirtualFilterChain.doFilter(FilterChainProxy.java:374)
	at org.springframework.security.web.context.request.async.WebAsyncManagerIntegrationFilter.doFilterInternal(WebAsyncManagerIntegrationFilter.java:62)
	at org.springframework.web.filter.OncePerRequestFilter.doFilter(OncePerRequestFilter.java:116)
	at org.springframework.security.web.FilterChainProxy$VirtualFilterChain.doFilter(FilterChainProxy.java:374)
	at org.springframework.security.web.session.DisableEncodeUrlFilter.doFilterInternal(DisableEncodeUrlFilter.java:42)
	at org.springframework.web.filter.OncePerRequestFilter.doFilter(OncePerRequestFilter.java:116)
	at org.springframework.security.web.FilterChainProxy$VirtualFilterChain.doFilter(FilterChainProxy.java:374)
	at org.springframework.security.web.FilterChainProxy.doFilterInternal(FilterChainProxy.java:233)
	at org.springframework.security.web.FilterChainProxy.doFilter(FilterChainProxy.java:191)
	at org.springframework.web.filter.CompositeFilter$VirtualFilterChain.doFilter(CompositeFilter.java:113)
	at org.springframework.web.filter.ServletRequestPathFilter.doFilter(ServletRequestPathFilter.java:52)
	at org.springframework.web.filter.CompositeFilter$VirtualFilterChain.doFilter(CompositeFilter.java:113)
	at org.springframework.web.filter.CompositeFilter.doFilter(CompositeFilter.java:74)
	at org.springframework.security.config.annotation.web.configuration.WebSecurityConfiguration$CompositeFilterChainProxy.doFilter(WebSecurityConfiguration.java:319)
	at org.springframework.web.filter.CompositeFilter$VirtualFilterChain.doFilter(CompositeFilter.java:113)
	at org.springframework.web.servlet.handler.HandlerMappingIntrospector.lambda$createCacheFilter$4(HandlerMappingIntrospector.java:267)
	at org.springframework.web.filter.CompositeFilter$VirtualFilterChain.doFilter(CompositeFilter.java:113)
	at org.springframework.web.filter.CompositeFilter.doFilter(CompositeFilter.java:74)
	at org.springframework.security.config.annotation.web.configuration.WebMvcSecurityConfiguration$CompositeFilterChainProxy.doFilter(WebMvcSecurityConfiguration.java:240)
	at org.springframework.web.filter.DelegatingFilterProxy.invokeDelegate(DelegatingFilterProxy.java:362)
	at org.springframework.web.filter.DelegatingFilterProxy.doFilter(DelegatingFilterProxy.java:278)
	at org.springframework.test.web.servlet.setup.MockMvcFilterDecorator.doFilter(MockMvcFilterDecorator.java:162)
	at org.springframework.mock.web.MockFilterChain.doFilter(MockFilterChain.java:132)
	at org.springframework.web.filter.RequestContextFilter.doFilterInternal(RequestContextFilter.java:100)
	at org.springframework.web.filter.OncePerRequestFilter.doFilter(OncePerRequestFilter.java:116)
	at org.springframework.test.web.servlet.setup.MockMvcFilterDecorator.doFilter(MockMvcFilterDecorator.java:162)
	at org.springframework.mock.web.MockFilterChain.doFilter(MockFilterChain.java:132)
	at org.springframework.web.filter.FormContentFilter.doFilterInternal(FormContentFilter.java:93)
	at org.springframework.web.filter.OncePerRequestFilter.doFilter(OncePerRequestFilter.java:116)
	at org.springframework.test.web.servlet.setup.MockMvcFilterDecorator.doFilter(MockMvcFilterDecorator.java:162)
	at org.springframework.mock.web.MockFilterChain.doFilter(MockFilterChain.java:132)
	at org.springframework.web.filter.CharacterEncodingFilter.doFilterInternal(CharacterEncodingFilter.java:201)
	at org.springframework.web.filter.OncePerRequestFilter.doFilter(OncePerRequestFilter.java:116)
	at org.springframework.test.web.servlet.setup.MockMvcFilterDecorator.doFilter(MockMvcFilterDecorator.java:162)
	at org.springframework.mock.web.MockFilterChain.doFilter(MockFilterChain.java:132)
	at org.springframework.test.web.servlet.MockMvc.perform(MockMvc.java:201)
	at com.gs.LoanServiceTests.testLoanApply(LoanServiceTests.java:28)
	at java.base/java.lang.reflect.Method.invoke(Method.java:580)
	at java.base/java.util.ArrayList.forEach(ArrayList.java:1596)
	at java.base/java.util.ArrayList.forEach(ArrayList.java:1596)
Caused by: feign.RetryableException: user-service executing GET http://user-service/users/status/cust123
	at feign.FeignException.errorExecuting(FeignException.java:300)
	at feign.SynchronousMethodHandler.executeAndDecode(SynchronousMethodHandler.java:105)
	at feign.SynchronousMethodHandler.invoke(SynchronousMethodHandler.java:53)
	at feign.ReflectiveFeign$FeignInvocationHandler.invoke(ReflectiveFeign.java:104)
	at jdk.proxy2/jdk.proxy2.$Proxy167.getUserStatus(Unknown Source)
	at com.gs.controller.LoanServicesController.apply(LoanServicesController.java:55)
	at java.base/jdk.internal.reflect.DirectMethodHandleAccessor.invoke(DirectMethodHandleAccessor.java:103)
	at java.base/java.lang.reflect.Method.invoke(Method.java:580)
	at org.springframework.web.method.support.InvocableHandlerMethod.doInvoke(InvocableHandlerMethod.java:258)
	at org.springframework.web.method.support.InvocableHandlerMethod.invokeForRequest(InvocableHandlerMethod.java:191)
	at org.springframework.web.servlet.mvc.method.annotation.ServletInvocableHandlerMethod.invokeAndHandle(ServletInvocableHandlerMethod.java:118)
	at org.springframework.web.servlet.mvc.method.annotation.RequestMappingHandlerAdapter.invokeHandlerMethod(RequestMappingHandlerAdapter.java:986)
	at org.springframework.web.servlet.mvc.method.annotation.RequestMappingHandlerAdapter.handleInternal(RequestMappingHandlerAdapter.java:891)
	at org.springframework.web.servlet.mvc.method.AbstractHandlerMethodAdapter.handle(AbstractHandlerMethodAdapter.java:87)
	at org.springframework.web.servlet.DispatcherServlet.doDispatch(DispatcherServlet.java:1089)
	at org.springframework.web.servlet.DispatcherServlet.doService(DispatcherServlet.java:979)
	at org.springframework.web.servlet.FrameworkServlet.processRequest(FrameworkServlet.java:1014)
	... 77 more
Caused by: java.net.UnknownHostException: user-service
	at java.base/sun.nio.ch.NioSocketImpl.connect(NioSocketImpl.java:567)
	at java.base/java.net.Socket.connect(Socket.java:751)
	at java.base/sun.net.NetworkClient.doConnect(NetworkClient.java:178)
	at java.base/sun.net.www.http.HttpClient.openServer(HttpClient.java:531)
	at java.base/sun.net.www.http.HttpClient.openServer(HttpClient.java:636)
	at java.base/sun.net.www.http.HttpClient.<init>(HttpClient.java:280)
	at java.base/sun.net.www.http.HttpClient.New(HttpClient.java:386)
	at java.base/sun.net.www.http.HttpClient.New(HttpClient.java:408)
	at java.base/sun.net.www.protocol.http.HttpURLConnection.getNewHttpClient(HttpURLConnection.java:1319)
	at java.base/sun.net.www.protocol.http.HttpURLConnection.plainConnect0(HttpURLConnection.java:1252)
	at java.base/sun.net.www.protocol.http.HttpURLConnection.plainConnect(HttpURLConnection.java:1138)
	at java.base/sun.net.www.protocol.http.HttpURLConnection.connect(HttpURLConnection.java:1067)
	at java.base/sun.net.www.protocol.http.HttpURLConnection.getInputStream0(HttpURLConnection.java:1690)
	at java.base/sun.net.www.protocol.http.HttpURLConnection.getInputStream(HttpURLConnection.java:1614)
	at java.base/java.net.HttpURLConnection.getResponseCode(HttpURLConnection.java:531)
	at feign.Client$Default.convertResponse(Client.java:114)
	at feign.Client$Default.execute(Client.java:110)
	at org.springframework.cloud.openfeign.loadbalancer.LoadBalancerUtils.executeWithLoadBalancerLifecycleProcessing(LoadBalancerUtils.java:56)
	at org.springframework.cloud.openfeign.loadbalancer.RetryableFeignBlockingLoadBalancerClient.lambda$execute$2(RetryableFeignBlockingLoadBalancerClient.java:189)
	at org.springframework.retry.support.RetryTemplate.doExecute(RetryTemplate.java:357)
	at org.springframework.retry.support.RetryTemplate.execute(RetryTemplate.java:246)
	at org.springframework.cloud.openfeign.loadbalancer.RetryableFeignBlockingLoadBalancerClient.execute(RetryableFeignBlockingLoadBalancerClient.java:136)
	at feign.SynchronousMethodHandler.executeAndDecode(SynchronousMethodHandler.java:92)
	... 92 more
]]></error>
    <system-out><![CDATA[2025-07-16T17:11:39.628Z  INFO 100610 --- [loan-service] [           main] t.c.s.AnnotationConfigContextLoaderUtils : Could not detect default configuration classes for test class [com.gs.LoanServiceTests]: LoanServiceTests does not declare any static, non-private, non-final, nested classes annotated with @Configuration.
2025-07-16T17:11:39.641Z  INFO 100610 --- [loan-service] [           main] .b.t.c.SpringBootTestContextBootstrapper : Found @SpringBootConfiguration com.gs.LoanServiceApplication for test class com.gs.LoanServiceTests

  .   ____          _            __ _ _
 /\\ / ___'_ __ _ _(_)_ __  __ _ \ \ \ \
( ( )\___ | '_ | '_| | '_ \/ _` | \ \ \ \
 \\/  ___)| |_)| | | | | || (_| |  ) ) ) )
  '  |____| .__|_| |_|_| |_\__, | / / / /
 =========|_|==============|___/=/_/_/_/

 :: Spring Boot ::                (v3.5.3)

2025-07-16T17:11:39.836Z  INFO 100610 --- [loan-service] [           main] com.gs.LoanServiceTests                  : Starting LoanServiceTests using Java 21.0.7 with PID 100610 (started by codespace in /workspaces/loan-processing-platform/loan-service)
2025-07-16T17:11:39.837Z  INFO 100610 --- [loan-service] [           main] com.gs.LoanServiceTests                  : No active profile set, falling back to 1 default profile: "default"
2025-07-16T17:11:40.452Z  INFO 100610 --- [loan-service] [           main] .s.d.r.c.RepositoryConfigurationDelegate : Bootstrapping Spring Data JPA repositories in DEFAULT mode.
2025-07-16T17:11:40.464Z  INFO 100610 --- [loan-service] [           main] .s.d.r.c.RepositoryConfigurationDelegate : Finished Spring Data repository scanning in 11 ms. Found 1 JPA repository interface.
2025-07-16T17:11:40.647Z  INFO 100610 --- [loan-service] [           main] o.s.cloud.context.scope.GenericScope     : BeanFactory id=484ffaf8-e676-3a0e-b2a9-19e775139a0d
2025-07-16T17:11:40.777Z  INFO 100610 --- [loan-service] [           main] o.hibernate.jpa.internal.util.LogHelper  : HHH000204: Processing PersistenceUnitInfo [name: default]
2025-07-16T17:11:40.784Z  INFO 100610 --- [loan-service] [           main] o.h.c.internal.RegionFactoryInitiator    : HHH000026: Second-level cache disabled
2025-07-16T17:11:40.799Z  INFO 100610 --- [loan-service] [           main] o.s.o.j.p.SpringPersistenceUnitInfo      : No LoadTimeWeaver setup: ignoring JPA class transformer
2025-07-16T17:11:40.800Z  INFO 100610 --- [loan-service] [           main] com.zaxxer.hikari.HikariDataSource       : HikariPool-2 - Starting...
2025-07-16T17:11:41.476Z  INFO 100610 --- [loan-service] [           main] com.zaxxer.hikari.pool.HikariPool        : HikariPool-2 - Added connection com.mysql.cj.jdbc.ConnectionImpl@4d47f547
2025-07-16T17:11:41.477Z  INFO 100610 --- [loan-service] [           main] com.zaxxer.hikari.HikariDataSource       : HikariPool-2 - Start completed.
2025-07-16T17:11:41.543Z  INFO 100610 --- [loan-service] [           main] org.hibernate.orm.connections.pooling    : HHH10001005: Database info:
	Database JDBC URL [Connecting through datasource 'HikariDataSource (HikariPool-2)']
	Database driver: undefined/unknown
	Database version: 8.0.35
	Autocommit mode: undefined/unknown
	Isolation level: undefined/unknown
	Minimum pool size: undefined/unknown
	Maximum pool size: undefined/unknown
2025-07-16T17:11:41.599Z  INFO 100610 --- [loan-service] [           main] o.h.e.t.j.p.i.JtaPlatformInitiator       : HHH000489: No JTA platform available (set 'hibernate.transaction.jta.platform' to enable JTA platform integration)
2025-07-16T17:11:41.744Z  INFO 100610 --- [loan-service] [           main] j.LocalContainerEntityManagerFactoryBean : Initialized JPA EntityManagerFactory for persistence unit 'default'
2025-07-16T17:11:42.082Z  WARN 100610 --- [loan-service] [           main] JpaBaseConfiguration$JpaWebConfiguration : spring.jpa.open-in-view is enabled by default. Therefore, database queries may be performed during view rendering. Explicitly configure spring.jpa.open-in-view to disable this warning
2025-07-16T17:11:42.148Z  INFO 100610 --- [loan-service] [           main] o.s.c.openfeign.FeignClientFactoryBean   : For 'user-service' URL not provided. Will try picking an instance via load-balancing.
🔍 Kafka Bootstrap Servers: localhost:9092
2025-07-16T17:11:42.251Z  WARN 100610 --- [loan-service] [           main] .s.s.UserDetailsServiceAutoConfiguration : 

Using generated security password: a11467b3-1e33-45a4-8ad0-e5ffb505a2dc

This generated password is for development use only. Your security configuration must be updated before running your application in production.

2025-07-16T17:11:42.253Z  INFO 100610 --- [loan-service] [           main] r$InitializeUserDetailsManagerConfigurer : Global AuthenticationManager configured with UserDetailsService bean with name inMemoryUserDetailsManager
2025-07-16T17:11:42.617Z  INFO 100610 --- [loan-service] [           main] o.s.b.t.m.w.SpringBootMockServletContext : Initializing Spring TestDispatcherServlet ''
2025-07-16T17:11:42.618Z  INFO 100610 --- [loan-service] [           main] o.s.t.web.servlet.TestDispatcherServlet  : Initializing Servlet ''
2025-07-16T17:11:42.619Z  INFO 100610 --- [loan-service] [           main] o.s.t.web.servlet.TestDispatcherServlet  : Completed initialization in 1 ms
2025-07-16T17:11:42.664Z  INFO 100610 --- [loan-service] [           main] DiscoveryClientOptionalArgsConfiguration : Eureka HTTP Client uses RestTemplate.
2025-07-16T17:11:42.683Z  WARN 100610 --- [loan-service] [           main] iguration$LoadBalancerCaffeineWarnLogger : Spring Cloud LoadBalancer is currently working with the default cache. While this cache implementation is useful for development and tests, it's recommended to use Caffeine cache in production.You can switch to using Caffeine cache, by adding it and org.springframework.cache.caffeine.CaffeineCacheManager to the classpath.
2025-07-16T17:11:42.714Z  INFO 100610 --- [loan-service] [           main] o.s.c.n.eureka.InstanceInfoFactory       : Setting initial instance status as: STARTING
2025-07-16T17:11:42.719Z  INFO 100610 --- [loan-service] [           main] com.netflix.discovery.DiscoveryClient    : Initializing Eureka in region us-east-1
2025-07-16T17:11:42.719Z  INFO 100610 --- [loan-service] [           main] c.n.d.s.r.aws.ConfigClusterResolver      : Resolving eureka endpoints via configuration
2025-07-16T17:11:42.720Z  INFO 100610 --- [loan-service] [           main] com.netflix.discovery.DiscoveryClient    : Disable delta property : false
2025-07-16T17:11:42.720Z  INFO 100610 --- [loan-service] [           main] com.netflix.discovery.DiscoveryClient    : Single vip registry refresh property : null
2025-07-16T17:11:42.720Z  INFO 100610 --- [loan-service] [           main] com.netflix.discovery.DiscoveryClient    : Force full registry fetch : false
2025-07-16T17:11:42.720Z  INFO 100610 --- [loan-service] [           main] com.netflix.discovery.DiscoveryClient    : Application is null : false
2025-07-16T17:11:42.721Z  INFO 100610 --- [loan-service] [           main] com.netflix.discovery.DiscoveryClient    : Registered Applications size is zero : true
2025-07-16T17:11:42.721Z  INFO 100610 --- [loan-service] [           main] com.netflix.discovery.DiscoveryClient    : Application version is -1: true
2025-07-16T17:11:42.721Z  INFO 100610 --- [loan-service] [           main] com.netflix.discovery.DiscoveryClient    : Getting all instance registry info from the eureka server
2025-07-16T17:11:42.835Z  INFO 100610 --- [loan-service] [           main] com.netflix.discovery.DiscoveryClient    : The response status is 200
2025-07-16T17:11:42.837Z  INFO 100610 --- [loan-service] [           main] com.netflix.discovery.DiscoveryClient    : Starting heartbeat executor: renew interval is: 30
2025-07-16T17:11:42.838Z  INFO 100610 --- [loan-service] [           main] c.n.discovery.InstanceInfoReplicator     : InstanceInfoReplicator onDemand update allowed rate per min is 4
2025-07-16T17:11:42.839Z  INFO 100610 --- [loan-service] [           main] com.netflix.discovery.DiscoveryClient    : Discovery Client initialized at timestamp 1752685902839 with initial instances count: 0
2025-07-16T17:11:42.845Z  INFO 100610 --- [loan-service] [           main] o.s.c.n.e.s.EurekaServiceRegistry        : Registering application LOAN-SERVICE with eureka with status UP
2025-07-16T17:11:42.845Z  INFO 100610 --- [loan-service] [           main] com.netflix.discovery.DiscoveryClient    : Saw local status change event StatusChangeEvent [timestamp=1752685902845, current=UP, previous=STARTING]
2025-07-16T17:11:42.847Z  INFO 100610 --- [loan-service] [foReplicator-%d] com.netflix.discovery.DiscoveryClient    : DiscoveryClient_LOAN-SERVICE/e89fb39e-7418-48f0-940d-07df078b06fe.internal.cloudapp.net:loan-service:8083: registering service...
2025-07-16T17:11:42.870Z  INFO 100610 --- [loan-service] [           main] com.gs.LoanServiceTests                  : Started LoanServiceTests in 3.219 seconds (process running for 18.762)
2025-07-16T17:11:42.911Z  INFO 100610 --- [loan-service] [foReplicator-%d] com.netflix.discovery.DiscoveryClient    : DiscoveryClient_LOAN-SERVICE/e89fb39e-7418-48f0-940d-07df078b06fe.internal.cloudapp.net:loan-service:8083 - registration status: 204
Testing Loan Apply with JSON: "{\"customerId\":\"cust123\",\"amount\":50000,\"termInMonths\":24,\"purpose\":\"Home\"}"
null null
2025-07-16T17:11:43.360Z  WARN 100610 --- [loan-service] [           main] o.s.c.l.core.RoundRobinLoadBalancer      : No servers available for service: user-service
2025-07-16T17:11:43.396Z  WARN 100610 --- [loan-service] [           main] RetryableFeignBlockingLoadBalancerClient : Service instance was not resolved, executing the original request
2025-07-16T17:11:43.445Z  WARN 100610 --- [loan-service] [           main] o.s.c.l.core.RoundRobinLoadBalancer      : No servers available for service: user-service
2025-07-16T17:11:43.448Z  WARN 100610 --- [loan-service] [           main] RetryableFeignBlockingLoadBalancerClient : Service instance was not resolved, executing the original request
]]></system-out>
  </testcase>
</testsuite>