<?xml version="1.0" encoding="UTF-8"?>
<testsuite xmlns:xsi="http://www.w3.org/2001/XMLSchema-instance" xsi:noNamespaceSchemaLocation="https://maven.apache.org/surefire/maven-surefire-plugin/xsd/surefire-test-report.xsd" version="3.0.2" name="com.gs.LoanServiceTests" time="9.13" tests="1" errors="0" skipped="0" failures="0">
  <properties>
    <property name="java.specification.version" value="21"/>
    <property name="sun.jnu.encoding" value="UTF-8"/>
    <property name="java.class.path" value="/workspaces/loan-processing-platform/loan-service/target/test-classes:/workspaces/loan-processing-platform/loan-service/target/classes:/home/codespace/.m2/repository/org/projectlombok/lombok/1.18.28/lombok-1.18.28.jar:/home/codespace/.m2/repository/org/springframework/boot/spring-boot-starter-security/3.5.3/spring-boot-starter-security-3.5.3.jar:/home/codespace/.m2/repository/org/springframework/boot/spring-boot-starter/3.5.3/spring-boot-starter-3.5.3.jar:/home/codespace/.m2/repository/org/springframework/boot/spring-boot/3.5.3/spring-boot-3.5.3.jar:/home/codespace/.m2/repository/org/springframework/boot/spring-boot-autoconfigure/3.5.3/spring-boot-autoconfigure-3.5.3.jar:/home/codespace/.m2/repository/org/springframework/boot/spring-boot-starter-logging/3.5.3/spring-boot-starter-logging-3.5.3.jar:/home/codespace/.m2/repository/ch/qos/logback/logback-classic/1.5.18/logback-classic-1.5.18.jar:/home/codespace/.m2/repository/ch/qos/logback/logback-core/1.5.18/logback-core-1.5.18.jar:/home/codespace/.m2/repository/org/apache/logging/log4j/log4j-to-slf4j/2.24.3/log4j-to-slf4j-2.24.3.jar:/home/codespace/.m2/repository/org/apache/logging/log4j/log4j-api/2.24.3/log4j-api-2.24.3.jar:/home/codespace/.m2/repository/org/slf4j/jul-to-slf4j/2.0.17/jul-to-slf4j-2.0.17.jar:/home/codespace/.m2/repository/jakarta/annotation/jakarta.annotation-api/2.1.1/jakarta.annotation-api-2.1.1.jar:/home/codespace/.m2/repository/org/yaml/snakeyaml/2.4/snakeyaml-2.4.jar:/home/codespace/.m2/repository/org/springframework/spring-aop/6.2.8/spring-aop-6.2.8.jar:/home/codespace/.m2/repository/org/springframework/spring-beans/6.2.8/spring-beans-6.2.8.jar:/home/codespace/.m2/repository/org/springframework/security/spring-security-config/6.5.1/spring-security-config-6.5.1.jar:/home/codespace/.m2/repository/org/springframework/security/spring-security-core/6.5.1/spring-security-core-6.5.1.jar:/home/codespace/.m2/repository/org/springframework/security/spring-security-crypto/6.5.1/spring-security-crypto-6.5.1.jar:/home/codespace/.m2/repository/org/springframework/security/spring-security-web/6.5.1/spring-security-web-6.5.1.jar:/home/codespace/.m2/repository/org/springframework/spring-expression/6.2.8/spring-expression-6.2.8.jar:/home/codespace/.m2/repository/org/springframework/kafka/spring-kafka/3.3.7/spring-kafka-3.3.7.jar:/home/codespace/.m2/repository/org/springframework/spring-context/6.2.8/spring-context-6.2.8.jar:/home/codespace/.m2/repository/org/springframework/spring-messaging/6.2.8/spring-messaging-6.2.8.jar:/home/codespace/.m2/repository/org/springframework/spring-tx/6.2.8/spring-tx-6.2.8.jar:/home/codespace/.m2/repository/org/springframework/retry/spring-retry/2.0.12/spring-retry-2.0.12.jar:/home/codespace/.m2/repository/org/apache/kafka/kafka-clients/3.9.1/kafka-clients-3.9.1.jar:/home/codespace/.m2/repository/com/github/luben/zstd-jni/1.5.6-4/zstd-jni-1.5.6-4.jar:/home/codespace/.m2/repository/org/lz4/lz4-java/1.8.0/lz4-java-1.8.0.jar:/home/codespace/.m2/repository/org/xerial/snappy/snappy-java/1.1.10.5/snappy-java-1.1.10.5.jar:/home/codespace/.m2/repository/org/slf4j/slf4j-api/2.0.17/slf4j-api-2.0.17.jar:/home/codespace/.m2/repository/io/micrometer/micrometer-observation/1.15.1/micrometer-observation-1.15.1.jar:/home/codespace/.m2/repository/io/micrometer/micrometer-commons/1.15.1/micrometer-commons-1.15.1.jar:/home/codespace/.m2/repository/org/springframework/boot/spring-boot-starter-web/3.5.3/spring-boot-starter-web-3.5.3.jar:/home/codespace/.m2/repository/org/springframework/boot/spring-boot-starter-json/3.5.3/spring-boot-starter-json-3.5.3.jar:/home/codespace/.m2/repository/com/fasterxml/jackson/core/jackson-databind/2.19.1/jackson-databind-2.19.1.jar:/home/codespace/.m2/repository/com/fasterxml/jackson/datatype/jackson-datatype-jdk8/2.19.1/jackson-datatype-jdk8-2.19.1.jar:/home/codespace/.m2/repository/com/fasterxml/jackson/datatype/jackson-datatype-jsr310/2.19.1/jackson-datatype-jsr310-2.19.1.jar:/home/codespace/.m2/repository/com/fasterxml/jackson/module/jackson-module-parameter-names/2.19.1/jackson-module-parameter-names-2.19.1.jar:/home/codespace/.m2/repository/org/springframework/boot/spring-boot-starter-tomcat/3.5.3/spring-boot-starter-tomcat-3.5.3.jar:/home/codespace/.m2/repository/org/apache/tomcat/embed/tomcat-embed-core/10.1.42/tomcat-embed-core-10.1.42.jar:/home/codespace/.m2/repository/org/apache/tomcat/embed/tomcat-embed-el/10.1.42/tomcat-embed-el-10.1.42.jar:/home/codespace/.m2/repository/org/apache/tomcat/embed/tomcat-embed-websocket/10.1.42/tomcat-embed-websocket-10.1.42.jar:/home/codespace/.m2/repository/org/springframework/spring-web/6.2.8/spring-web-6.2.8.jar:/home/codespace/.m2/repository/org/springframework/spring-webmvc/6.2.8/spring-webmvc-6.2.8.jar:/home/codespace/.m2/repository/org/springframework/cloud/spring-cloud-starter-netflix-eureka-client/4.3.0/spring-cloud-starter-netflix-eureka-client-4.3.0.jar:/home/codespace/.m2/repository/org/springframework/cloud/spring-cloud-starter/4.3.0/spring-cloud-starter-4.3.0.jar:/home/codespace/.m2/repository/org/springframework/cloud/spring-cloud-context/4.3.0/spring-cloud-context-4.3.0.jar:/home/codespace/.m2/repository/org/springframework/cloud/spring-cloud-commons/4.3.0/spring-cloud-commons-4.3.0.jar:/home/codespace/.m2/repository/org/bouncycastle/bcprov-jdk18on/1.80/bcprov-jdk18on-1.80.jar:/home/codespace/.m2/repository/org/springframework/cloud/spring-cloud-netflix-eureka-client/4.3.0/spring-cloud-netflix-eureka-client-4.3.0.jar:/home/codespace/.m2/repository/org/apache/httpcomponents/client5/httpclient5/5.5/httpclient5-5.5.jar:/home/codespace/.m2/repository/org/apache/httpcomponents/core5/httpcore5/5.3.4/httpcore5-5.3.4.jar:/home/codespace/.m2/repository/org/apache/httpcomponents/core5/httpcore5-h2/5.3.4/httpcore5-h2-5.3.4.jar:/home/codespace/.m2/repository/com/netflix/eureka/eureka-client/2.0.4/eureka-client-2.0.4.jar:/home/codespace/.m2/repository/com/thoughtworks/xstream/xstream/1.4.20/xstream-1.4.20.jar:/home/codespace/.m2/repository/io/github/x-stream/mxparser/1.2.2/mxparser-1.2.2.jar:/home/codespace/.m2/repository/xmlpull/xmlpull/1.1.3.1/xmlpull-1.1.3.1.jar:/home/codespace/.m2/repository/jakarta/ws/rs/jakarta.ws.rs-api/3.1.0/jakarta.ws.rs-api-3.1.0.jar:/home/codespace/.m2/repository/jakarta/inject/jakarta.inject-api/2.0.1/jakarta.inject-api-2.0.1.jar:/home/codespace/.m2/repository/com/netflix/spectator/spectator-api/1.7.3/spectator-api-1.7.3.jar:/home/codespace/.m2/repository/org/apache/httpcomponents/httpclient/4.5.3/httpclient-4.5.3.jar:/home/codespace/.m2/repository/org/apache/httpcomponents/httpcore/4.4.16/httpcore-4.4.16.jar:/home/codespace/.m2/repository/commons-codec/commons-codec/1.18.0/commons-codec-1.18.0.jar:/home/codespace/.m2/repository/commons-configuration/commons-configuration/1.10/commons-configuration-1.10.jar:/home/codespace/.m2/repository/commons-lang/commons-lang/2.6/commons-lang-2.6.jar:/home/codespace/.m2/repository/com/fasterxml/jackson/core/jackson-annotations/2.19.1/jackson-annotations-2.19.1.jar:/home/codespace/.m2/repository/com/fasterxml/jackson/core/jackson-core/2.19.1/jackson-core-2.19.1.jar:/home/codespace/.m2/repository/com/netflix/netflix-commons/netflix-eventbus/0.3.0/netflix-eventbus-0.3.0.jar:/home/codespace/.m2/repository/com/netflix/netflix-commons/netflix-infix/0.3.0/netflix-infix-0.3.0.jar:/home/codespace/.m2/repository/commons-jxpath/commons-jxpath/1.3/commons-jxpath-1.3.jar:/home/codespace/.m2/repository/joda-time/joda-time/2.3/joda-time-2.3.jar:/home/codespace/.m2/repository/org/antlr/antlr-runtime/3.4/antlr-runtime-3.4.jar:/home/codespace/.m2/repository/org/antlr/stringtemplate/3.2.1/stringtemplate-3.2.1.jar:/home/codespace/.m2/repository/antlr/antlr/2.7.7/antlr-2.7.7.jar:/home/codespace/.m2/repository/com/google/guava/guava/14.0.1/guava-14.0.1.jar:/home/codespace/.m2/repository/com/google/code/gson/gson/2.13.1/gson-2.13.1.jar:/home/codespace/.m2/repository/com/google/errorprone/error_prone_annotations/2.38.0/error_prone_annotations-2.38.0.jar:/home/codespace/.m2/repository/com/netflix/servo/servo-core/0.5.3/servo-core-0.5.3.jar:/home/codespace/.m2/repository/org/apache/commons/commons-math/2.2/commons-math-2.2.jar:/home/codespace/.m2/repository/javax/annotation/javax.annotation-api/1.2/javax.annotation-api-1.2.jar:/home/codespace/.m2/repository/org/codehaus/jettison/jettison/1.5.4/jettison-1.5.4.jar:/home/codespace/.m2/repository/org/springframework/cloud/spring-cloud-starter-loadbalancer/4.3.0/spring-cloud-starter-loadbalancer-4.3.0.jar:/home/codespace/.m2/repository/org/springframework/cloud/spring-cloud-loadbalancer/4.3.0/spring-cloud-loadbalancer-4.3.0.jar:/home/codespace/.m2/repository/io/projectreactor/reactor-core/3.7.7/reactor-core-3.7.7.jar:/home/codespace/.m2/repository/org/reactivestreams/reactive-streams/1.0.4/reactive-streams-1.0.4.jar:/home/codespace/.m2/repository/io/projectreactor/addons/reactor-extra/3.5.2/reactor-extra-3.5.2.jar:/home/codespace/.m2/repository/org/springframework/boot/spring-boot-starter-cache/3.5.3/spring-boot-starter-cache-3.5.3.jar:/home/codespace/.m2/repository/org/springframework/spring-context-support/6.2.8/spring-context-support-6.2.8.jar:/home/codespace/.m2/repository/com/stoyanr/evictor/1.0.0/evictor-1.0.0.jar:/home/codespace/.m2/repository/org/springframework/boot/spring-boot-starter-test/3.5.3/spring-boot-starter-test-3.5.3.jar:/home/codespace/.m2/repository/org/springframework/boot/spring-boot-test/3.5.3/spring-boot-test-3.5.3.jar:/home/codespace/.m2/repository/org/springframework/boot/spring-boot-test-autoconfigure/3.5.3/spring-boot-test-autoconfigure-3.5.3.jar:/home/codespace/.m2/repository/com/jayway/jsonpath/json-path/2.9.0/json-path-2.9.0.jar:/home/codespace/.m2/repository/jakarta/xml/bind/jakarta.xml.bind-api/4.0.2/jakarta.xml.bind-api-4.0.2.jar:/home/codespace/.m2/repository/jakarta/activation/jakarta.activation-api/2.1.3/jakarta.activation-api-2.1.3.jar:/home/codespace/.m2/repository/net/minidev/json-smart/2.5.2/json-smart-2.5.2.jar:/home/codespace/.m2/repository/net/minidev/accessors-smart/2.5.2/accessors-smart-2.5.2.jar:/home/codespace/.m2/repository/org/ow2/asm/asm/9.7.1/asm-9.7.1.jar:/home/codespace/.m2/repository/org/assertj/assertj-core/3.27.3/assertj-core-3.27.3.jar:/home/codespace/.m2/repository/net/bytebuddy/byte-buddy/1.17.6/byte-buddy-1.17.6.jar:/home/codespace/.m2/repository/org/awaitility/awaitility/4.2.2/awaitility-4.2.2.jar:/home/codespace/.m2/repository/org/hamcrest/hamcrest/3.0/hamcrest-3.0.jar:/home/codespace/.m2/repository/org/junit/jupiter/junit-jupiter/5.12.2/junit-jupiter-5.12.2.jar:/home/codespace/.m2/repository/org/junit/jupiter/junit-jupiter-api/5.12.2/junit-jupiter-api-5.12.2.jar:/home/codespace/.m2/repository/org/opentest4j/opentest4j/1.3.0/opentest4j-1.3.0.jar:/home/codespace/.m2/repository/org/junit/platform/junit-platform-commons/1.12.2/junit-platform-commons-1.12.2.jar:/home/codespace/.m2/repository/org/apiguardian/apiguardian-api/1.1.2/apiguardian-api-1.1.2.jar:/home/codespace/.m2/repository/org/junit/jupiter/junit-jupiter-params/5.12.2/junit-jupiter-params-5.12.2.jar:/home/codespace/.m2/repository/org/junit/jupiter/junit-jupiter-engine/5.12.2/junit-jupiter-engine-5.12.2.jar:/home/codespace/.m2/repository/org/junit/platform/junit-platform-engine/1.12.2/junit-platform-engine-1.12.2.jar:/home/codespace/.m2/repository/org/mockito/mockito-core/5.17.0/mockito-core-5.17.0.jar:/home/codespace/.m2/repository/net/bytebuddy/byte-buddy-agent/1.17.6/byte-buddy-agent-1.17.6.jar:/home/codespace/.m2/repository/org/objenesis/objenesis/3.3/objenesis-3.3.jar:/home/codespace/.m2/repository/org/mockito/mockito-junit-jupiter/5.17.0/mockito-junit-jupiter-5.17.0.jar:/home/codespace/.m2/repository/org/skyscreamer/jsonassert/1.5.3/jsonassert-1.5.3.jar:/home/codespace/.m2/repository/com/vaadin/external/google/android-json/0.0.20131108.vaadin1/android-json-0.0.20131108.vaadin1.jar:/home/codespace/.m2/repository/org/springframework/spring-core/6.2.8/spring-core-6.2.8.jar:/home/codespace/.m2/repository/org/springframework/spring-jcl/6.2.8/spring-jcl-6.2.8.jar:/home/codespace/.m2/repository/org/springframework/spring-test/6.2.8/spring-test-6.2.8.jar:/home/codespace/.m2/repository/org/xmlunit/xmlunit-core/2.10.2/xmlunit-core-2.10.2.jar:"/>
    <property name="java.vm.vendor" value="Microsoft"/>
    <property name="sun.arch.data.model" value="64"/>
    <property name="java.vendor.url" value="https://www.microsoft.com"/>
    <property name="user.timezone" value="Etc/UTC"/>
    <property name="os.name" value="Linux"/>
    <property name="java.vm.specification.version" value="21"/>
    <property name="APPLICATION_NAME" value="loan-service"/>
    <property name="sun.java.launcher" value="SUN_STANDARD"/>
    <property name="sun.boot.library.path" value="/usr/local/sdkman/candidates/java/21.0.7-ms/lib"/>
    <property name="sun.java.command" value="/workspaces/loan-processing-platform/loan-service/target/surefire/surefirebooter-20250713092125385_3.jar /workspaces/loan-processing-platform/loan-service/target/surefire 2025-07-13T09-21-25_266-jvmRun1 surefire-20250713092125385_1tmp surefire_0-20250713092125385_2tmp"/>
    <property name="jdk.debug" value="release"/>
    <property name="surefire.test.class.path" value="/workspaces/loan-processing-platform/loan-service/target/test-classes:/workspaces/loan-processing-platform/loan-service/target/classes:/home/codespace/.m2/repository/org/projectlombok/lombok/1.18.28/lombok-1.18.28.jar:/home/codespace/.m2/repository/org/springframework/boot/spring-boot-starter-security/3.5.3/spring-boot-starter-security-3.5.3.jar:/home/codespace/.m2/repository/org/springframework/boot/spring-boot-starter/3.5.3/spring-boot-starter-3.5.3.jar:/home/codespace/.m2/repository/org/springframework/boot/spring-boot/3.5.3/spring-boot-3.5.3.jar:/home/codespace/.m2/repository/org/springframework/boot/spring-boot-autoconfigure/3.5.3/spring-boot-autoconfigure-3.5.3.jar:/home/codespace/.m2/repository/org/springframework/boot/spring-boot-starter-logging/3.5.3/spring-boot-starter-logging-3.5.3.jar:/home/codespace/.m2/repository/ch/qos/logback/logback-classic/1.5.18/logback-classic-1.5.18.jar:/home/codespace/.m2/repository/ch/qos/logback/logback-core/1.5.18/logback-core-1.5.18.jar:/home/codespace/.m2/repository/org/apache/logging/log4j/log4j-to-slf4j/2.24.3/log4j-to-slf4j-2.24.3.jar:/home/codespace/.m2/repository/org/apache/logging/log4j/log4j-api/2.24.3/log4j-api-2.24.3.jar:/home/codespace/.m2/repository/org/slf4j/jul-to-slf4j/2.0.17/jul-to-slf4j-2.0.17.jar:/home/codespace/.m2/repository/jakarta/annotation/jakarta.annotation-api/2.1.1/jakarta.annotation-api-2.1.1.jar:/home/codespace/.m2/repository/org/yaml/snakeyaml/2.4/snakeyaml-2.4.jar:/home/codespace/.m2/repository/org/springframework/spring-aop/6.2.8/spring-aop-6.2.8.jar:/home/codespace/.m2/repository/org/springframework/spring-beans/6.2.8/spring-beans-6.2.8.jar:/home/codespace/.m2/repository/org/springframework/security/spring-security-config/6.5.1/spring-security-config-6.5.1.jar:/home/codespace/.m2/repository/org/springframework/security/spring-security-core/6.5.1/spring-security-core-6.5.1.jar:/home/codespace/.m2/repository/org/springframework/security/spring-security-crypto/6.5.1/spring-security-crypto-6.5.1.jar:/home/codespace/.m2/repository/org/springframework/security/spring-security-web/6.5.1/spring-security-web-6.5.1.jar:/home/codespace/.m2/repository/org/springframework/spring-expression/6.2.8/spring-expression-6.2.8.jar:/home/codespace/.m2/repository/org/springframework/kafka/spring-kafka/3.3.7/spring-kafka-3.3.7.jar:/home/codespace/.m2/repository/org/springframework/spring-context/6.2.8/spring-context-6.2.8.jar:/home/codespace/.m2/repository/org/springframework/spring-messaging/6.2.8/spring-messaging-6.2.8.jar:/home/codespace/.m2/repository/org/springframework/spring-tx/6.2.8/spring-tx-6.2.8.jar:/home/codespace/.m2/repository/org/springframework/retry/spring-retry/2.0.12/spring-retry-2.0.12.jar:/home/codespace/.m2/repository/org/apache/kafka/kafka-clients/3.9.1/kafka-clients-3.9.1.jar:/home/codespace/.m2/repository/com/github/luben/zstd-jni/1.5.6-4/zstd-jni-1.5.6-4.jar:/home/codespace/.m2/repository/org/lz4/lz4-java/1.8.0/lz4-java-1.8.0.jar:/home/codespace/.m2/repository/org/xerial/snappy/snappy-java/1.1.10.5/snappy-java-1.1.10.5.jar:/home/codespace/.m2/repository/org/slf4j/slf4j-api/2.0.17/slf4j-api-2.0.17.jar:/home/codespace/.m2/repository/io/micrometer/micrometer-observation/1.15.1/micrometer-observation-1.15.1.jar:/home/codespace/.m2/repository/io/micrometer/micrometer-commons/1.15.1/micrometer-commons-1.15.1.jar:/home/codespace/.m2/repository/org/springframework/boot/spring-boot-starter-web/3.5.3/spring-boot-starter-web-3.5.3.jar:/home/codespace/.m2/repository/org/springframework/boot/spring-boot-starter-json/3.5.3/spring-boot-starter-json-3.5.3.jar:/home/codespace/.m2/repository/com/fasterxml/jackson/core/jackson-databind/2.19.1/jackson-databind-2.19.1.jar:/home/codespace/.m2/repository/com/fasterxml/jackson/datatype/jackson-datatype-jdk8/2.19.1/jackson-datatype-jdk8-2.19.1.jar:/home/codespace/.m2/repository/com/fasterxml/jackson/datatype/jackson-datatype-jsr310/2.19.1/jackson-datatype-jsr310-2.19.1.jar:/home/codespace/.m2/repository/com/fasterxml/jackson/module/jackson-module-parameter-names/2.19.1/jackson-module-parameter-names-2.19.1.jar:/home/codespace/.m2/repository/org/springframework/boot/spring-boot-starter-tomcat/3.5.3/spring-boot-starter-tomcat-3.5.3.jar:/home/codespace/.m2/repository/org/apache/tomcat/embed/tomcat-embed-core/10.1.42/tomcat-embed-core-10.1.42.jar:/home/codespace/.m2/repository/org/apache/tomcat/embed/tomcat-embed-el/10.1.42/tomcat-embed-el-10.1.42.jar:/home/codespace/.m2/repository/org/apache/tomcat/embed/tomcat-embed-websocket/10.1.42/tomcat-embed-websocket-10.1.42.jar:/home/codespace/.m2/repository/org/springframework/spring-web/6.2.8/spring-web-6.2.8.jar:/home/codespace/.m2/repository/org/springframework/spring-webmvc/6.2.8/spring-webmvc-6.2.8.jar:/home/codespace/.m2/repository/org/springframework/cloud/spring-cloud-starter-netflix-eureka-client/4.3.0/spring-cloud-starter-netflix-eureka-client-4.3.0.jar:/home/codespace/.m2/repository/org/springframework/cloud/spring-cloud-starter/4.3.0/spring-cloud-starter-4.3.0.jar:/home/codespace/.m2/repository/org/springframework/cloud/spring-cloud-context/4.3.0/spring-cloud-context-4.3.0.jar:/home/codespace/.m2/repository/org/springframework/cloud/spring-cloud-commons/4.3.0/spring-cloud-commons-4.3.0.jar:/home/codespace/.m2/repository/org/bouncycastle/bcprov-jdk18on/1.80/bcprov-jdk18on-1.80.jar:/home/codespace/.m2/repository/org/springframework/cloud/spring-cloud-netflix-eureka-client/4.3.0/spring-cloud-netflix-eureka-client-4.3.0.jar:/home/codespace/.m2/repository/org/apache/httpcomponents/client5/httpclient5/5.5/httpclient5-5.5.jar:/home/codespace/.m2/repository/org/apache/httpcomponents/core5/httpcore5/5.3.4/httpcore5-5.3.4.jar:/home/codespace/.m2/repository/org/apache/httpcomponents/core5/httpcore5-h2/5.3.4/httpcore5-h2-5.3.4.jar:/home/codespace/.m2/repository/com/netflix/eureka/eureka-client/2.0.4/eureka-client-2.0.4.jar:/home/codespace/.m2/repository/com/thoughtworks/xstream/xstream/1.4.20/xstream-1.4.20.jar:/home/codespace/.m2/repository/io/github/x-stream/mxparser/1.2.2/mxparser-1.2.2.jar:/home/codespace/.m2/repository/xmlpull/xmlpull/1.1.3.1/xmlpull-1.1.3.1.jar:/home/codespace/.m2/repository/jakarta/ws/rs/jakarta.ws.rs-api/3.1.0/jakarta.ws.rs-api-3.1.0.jar:/home/codespace/.m2/repository/jakarta/inject/jakarta.inject-api/2.0.1/jakarta.inject-api-2.0.1.jar:/home/codespace/.m2/repository/com/netflix/spectator/spectator-api/1.7.3/spectator-api-1.7.3.jar:/home/codespace/.m2/repository/org/apache/httpcomponents/httpclient/4.5.3/httpclient-4.5.3.jar:/home/codespace/.m2/repository/org/apache/httpcomponents/httpcore/4.4.16/httpcore-4.4.16.jar:/home/codespace/.m2/repository/commons-codec/commons-codec/1.18.0/commons-codec-1.18.0.jar:/home/codespace/.m2/repository/commons-configuration/commons-configuration/1.10/commons-configuration-1.10.jar:/home/codespace/.m2/repository/commons-lang/commons-lang/2.6/commons-lang-2.6.jar:/home/codespace/.m2/repository/com/fasterxml/jackson/core/jackson-annotations/2.19.1/jackson-annotations-2.19.1.jar:/home/codespace/.m2/repository/com/fasterxml/jackson/core/jackson-core/2.19.1/jackson-core-2.19.1.jar:/home/codespace/.m2/repository/com/netflix/netflix-commons/netflix-eventbus/0.3.0/netflix-eventbus-0.3.0.jar:/home/codespace/.m2/repository/com/netflix/netflix-commons/netflix-infix/0.3.0/netflix-infix-0.3.0.jar:/home/codespace/.m2/repository/commons-jxpath/commons-jxpath/1.3/commons-jxpath-1.3.jar:/home/codespace/.m2/repository/joda-time/joda-time/2.3/joda-time-2.3.jar:/home/codespace/.m2/repository/org/antlr/antlr-runtime/3.4/antlr-runtime-3.4.jar:/home/codespace/.m2/repository/org/antlr/stringtemplate/3.2.1/stringtemplate-3.2.1.jar:/home/codespace/.m2/repository/antlr/antlr/2.7.7/antlr-2.7.7.jar:/home/codespace/.m2/repository/com/google/guava/guava/14.0.1/guava-14.0.1.jar:/home/codespace/.m2/repository/com/google/code/gson/gson/2.13.1/gson-2.13.1.jar:/home/codespace/.m2/repository/com/google/errorprone/error_prone_annotations/2.38.0/error_prone_annotations-2.38.0.jar:/home/codespace/.m2/repository/com/netflix/servo/servo-core/0.5.3/servo-core-0.5.3.jar:/home/codespace/.m2/repository/org/apache/commons/commons-math/2.2/commons-math-2.2.jar:/home/codespace/.m2/repository/javax/annotation/javax.annotation-api/1.2/javax.annotation-api-1.2.jar:/home/codespace/.m2/repository/org/codehaus/jettison/jettison/1.5.4/jettison-1.5.4.jar:/home/codespace/.m2/repository/org/springframework/cloud/spring-cloud-starter-loadbalancer/4.3.0/spring-cloud-starter-loadbalancer-4.3.0.jar:/home/codespace/.m2/repository/org/springframework/cloud/spring-cloud-loadbalancer/4.3.0/spring-cloud-loadbalancer-4.3.0.jar:/home/codespace/.m2/repository/io/projectreactor/reactor-core/3.7.7/reactor-core-3.7.7.jar:/home/codespace/.m2/repository/org/reactivestreams/reactive-streams/1.0.4/reactive-streams-1.0.4.jar:/home/codespace/.m2/repository/io/projectreactor/addons/reactor-extra/3.5.2/reactor-extra-3.5.2.jar:/home/codespace/.m2/repository/org/springframework/boot/spring-boot-starter-cache/3.5.3/spring-boot-starter-cache-3.5.3.jar:/home/codespace/.m2/repository/org/springframework/spring-context-support/6.2.8/spring-context-support-6.2.8.jar:/home/codespace/.m2/repository/com/stoyanr/evictor/1.0.0/evictor-1.0.0.jar:/home/codespace/.m2/repository/org/springframework/boot/spring-boot-starter-test/3.5.3/spring-boot-starter-test-3.5.3.jar:/home/codespace/.m2/repository/org/springframework/boot/spring-boot-test/3.5.3/spring-boot-test-3.5.3.jar:/home/codespace/.m2/repository/org/springframework/boot/spring-boot-test-autoconfigure/3.5.3/spring-boot-test-autoconfigure-3.5.3.jar:/home/codespace/.m2/repository/com/jayway/jsonpath/json-path/2.9.0/json-path-2.9.0.jar:/home/codespace/.m2/repository/jakarta/xml/bind/jakarta.xml.bind-api/4.0.2/jakarta.xml.bind-api-4.0.2.jar:/home/codespace/.m2/repository/jakarta/activation/jakarta.activation-api/2.1.3/jakarta.activation-api-2.1.3.jar:/home/codespace/.m2/repository/net/minidev/json-smart/2.5.2/json-smart-2.5.2.jar:/home/codespace/.m2/repository/net/minidev/accessors-smart/2.5.2/accessors-smart-2.5.2.jar:/home/codespace/.m2/repository/org/ow2/asm/asm/9.7.1/asm-9.7.1.jar:/home/codespace/.m2/repository/org/assertj/assertj-core/3.27.3/assertj-core-3.27.3.jar:/home/codespace/.m2/repository/net/bytebuddy/byte-buddy/1.17.6/byte-buddy-1.17.6.jar:/home/codespace/.m2/repository/org/awaitility/awaitility/4.2.2/awaitility-4.2.2.jar:/home/codespace/.m2/repository/org/hamcrest/hamcrest/3.0/hamcrest-3.0.jar:/home/codespace/.m2/repository/org/junit/jupiter/junit-jupiter/5.12.2/junit-jupiter-5.12.2.jar:/home/codespace/.m2/repository/org/junit/jupiter/junit-jupiter-api/5.12.2/junit-jupiter-api-5.12.2.jar:/home/codespace/.m2/repository/org/opentest4j/opentest4j/1.3.0/opentest4j-1.3.0.jar:/home/codespace/.m2/repository/org/junit/platform/junit-platform-commons/1.12.2/junit-platform-commons-1.12.2.jar:/home/codespace/.m2/repository/org/apiguardian/apiguardian-api/1.1.2/apiguardian-api-1.1.2.jar:/home/codespace/.m2/repository/org/junit/jupiter/junit-jupiter-params/5.12.2/junit-jupiter-params-5.12.2.jar:/home/codespace/.m2/repository/org/junit/jupiter/junit-jupiter-engine/5.12.2/junit-jupiter-engine-5.12.2.jar:/home/codespace/.m2/repository/org/junit/platform/junit-platform-engine/1.12.2/junit-platform-engine-1.12.2.jar:/home/codespace/.m2/repository/org/mockito/mockito-core/5.17.0/mockito-core-5.17.0.jar:/home/codespace/.m2/repository/net/bytebuddy/byte-buddy-agent/1.17.6/byte-buddy-agent-1.17.6.jar:/home/codespace/.m2/repository/org/objenesis/objenesis/3.3/objenesis-3.3.jar:/home/codespace/.m2/repository/org/mockito/mockito-junit-jupiter/5.17.0/mockito-junit-jupiter-5.17.0.jar:/home/codespace/.m2/repository/org/skyscreamer/jsonassert/1.5.3/jsonassert-1.5.3.jar:/home/codespace/.m2/repository/com/vaadin/external/google/android-json/0.0.20131108.vaadin1/android-json-0.0.20131108.vaadin1.jar:/home/codespace/.m2/repository/org/springframework/spring-core/6.2.8/spring-core-6.2.8.jar:/home/codespace/.m2/repository/org/springframework/spring-jcl/6.2.8/spring-jcl-6.2.8.jar:/home/codespace/.m2/repository/org/springframework/spring-test/6.2.8/spring-test-6.2.8.jar:/home/codespace/.m2/repository/org/xmlunit/xmlunit-core/2.10.2/xmlunit-core-2.10.2.jar:"/>
    <property name="sun.cpu.endian" value="little"/>
    <property name="user.home" value="/home/codespace"/>
    <property name="user.language" value="en"/>
    <property name="java.specification.vendor" value="Oracle Corporation"/>
    <property name="java.version.date" value="2025-04-15"/>
    <property name="java.home" value="/usr/local/sdkman/candidates/java/21.0.7-ms"/>
    <property name="file.separator" value="/"/>
    <property name="basedir" value="/workspaces/loan-processing-platform/loan-service"/>
    <property name="java.vm.compressedOopsMode" value="32-bit"/>
    <property name="line.separator" value="&#10;"/>
    <property name="java.vm.specification.vendor" value="Oracle Corporation"/>
    <property name="java.specification.name" value="Java Platform API Specification"/>
    <property name="FILE_LOG_CHARSET" value="UTF-8"/>
    <property name="java.awt.headless" value="true"/>
    <property name="surefire.real.class.path" value="/workspaces/loan-processing-platform/loan-service/target/surefire/surefirebooter-20250713092125385_3.jar"/>
    <property name="sun.management.compiler" value="HotSpot 64-Bit Tiered Compilers"/>
    <property name="java.runtime.version" value="21.0.7+6-LTS"/>
    <property name="user.name" value="codespace"/>
    <property name="stdout.encoding" value="UTF-8"/>
    <property name="path.separator" value=":"/>
    <property name="os.version" value="6.8.0-1027-azure"/>
    <property name="java.runtime.name" value="OpenJDK Runtime Environment"/>
    <property name="file.encoding" value="UTF-8"/>
    <property name="java.vm.name" value="OpenJDK 64-Bit Server VM"/>
    <property name="java.vendor.version" value="Microsoft-11369942"/>
    <property name="localRepository" value="/home/codespace/.m2/repository"/>
    <property name="java.vendor.url.bug" value="https://github.com/microsoft/openjdk/issues"/>
    <property name="java.io.tmpdir" value="/tmp"/>
    <property name="java.version" value="21.0.7"/>
    <property name="user.dir" value="/workspaces/loan-processing-platform/loan-service"/>
    <property name="os.arch" value="amd64"/>
    <property name="java.vm.specification.name" value="Java Virtual Machine Specification"/>
    <property name="PID" value="269304"/>
    <property name="CONSOLE_LOG_CHARSET" value="UTF-8"/>
    <property name="native.encoding" value="UTF-8"/>
    <property name="java.library.path" value="/usr/java/packages/lib:/usr/lib64:/lib64:/lib:/usr/lib"/>
    <property name="java.vm.info" value="mixed mode, sharing"/>
    <property name="stderr.encoding" value="UTF-8"/>
    <property name="java.vendor" value="Microsoft"/>
    <property name="java.vm.version" value="21.0.7+6-LTS"/>
    <property name="sun.io.unicode.encoding" value="UnicodeLittle"/>
    <property name="java.class.version" value="65.0"/>
    <property name="LOGGED_APPLICATION_NAME" value="[loan-service] "/>
  </properties>
  <testcase name="testLoanApply" classname="com.gs.LoanServiceTests" time="2.594">
    <system-out><![CDATA[09:21:26.968 [main] INFO org.springframework.test.context.support.AnnotationConfigContextLoaderUtils -- Could not detect default configuration classes for test class [com.gs.LoanServiceTests]: LoanServiceTests does not declare any static, non-private, non-final, nested classes annotated with @Configuration.
09:21:27.194 [main] INFO org.springframework.boot.test.context.SpringBootTestContextBootstrapper -- Found @SpringBootConfiguration com.gs.LoanServiceApplication for test class com.gs.LoanServiceTests

  .   ____          _            __ _ _
 /\\ / ___'_ __ _ _(_)_ __  __ _ \ \ \ \
( ( )\___ | '_ | '_| | '_ \/ _` | \ \ \ \
 \\/  ___)| |_)| | | | | || (_| |  ) ) ) )
  '  |____| .__|_| |_|_| |_\__, | / / / /
 =========|_|==============|___/=/_/_/_/

 :: Spring Boot ::                (v3.5.3)

2025-07-13T09:21:28.409Z  INFO 269304 --- [loan-service] [           main] com.gs.LoanServiceTests                  : Starting LoanServiceTests using Java 21.0.7 with PID 269304 (started by codespace in /workspaces/loan-processing-platform/loan-service)
2025-07-13T09:21:28.414Z  INFO 269304 --- [loan-service] [           main] com.gs.LoanServiceTests                  : No active profile set, falling back to 1 default profile: "default"
2025-07-13T09:21:30.531Z  INFO 269304 --- [loan-service] [           main] o.s.cloud.context.scope.GenericScope     : BeanFactory id=9050eeb5-dfb3-3397-bdc1-b0cf8d053015
🔍 Kafka Bootstrap Servers: localhost:9092
2025-07-13T09:21:31.068Z  WARN 269304 --- [loan-service] [           main] .s.s.UserDetailsServiceAutoConfiguration : 

Using generated security password: 0ae85039-13ad-4f88-98b8-82f9fe47e8a8

This generated password is for development use only. Your security configuration must be updated before running your application in production.

2025-07-13T09:21:31.076Z  INFO 269304 --- [loan-service] [           main] r$InitializeUserDetailsManagerConfigurer : Global AuthenticationManager configured with UserDetailsService bean with name inMemoryUserDetailsManager
2025-07-13T09:21:32.233Z  INFO 269304 --- [loan-service] [           main] o.s.b.t.m.w.SpringBootMockServletContext : Initializing Spring TestDispatcherServlet ''
2025-07-13T09:21:32.234Z  INFO 269304 --- [loan-service] [           main] o.s.t.web.servlet.TestDispatcherServlet  : Initializing Servlet ''
2025-07-13T09:21:32.237Z  INFO 269304 --- [loan-service] [           main] o.s.t.web.servlet.TestDispatcherServlet  : Completed initialization in 3 ms
2025-07-13T09:21:32.337Z  INFO 269304 --- [loan-service] [           main] DiscoveryClientOptionalArgsConfiguration : Eureka HTTP Client uses RestTemplate.
2025-07-13T09:21:32.410Z  WARN 269304 --- [loan-service] [           main] iguration$LoadBalancerCaffeineWarnLogger : Spring Cloud LoadBalancer is currently working with the default cache. While this cache implementation is useful for development and tests, it's recommended to use Caffeine cache in production.You can switch to using Caffeine cache, by adding it and org.springframework.cache.caffeine.CaffeineCacheManager to the classpath.
2025-07-13T09:21:32.455Z  INFO 269304 --- [loan-service] [           main] o.s.c.n.eureka.InstanceInfoFactory       : Setting initial instance status as: STARTING
2025-07-13T09:21:32.482Z  INFO 269304 --- [loan-service] [           main] com.netflix.discovery.DiscoveryClient    : Initializing Eureka in region us-east-1
2025-07-13T09:21:32.487Z  INFO 269304 --- [loan-service] [           main] c.n.d.s.r.aws.ConfigClusterResolver      : Resolving eureka endpoints via configuration
2025-07-13T09:21:32.499Z  INFO 269304 --- [loan-service] [           main] com.netflix.discovery.DiscoveryClient    : Disable delta property : false
2025-07-13T09:21:32.499Z  INFO 269304 --- [loan-service] [           main] com.netflix.discovery.DiscoveryClient    : Single vip registry refresh property : null
2025-07-13T09:21:32.499Z  INFO 269304 --- [loan-service] [           main] com.netflix.discovery.DiscoveryClient    : Force full registry fetch : false
2025-07-13T09:21:32.499Z  INFO 269304 --- [loan-service] [           main] com.netflix.discovery.DiscoveryClient    : Application is null : false
2025-07-13T09:21:32.501Z  INFO 269304 --- [loan-service] [           main] com.netflix.discovery.DiscoveryClient    : Registered Applications size is zero : true
2025-07-13T09:21:32.502Z  INFO 269304 --- [loan-service] [           main] com.netflix.discovery.DiscoveryClient    : Application version is -1: true
2025-07-13T09:21:32.502Z  INFO 269304 --- [loan-service] [           main] com.netflix.discovery.DiscoveryClient    : Getting all instance registry info from the eureka server
2025-07-13T09:21:33.052Z  INFO 269304 --- [loan-service] [           main] c.n.d.s.t.d.RedirectingEurekaHttpClient  : Request execution error. endpoint=DefaultEndpoint{ serviceUrl='http://localhost:8761/eureka/}, exception=I/O error on GET request for "http://localhost:8761/eureka/apps/": Connect to http://localhost:8761 failed: Connection refused stacktrace=org.springframework.web.client.ResourceAccessException: I/O error on GET request for "http://localhost:8761/eureka/apps/": Connect to http://localhost:8761 failed: Connection refused
	at org.springframework.web.client.RestTemplate.createResourceAccessException(RestTemplate.java:926)
	at org.springframework.web.client.RestTemplate.doExecute(RestTemplate.java:906)
	at org.springframework.web.client.RestTemplate.execute(RestTemplate.java:841)
	at org.springframework.web.client.RestTemplate.exchange(RestTemplate.java:702)
	at org.springframework.cloud.netflix.eureka.http.RestTemplateEurekaHttpClient.getApplicationsInternal(RestTemplateEurekaHttpClient.java:174)
	at org.springframework.cloud.netflix.eureka.http.RestTemplateEurekaHttpClient.getApplications(RestTemplateEurekaHttpClient.java:162)
	at com.netflix.discovery.shared.transport.decorator.EurekaHttpClientDecorator$6.execute(EurekaHttpClientDecorator.java:137)
	at com.netflix.discovery.shared.transport.decorator.RedirectingEurekaHttpClient.executeOnNewServer(RedirectingEurekaHttpClient.java:121)
	at com.netflix.discovery.shared.transport.decorator.RedirectingEurekaHttpClient.execute(RedirectingEurekaHttpClient.java:80)
	at com.netflix.discovery.shared.transport.decorator.EurekaHttpClientDecorator.getApplications(EurekaHttpClientDecorator.java:134)
	at com.netflix.discovery.shared.transport.decorator.EurekaHttpClientDecorator$6.execute(EurekaHttpClientDecorator.java:137)
	at com.netflix.discovery.shared.transport.decorator.RetryableEurekaHttpClient.execute(RetryableEurekaHttpClient.java:120)
	at com.netflix.discovery.shared.transport.decorator.EurekaHttpClientDecorator.getApplications(EurekaHttpClientDecorator.java:134)
	at com.netflix.discovery.shared.transport.decorator.EurekaHttpClientDecorator$6.execute(EurekaHttpClientDecorator.java:137)
	at com.netflix.discovery.shared.transport.decorator.SessionedEurekaHttpClient.execute(SessionedEurekaHttpClient.java:76)
	at com.netflix.discovery.shared.transport.decorator.EurekaHttpClientDecorator.getApplications(EurekaHttpClientDecorator.java:134)
	at com.netflix.discovery.DiscoveryClient.getAndStoreFullRegistry(DiscoveryClient.java:1046)
	at com.netflix.discovery.DiscoveryClient.fetchRegistry(DiscoveryClient.java:961)
	at com.netflix.discovery.DiscoveryClient.<init>(DiscoveryClient.java:410)
	at com.netflix.discovery.DiscoveryClient.<init>(DiscoveryClient.java:245)
	at com.netflix.discovery.DiscoveryClient.<init>(DiscoveryClient.java:240)
	at org.springframework.cloud.netflix.eureka.CloudEurekaClient.<init>(CloudEurekaClient.java:68)
	at org.springframework.cloud.netflix.eureka.EurekaClientAutoConfiguration$RefreshableEurekaClientConfiguration.eurekaClient(EurekaClientAutoConfiguration.java:324)
	at java.base/jdk.internal.reflect.DirectMethodHandleAccessor.invoke(DirectMethodHandleAccessor.java:103)
	at java.base/java.lang.reflect.Method.invoke(Method.java:580)
	at org.springframework.beans.factory.support.SimpleInstantiationStrategy.lambda$instantiate$0(SimpleInstantiationStrategy.java:171)
	at org.springframework.beans.factory.support.SimpleInstantiationStrategy.instantiateWithFactoryMethod(SimpleInstantiationStrategy.java:88)
	at org.springframework.beans.factory.support.SimpleInstantiationStrategy.instantiate(SimpleInstantiationStrategy.java:168)
	at org.springframework.beans.factory.support.ConstructorResolver.instantiate(ConstructorResolver.java:653)
	at org.springframework.beans.factory.support.ConstructorResolver.instantiateUsingFactoryMethod(ConstructorResolver.java:645)
	at org.springframework.beans.factory.support.AbstractAutowireCapableBeanFactory.instantiateUsingFactoryMethod(AbstractAutowireCapableBeanFactory.java:1375)
	at org.springframework.beans.factory.support.AbstractAutowireCapableBeanFactory.createBeanInstance(AbstractAutowireCapableBeanFactory.java:1205)
	at org.springframework.beans.factory.support.AbstractAutowireCapableBeanFactory.doCreateBean(AbstractAutowireCapableBeanFactory.java:569)
	at org.springframework.beans.factory.support.AbstractAutowireCapableBeanFactory.createBean(AbstractAutowireCapableBeanFactory.java:529)
	at org.springframework.beans.factory.support.AbstractBeanFactory.lambda$doGetBean$1(AbstractBeanFactory.java:378)
	at org.springframework.cloud.context.scope.GenericScope$BeanLifecycleWrapper.getBean(GenericScope.java:373)
	at org.springframework.cloud.context.scope.GenericScope.get(GenericScope.java:177)
	at org.springframework.beans.factory.support.AbstractBeanFactory.doGetBean(AbstractBeanFactory.java:375)
	at org.springframework.beans.factory.support.AbstractBeanFactory.getBean(AbstractBeanFactory.java:202)
	at org.springframework.aop.target.SimpleBeanTargetSource.getTarget(SimpleBeanTargetSource.java:35)
	at org.springframework.cloud.netflix.eureka.serviceregistry.EurekaRegistration.getTargetObject(EurekaRegistration.java:128)
	at org.springframework.cloud.netflix.eureka.serviceregistry.EurekaRegistration.getEurekaClient(EurekaRegistration.java:116)
	at java.base/jdk.internal.reflect.DirectMethodHandleAccessor.invoke(DirectMethodHandleAccessor.java:103)
	at java.base/java.lang.reflect.Method.invoke(Method.java:580)
	at org.springframework.util.ReflectionUtils.invokeMethod(ReflectionUtils.java:281)
	at org.springframework.cloud.context.scope.GenericScope$LockedScopedProxyFactoryBean.invoke(GenericScope.java:480)
	at org.springframework.aop.framework.ReflectiveMethodInvocation.proceed(ReflectiveMethodInvocation.java:184)
	at org.springframework.aop.framework.CglibAopProxy$DynamicAdvisedInterceptor.intercept(CglibAopProxy.java:728)
	at org.springframework.cloud.netflix.eureka.serviceregistry.EurekaRegistration$$SpringCGLIB$$0.getEurekaClient(<generated>)
	at org.springframework.cloud.netflix.eureka.serviceregistry.EurekaServiceRegistry.maybeInitializeClient(EurekaServiceRegistry.java:83)
	at org.springframework.cloud.netflix.eureka.serviceregistry.EurekaServiceRegistry.register(EurekaServiceRegistry.java:66)
	at org.springframework.cloud.netflix.eureka.serviceregistry.EurekaAutoServiceRegistration.start(EurekaAutoServiceRegistration.java:89)
	at org.springframework.context.support.DefaultLifecycleProcessor.doStart(DefaultLifecycleProcessor.java:405)
	at org.springframework.context.support.DefaultLifecycleProcessor.doStart(DefaultLifecycleProcessor.java:394)
	at org.springframework.context.support.DefaultLifecycleProcessor$LifecycleGroup.start(DefaultLifecycleProcessor.java:586)
	at java.base/java.lang.Iterable.forEach(Iterable.java:75)
	at org.springframework.context.support.DefaultLifecycleProcessor.startBeans(DefaultLifecycleProcessor.java:364)
	at org.springframework.context.support.DefaultLifecycleProcessor.onRefresh(DefaultLifecycleProcessor.java:310)
	at org.springframework.context.support.AbstractApplicationContext.finishRefresh(AbstractApplicationContext.java:1006)
	at org.springframework.context.support.AbstractApplicationContext.refresh(AbstractApplicationContext.java:630)
	at org.springframework.boot.SpringApplication.refresh(SpringApplication.java:752)
	at org.springframework.boot.SpringApplication.refreshContext(SpringApplication.java:439)
	at org.springframework.boot.SpringApplication.run(SpringApplication.java:318)
	at org.springframework.boot.test.context.SpringBootContextLoader.lambda$loadContext$3(SpringBootContextLoader.java:144)
	at org.springframework.util.function.ThrowingSupplier.get(ThrowingSupplier.java:58)
	at org.springframework.util.function.ThrowingSupplier.get(ThrowingSupplier.java:46)
	at org.springframework.boot.SpringApplication.withHook(SpringApplication.java:1461)
	at org.springframework.boot.test.context.SpringBootContextLoader$ContextLoaderHook.run(SpringBootContextLoader.java:563)
	at org.springframework.boot.test.context.SpringBootContextLoader.loadContext(SpringBootContextLoader.java:144)
	at org.springframework.boot.test.context.SpringBootContextLoader.loadContext(SpringBootContextLoader.java:110)
	at org.springframework.test.context.cache.DefaultCacheAwareContextLoaderDelegate.loadContextInternal(DefaultCacheAwareContextLoaderDelegate.java:225)
	at org.springframework.test.context.cache.DefaultCacheAwareContextLoaderDelegate.loadContext(DefaultCacheAwareContextLoaderDelegate.java:152)
	at org.springframework.test.context.support.DefaultTestContext.getApplicationContext(DefaultTestContext.java:130)
	at org.springframework.test.context.web.ServletTestExecutionListener.setUpRequestContextIfNecessary(ServletTestExecutionListener.java:200)
	at org.springframework.test.context.web.ServletTestExecutionListener.prepareTestInstance(ServletTestExecutionListener.java:139)
	at org.springframework.test.context.TestContextManager.prepareTestInstance(TestContextManager.java:260)
	at org.springframework.test.context.junit.jupiter.SpringExtension.postProcessTestInstance(SpringExtension.java:159)
	at org.junit.jupiter.engine.descriptor.ClassBasedTestDescriptor.lambda$invokeTestInstancePostProcessors$10(ClassBasedTestDescriptor.java:383)
	at org.junit.jupiter.engine.descriptor.ClassBasedTestDescriptor.executeAndMaskThrowable(ClassBasedTestDescriptor.java:388)
	at org.junit.jupiter.engine.descriptor.ClassBasedTestDescriptor.lambda$invokeTestInstancePostProcessors$11(ClassBasedTestDescriptor.java:382)
	at java.base/java.util.stream.ForEachOps$ForEachOp$OfRef.accept(ForEachOps.java:184)
	at java.base/java.util.stream.ReferencePipeline$3$1.accept(ReferencePipeline.java:197)
	at java.base/java.util.stream.ReferencePipeline$2$1.accept(ReferencePipeline.java:179)
	at java.base/java.util.stream.ReferencePipeline$3$1.accept(ReferencePipeline.java:197)
	at java.base/java.util.ArrayList$ArrayListSpliterator.forEachRemaining(ArrayList.java:1708)
	at java.base/java.util.stream.AbstractPipeline.copyInto(AbstractPipeline.java:509)
	at java.base/java.util.stream.AbstractPipeline.wrapAndCopyInto(AbstractPipeline.java:499)
	at java.base/java.util.stream.ForEachOps$ForEachOp.evaluateSequential(ForEachOps.java:151)
	at java.base/java.util.stream.ForEachOps$ForEachOp$OfRef.evaluateSequential(ForEachOps.java:174)
	at java.base/java.util.stream.AbstractPipeline.evaluate(AbstractPipeline.java:234)
	at java.base/java.util.stream.ReferencePipeline.forEach(ReferencePipeline.java:596)
	at org.junit.jupiter.engine.descriptor.ClassBasedTestDescriptor.invokeTestInstancePostProcessors(ClassBasedTestDescriptor.java:382)
	at org.junit.jupiter.engine.descriptor.ClassBasedTestDescriptor.lambda$instantiateAndPostProcessTestInstance$6(ClassBasedTestDescriptor.java:293)
	at org.junit.platform.engine.support.hierarchical.ThrowableCollector.execute(ThrowableCollector.java:73)
	at org.junit.jupiter.engine.descriptor.ClassBasedTestDescriptor.instantiateAndPostProcessTestInstance(ClassBasedTestDescriptor.java:292)
	at org.junit.jupiter.engine.descriptor.ClassBasedTestDescriptor.lambda$testInstancesProvider$4(ClassBasedTestDescriptor.java:281)
	at java.base/java.util.Optional.orElseGet(Optional.java:364)
	at org.junit.jupiter.engine.descriptor.ClassBasedTestDescriptor.lambda$testInstancesProvider$5(ClassBasedTestDescriptor.java:280)
	at org.junit.jupiter.engine.execution.TestInstancesProvider.getTestInstances(TestInstancesProvider.java:27)
	at org.junit.jupiter.engine.descriptor.TestMethodTestDescriptor.lambda$prepare$0(TestMethodTestDescriptor.java:112)
	at org.junit.platform.engine.support.hierarchical.ThrowableCollector.execute(ThrowableCollector.java:73)
	at org.junit.jupiter.engine.descriptor.TestMethodTestDescriptor.prepare(TestMethodTestDescriptor.java:111)
	at org.junit.jupiter.engine.descriptor.TestMethodTestDescriptor.prepare(TestMethodTestDescriptor.java:69)
	at org.junit.platform.engine.support.hierarchical.NodeTestTask.lambda$prepare$2(NodeTestTask.java:128)
	at org.junit.platform.engine.support.hierarchical.ThrowableCollector.execute(ThrowableCollector.java:73)
	at org.junit.platform.engine.support.hierarchical.NodeTestTask.prepare(NodeTestTask.java:128)
	at org.junit.platform.engine.support.hierarchical.NodeTestTask.execute(NodeTestTask.java:95)
	at java.base/java.util.ArrayList.forEach(ArrayList.java:1596)
	at org.junit.platform.engine.support.hierarchical.SameThreadHierarchicalTestExecutorService.invokeAll(SameThreadHierarchicalTestExecutorService.java:41)
	at org.junit.platform.engine.support.hierarchical.NodeTestTask.lambda$executeRecursively$6(NodeTestTask.java:160)
	at org.junit.platform.engine.support.hierarchical.ThrowableCollector.execute(ThrowableCollector.java:73)
	at org.junit.platform.engine.support.hierarchical.NodeTestTask.lambda$executeRecursively$8(NodeTestTask.java:146)
	at org.junit.platform.engine.support.hierarchical.Node.around(Node.java:137)
	at org.junit.platform.engine.support.hierarchical.NodeTestTask.lambda$executeRecursively$9(NodeTestTask.java:144)
	at org.junit.platform.engine.support.hierarchical.ThrowableCollector.execute(ThrowableCollector.java:73)
	at org.junit.platform.engine.support.hierarchical.NodeTestTask.executeRecursively(NodeTestTask.java:143)
	at org.junit.platform.engine.support.hierarchical.NodeTestTask.execute(NodeTestTask.java:100)
	at java.base/java.util.ArrayList.forEach(ArrayList.java:1596)
	at org.junit.platform.engine.support.hierarchical.SameThreadHierarchicalTestExecutorService.invokeAll(SameThreadHierarchicalTestExecutorService.java:41)
	at org.junit.platform.engine.support.hierarchical.NodeTestTask.lambda$executeRecursively$6(NodeTestTask.java:160)
	at org.junit.platform.engine.support.hierarchical.ThrowableCollector.execute(ThrowableCollector.java:73)
	at org.junit.platform.engine.support.hierarchical.NodeTestTask.lambda$executeRecursively$8(NodeTestTask.java:146)
	at org.junit.platform.engine.support.hierarchical.Node.around(Node.java:137)
	at org.junit.platform.engine.support.hierarchical.NodeTestTask.lambda$executeRecursively$9(NodeTestTask.java:144)
	at org.junit.platform.engine.support.hierarchical.ThrowableCollector.execute(ThrowableCollector.java:73)
	at org.junit.platform.engine.support.hierarchical.NodeTestTask.executeRecursively(NodeTestTask.java:143)
	at org.junit.platform.engine.support.hierarchical.NodeTestTask.execute(NodeTestTask.java:100)
	at org.junit.platform.engine.support.hierarchical.SameThreadHierarchicalTestExecutorService.submit(SameThreadHierarchicalTestExecutorService.java:35)
	at org.junit.platform.engine.support.hierarchical.HierarchicalTestExecutor.execute(HierarchicalTestExecutor.java:57)
	at org.junit.platform.engine.support.hierarchical.HierarchicalTestEngine.execute(HierarchicalTestEngine.java:54)
	at org.junit.platform.launcher.core.EngineExecutionOrchestrator.execute(EngineExecutionOrchestrator.java:201)
	at org.junit.platform.launcher.core.EngineExecutionOrchestrator.execute(EngineExecutionOrchestrator.java:170)
	at org.junit.platform.launcher.core.EngineExecutionOrchestrator.execute(EngineExecutionOrchestrator.java:94)
	at org.junit.platform.launcher.core.EngineExecutionOrchestrator.lambda$execute$0(EngineExecutionOrchestrator.java:59)
	at org.junit.platform.launcher.core.EngineExecutionOrchestrator.withInterceptedStreams(EngineExecutionOrchestrator.java:142)
	at org.junit.platform.launcher.core.EngineExecutionOrchestrator.execute(EngineExecutionOrchestrator.java:58)
	at org.junit.platform.launcher.core.DefaultLauncher.execute(DefaultLauncher.java:103)
	at org.junit.platform.launcher.core.DefaultLauncher.execute(DefaultLauncher.java:85)
	at org.junit.platform.launcher.core.DelegatingLauncher.execute(DelegatingLauncher.java:47)
	at org.junit.platform.launcher.core.InterceptingLauncher.lambda$execute$1(InterceptingLauncher.java:39)
	at org.junit.platform.launcher.core.ClasspathAlignmentCheckingLauncherInterceptor.intercept(ClasspathAlignmentCheckingLauncherInterceptor.java:25)
	at org.junit.platform.launcher.core.InterceptingLauncher.execute(InterceptingLauncher.java:38)
	at org.junit.platform.launcher.core.DelegatingLauncher.execute(DelegatingLauncher.java:47)
	at org.apache.maven.surefire.junitplatform.LazyLauncher.execute(LazyLauncher.java:56)
	at org.apache.maven.surefire.junitplatform.JUnitPlatformProvider.execute(JUnitPlatformProvider.java:194)
	at org.apache.maven.surefire.junitplatform.JUnitPlatformProvider.invokeAllTests(JUnitPlatformProvider.java:150)
	at org.apache.maven.surefire.junitplatform.JUnitPlatformProvider.invoke(JUnitPlatformProvider.java:124)
	at org.apache.maven.surefire.booter.ForkedBooter.runSuitesInProcess(ForkedBooter.java:385)
	at org.apache.maven.surefire.booter.ForkedBooter.execute(ForkedBooter.java:162)
	at org.apache.maven.surefire.booter.ForkedBooter.run(ForkedBooter.java:507)
	at org.apache.maven.surefire.booter.ForkedBooter.main(ForkedBooter.java:495)
Caused by: org.apache.hc.client5.http.HttpHostConnectException: Connect to http://localhost:8761 failed: Connection refused
	at java.base/sun.nio.ch.Net.pollConnect(Native Method)
	at java.base/sun.nio.ch.Net.pollConnectNow(Net.java:682)
	at java.base/sun.nio.ch.NioSocketImpl.timedFinishConnect(NioSocketImpl.java:542)
	at java.base/sun.nio.ch.NioSocketImpl.connect(NioSocketImpl.java:592)
	at java.base/java.net.SocksSocketImpl.connect(SocksSocketImpl.java:327)
	at java.base/java.net.Socket.connect(Socket.java:751)
	at org.apache.hc.client5.http.impl.io.DefaultHttpClientConnectionOperator.connect(DefaultHttpClientConnectionOperator.java:205)
	at org.apache.hc.client5.http.impl.io.PoolingHttpClientConnectionManager.connect(PoolingHttpClientConnectionManager.java:490)
	at org.apache.hc.client5.http.impl.classic.InternalExecRuntime.connectEndpoint(InternalExecRuntime.java:164)
	at org.apache.hc.client5.http.impl.classic.InternalExecRuntime.connectEndpoint(InternalExecRuntime.java:174)
	at org.apache.hc.client5.http.impl.classic.ConnectExec.execute(ConnectExec.java:144)
	at org.apache.hc.client5.http.impl.classic.ExecChainElement.execute(ExecChainElement.java:51)
	at org.apache.hc.client5.http.impl.classic.ProtocolExec.execute(ProtocolExec.java:195)
	at org.apache.hc.client5.http.impl.classic.ExecChainElement.execute(ExecChainElement.java:51)
	at org.apache.hc.client5.http.impl.classic.ContentCompressionExec.execute(ContentCompressionExec.java:150)
	at org.apache.hc.client5.http.impl.classic.ExecChainElement.execute(ExecChainElement.java:51)
	at org.apache.hc.client5.http.impl.classic.HttpRequestRetryExec.execute(HttpRequestRetryExec.java:113)
	at org.apache.hc.client5.http.impl.classic.ExecChainElement.execute(ExecChainElement.java:51)
	at org.apache.hc.client5.http.impl.classic.RedirectExec.execute(RedirectExec.java:110)
	at org.apache.hc.client5.http.impl.classic.ExecChainElement.execute(ExecChainElement.java:51)
	at org.apache.hc.client5.http.impl.classic.InternalHttpClient.doExecute(InternalHttpClient.java:185)
	at org.apache.hc.client5.http.impl.classic.CloseableHttpClient.execute(CloseableHttpClient.java:87)
	at org.apache.hc.client5.http.impl.classic.CloseableHttpClient.execute(CloseableHttpClient.java:55)
	at org.apache.hc.client5.http.classic.HttpClient.executeOpen(HttpClient.java:183)
	at org.springframework.http.client.HttpComponentsClientHttpRequest.executeInternal(HttpComponentsClientHttpRequest.java:99)
	at org.springframework.http.client.AbstractStreamingClientHttpRequest.executeInternal(AbstractStreamingClientHttpRequest.java:71)
	at org.springframework.http.client.AbstractClientHttpRequest.execute(AbstractClientHttpRequest.java:81)
	at org.springframework.http.client.InterceptingClientHttpRequest$InterceptingRequestExecution.execute(InterceptingClientHttpRequest.java:117)
	at org.springframework.cloud.netflix.eureka.http.RestTemplateTransportClientFactory.lambda$restTemplate$2(RestTemplateTransportClientFactory.java:145)
	at org.springframework.http.client.InterceptingClientHttpRequest$InterceptingRequestExecution.execute(InterceptingClientHttpRequest.java:88)
	at org.springframework.http.client.InterceptingClientHttpRequest.executeInternal(InterceptingClientHttpRequest.java:72)
	at org.springframework.http.client.AbstractBufferingClientHttpRequest.executeInternal(AbstractBufferingClientHttpRequest.java:48)
	at org.springframework.http.client.AbstractClientHttpRequest.execute(AbstractClientHttpRequest.java:81)
	at org.springframework.web.client.RestTemplate.doExecute(RestTemplate.java:900)
	... 149 more

2025-07-13T09:21:33.056Z  WARN 269304 --- [loan-service] [           main] c.n.d.s.t.d.RetryableEurekaHttpClient    : Request execution failed with message: I/O error on GET request for "http://localhost:8761/eureka/apps/": Connect to http://localhost:8761 failed: Connection refused
2025-07-13T09:21:33.057Z  INFO 269304 --- [loan-service] [           main] com.netflix.discovery.DiscoveryClient    : DiscoveryClient_LOAN-SERVICE/bbba1312-45e0-4ef7-a27d-ff60c219f4a9.internal.cloudapp.net:loan-service:8083 - was unable to refresh its cache! This periodic background refresh will be retried in 30 seconds. status = Cannot execute request on any known server stacktrace = com.netflix.discovery.shared.transport.TransportException: Cannot execute request on any known server
	at com.netflix.discovery.shared.transport.decorator.RetryableEurekaHttpClient.execute(RetryableEurekaHttpClient.java:112)
	at com.netflix.discovery.shared.transport.decorator.EurekaHttpClientDecorator.getApplications(EurekaHttpClientDecorator.java:134)
	at com.netflix.discovery.shared.transport.decorator.EurekaHttpClientDecorator$6.execute(EurekaHttpClientDecorator.java:137)
	at com.netflix.discovery.shared.transport.decorator.SessionedEurekaHttpClient.execute(SessionedEurekaHttpClient.java:76)
	at com.netflix.discovery.shared.transport.decorator.EurekaHttpClientDecorator.getApplications(EurekaHttpClientDecorator.java:134)
	at com.netflix.discovery.DiscoveryClient.getAndStoreFullRegistry(DiscoveryClient.java:1046)
	at com.netflix.discovery.DiscoveryClient.fetchRegistry(DiscoveryClient.java:961)
	at com.netflix.discovery.DiscoveryClient.<init>(DiscoveryClient.java:410)
	at com.netflix.discovery.DiscoveryClient.<init>(DiscoveryClient.java:245)
	at com.netflix.discovery.DiscoveryClient.<init>(DiscoveryClient.java:240)
	at org.springframework.cloud.netflix.eureka.CloudEurekaClient.<init>(CloudEurekaClient.java:68)
	at org.springframework.cloud.netflix.eureka.EurekaClientAutoConfiguration$RefreshableEurekaClientConfiguration.eurekaClient(EurekaClientAutoConfiguration.java:324)
	at java.base/jdk.internal.reflect.DirectMethodHandleAccessor.invoke(DirectMethodHandleAccessor.java:103)
	at java.base/java.lang.reflect.Method.invoke(Method.java:580)
	at org.springframework.beans.factory.support.SimpleInstantiationStrategy.lambda$instantiate$0(SimpleInstantiationStrategy.java:171)
	at org.springframework.beans.factory.support.SimpleInstantiationStrategy.instantiateWithFactoryMethod(SimpleInstantiationStrategy.java:88)
	at org.springframework.beans.factory.support.SimpleInstantiationStrategy.instantiate(SimpleInstantiationStrategy.java:168)
	at org.springframework.beans.factory.support.ConstructorResolver.instantiate(ConstructorResolver.java:653)
	at org.springframework.beans.factory.support.ConstructorResolver.instantiateUsingFactoryMethod(ConstructorResolver.java:645)
	at org.springframework.beans.factory.support.AbstractAutowireCapableBeanFactory.instantiateUsingFactoryMethod(AbstractAutowireCapableBeanFactory.java:1375)
	at org.springframework.beans.factory.support.AbstractAutowireCapableBeanFactory.createBeanInstance(AbstractAutowireCapableBeanFactory.java:1205)
	at org.springframework.beans.factory.support.AbstractAutowireCapableBeanFactory.doCreateBean(AbstractAutowireCapableBeanFactory.java:569)
	at org.springframework.beans.factory.support.AbstractAutowireCapableBeanFactory.createBean(AbstractAutowireCapableBeanFactory.java:529)
	at org.springframework.beans.factory.support.AbstractBeanFactory.lambda$doGetBean$1(AbstractBeanFactory.java:378)
	at org.springframework.cloud.context.scope.GenericScope$BeanLifecycleWrapper.getBean(GenericScope.java:373)
	at org.springframework.cloud.context.scope.GenericScope.get(GenericScope.java:177)
	at org.springframework.beans.factory.support.AbstractBeanFactory.doGetBean(AbstractBeanFactory.java:375)
	at org.springframework.beans.factory.support.AbstractBeanFactory.getBean(AbstractBeanFactory.java:202)
	at org.springframework.aop.target.SimpleBeanTargetSource.getTarget(SimpleBeanTargetSource.java:35)
	at org.springframework.cloud.netflix.eureka.serviceregistry.EurekaRegistration.getTargetObject(EurekaRegistration.java:128)
	at org.springframework.cloud.netflix.eureka.serviceregistry.EurekaRegistration.getEurekaClient(EurekaRegistration.java:116)
	at java.base/jdk.internal.reflect.DirectMethodHandleAccessor.invoke(DirectMethodHandleAccessor.java:103)
	at java.base/java.lang.reflect.Method.invoke(Method.java:580)
	at org.springframework.util.ReflectionUtils.invokeMethod(ReflectionUtils.java:281)
	at org.springframework.cloud.context.scope.GenericScope$LockedScopedProxyFactoryBean.invoke(GenericScope.java:480)
	at org.springframework.aop.framework.ReflectiveMethodInvocation.proceed(ReflectiveMethodInvocation.java:184)
	at org.springframework.aop.framework.CglibAopProxy$DynamicAdvisedInterceptor.intercept(CglibAopProxy.java:728)
	at org.springframework.cloud.netflix.eureka.serviceregistry.EurekaRegistration$$SpringCGLIB$$0.getEurekaClient(<generated>)
	at org.springframework.cloud.netflix.eureka.serviceregistry.EurekaServiceRegistry.maybeInitializeClient(EurekaServiceRegistry.java:83)
	at org.springframework.cloud.netflix.eureka.serviceregistry.EurekaServiceRegistry.register(EurekaServiceRegistry.java:66)
	at org.springframework.cloud.netflix.eureka.serviceregistry.EurekaAutoServiceRegistration.start(EurekaAutoServiceRegistration.java:89)
	at org.springframework.context.support.DefaultLifecycleProcessor.doStart(DefaultLifecycleProcessor.java:405)
	at org.springframework.context.support.DefaultLifecycleProcessor.doStart(DefaultLifecycleProcessor.java:394)
	at org.springframework.context.support.DefaultLifecycleProcessor$LifecycleGroup.start(DefaultLifecycleProcessor.java:586)
	at java.base/java.lang.Iterable.forEach(Iterable.java:75)
	at org.springframework.context.support.DefaultLifecycleProcessor.startBeans(DefaultLifecycleProcessor.java:364)
	at org.springframework.context.support.DefaultLifecycleProcessor.onRefresh(DefaultLifecycleProcessor.java:310)
	at org.springframework.context.support.AbstractApplicationContext.finishRefresh(AbstractApplicationContext.java:1006)
	at org.springframework.context.support.AbstractApplicationContext.refresh(AbstractApplicationContext.java:630)
	at org.springframework.boot.SpringApplication.refresh(SpringApplication.java:752)
	at org.springframework.boot.SpringApplication.refreshContext(SpringApplication.java:439)
	at org.springframework.boot.SpringApplication.run(SpringApplication.java:318)
	at org.springframework.boot.test.context.SpringBootContextLoader.lambda$loadContext$3(SpringBootContextLoader.java:144)
	at org.springframework.util.function.ThrowingSupplier.get(ThrowingSupplier.java:58)
	at org.springframework.util.function.ThrowingSupplier.get(ThrowingSupplier.java:46)
	at org.springframework.boot.SpringApplication.withHook(SpringApplication.java:1461)
	at org.springframework.boot.test.context.SpringBootContextLoader$ContextLoaderHook.run(SpringBootContextLoader.java:563)
	at org.springframework.boot.test.context.SpringBootContextLoader.loadContext(SpringBootContextLoader.java:144)
	at org.springframework.boot.test.context.SpringBootContextLoader.loadContext(SpringBootContextLoader.java:110)
	at org.springframework.test.context.cache.DefaultCacheAwareContextLoaderDelegate.loadContextInternal(DefaultCacheAwareContextLoaderDelegate.java:225)
	at org.springframework.test.context.cache.DefaultCacheAwareContextLoaderDelegate.loadContext(DefaultCacheAwareContextLoaderDelegate.java:152)
	at org.springframework.test.context.support.DefaultTestContext.getApplicationContext(DefaultTestContext.java:130)
	at org.springframework.test.context.web.ServletTestExecutionListener.setUpRequestContextIfNecessary(ServletTestExecutionListener.java:200)
	at org.springframework.test.context.web.ServletTestExecutionListener.prepareTestInstance(ServletTestExecutionListener.java:139)
	at org.springframework.test.context.TestContextManager.prepareTestInstance(TestContextManager.java:260)
	at org.springframework.test.context.junit.jupiter.SpringExtension.postProcessTestInstance(SpringExtension.java:159)
	at org.junit.jupiter.engine.descriptor.ClassBasedTestDescriptor.lambda$invokeTestInstancePostProcessors$10(ClassBasedTestDescriptor.java:383)
	at org.junit.jupiter.engine.descriptor.ClassBasedTestDescriptor.executeAndMaskThrowable(ClassBasedTestDescriptor.java:388)
	at org.junit.jupiter.engine.descriptor.ClassBasedTestDescriptor.lambda$invokeTestInstancePostProcessors$11(ClassBasedTestDescriptor.java:382)
	at java.base/java.util.stream.ForEachOps$ForEachOp$OfRef.accept(ForEachOps.java:184)
	at java.base/java.util.stream.ReferencePipeline$3$1.accept(ReferencePipeline.java:197)
	at java.base/java.util.stream.ReferencePipeline$2$1.accept(ReferencePipeline.java:179)
	at java.base/java.util.stream.ReferencePipeline$3$1.accept(ReferencePipeline.java:197)
	at java.base/java.util.ArrayList$ArrayListSpliterator.forEachRemaining(ArrayList.java:1708)
	at java.base/java.util.stream.AbstractPipeline.copyInto(AbstractPipeline.java:509)
	at java.base/java.util.stream.AbstractPipeline.wrapAndCopyInto(AbstractPipeline.java:499)
	at java.base/java.util.stream.ForEachOps$ForEachOp.evaluateSequential(ForEachOps.java:151)
	at java.base/java.util.stream.ForEachOps$ForEachOp$OfRef.evaluateSequential(ForEachOps.java:174)
	at java.base/java.util.stream.AbstractPipeline.evaluate(AbstractPipeline.java:234)
	at java.base/java.util.stream.ReferencePipeline.forEach(ReferencePipeline.java:596)
	at org.junit.jupiter.engine.descriptor.ClassBasedTestDescriptor.invokeTestInstancePostProcessors(ClassBasedTestDescriptor.java:382)
	at org.junit.jupiter.engine.descriptor.ClassBasedTestDescriptor.lambda$instantiateAndPostProcessTestInstance$6(ClassBasedTestDescriptor.java:293)
	at org.junit.platform.engine.support.hierarchical.ThrowableCollector.execute(ThrowableCollector.java:73)
	at org.junit.jupiter.engine.descriptor.ClassBasedTestDescriptor.instantiateAndPostProcessTestInstance(ClassBasedTestDescriptor.java:292)
	at org.junit.jupiter.engine.descriptor.ClassBasedTestDescriptor.lambda$testInstancesProvider$4(ClassBasedTestDescriptor.java:281)
	at java.base/java.util.Optional.orElseGet(Optional.java:364)
	at org.junit.jupiter.engine.descriptor.ClassBasedTestDescriptor.lambda$testInstancesProvider$5(ClassBasedTestDescriptor.java:280)
	at org.junit.jupiter.engine.execution.TestInstancesProvider.getTestInstances(TestInstancesProvider.java:27)
	at org.junit.jupiter.engine.descriptor.TestMethodTestDescriptor.lambda$prepare$0(TestMethodTestDescriptor.java:112)
	at org.junit.platform.engine.support.hierarchical.ThrowableCollector.execute(ThrowableCollector.java:73)
	at org.junit.jupiter.engine.descriptor.TestMethodTestDescriptor.prepare(TestMethodTestDescriptor.java:111)
	at org.junit.jupiter.engine.descriptor.TestMethodTestDescriptor.prepare(TestMethodTestDescriptor.java:69)
	at org.junit.platform.engine.support.hierarchical.NodeTestTask.lambda$prepare$2(NodeTestTask.java:128)
	at org.junit.platform.engine.support.hierarchical.ThrowableCollector.execute(ThrowableCollector.java:73)
	at org.junit.platform.engine.support.hierarchical.NodeTestTask.prepare(NodeTestTask.java:128)
	at org.junit.platform.engine.support.hierarchical.NodeTestTask.execute(NodeTestTask.java:95)
	at java.base/java.util.ArrayList.forEach(ArrayList.java:1596)
	at org.junit.platform.engine.support.hierarchical.SameThreadHierarchicalTestExecutorService.invokeAll(SameThreadHierarchicalTestExecutorService.java:41)
	at org.junit.platform.engine.support.hierarchical.NodeTestTask.lambda$executeRecursively$6(NodeTestTask.java:160)
	at org.junit.platform.engine.support.hierarchical.ThrowableCollector.execute(ThrowableCollector.java:73)
	at org.junit.platform.engine.support.hierarchical.NodeTestTask.lambda$executeRecursively$8(NodeTestTask.java:146)
	at org.junit.platform.engine.support.hierarchical.Node.around(Node.java:137)
	at org.junit.platform.engine.support.hierarchical.NodeTestTask.lambda$executeRecursively$9(NodeTestTask.java:144)
	at org.junit.platform.engine.support.hierarchical.ThrowableCollector.execute(ThrowableCollector.java:73)
	at org.junit.platform.engine.support.hierarchical.NodeTestTask.executeRecursively(NodeTestTask.java:143)
	at org.junit.platform.engine.support.hierarchical.NodeTestTask.execute(NodeTestTask.java:100)
	at java.base/java.util.ArrayList.forEach(ArrayList.java:1596)
	at org.junit.platform.engine.support.hierarchical.SameThreadHierarchicalTestExecutorService.invokeAll(SameThreadHierarchicalTestExecutorService.java:41)
	at org.junit.platform.engine.support.hierarchical.NodeTestTask.lambda$executeRecursively$6(NodeTestTask.java:160)
	at org.junit.platform.engine.support.hierarchical.ThrowableCollector.execute(ThrowableCollector.java:73)
	at org.junit.platform.engine.support.hierarchical.NodeTestTask.lambda$executeRecursively$8(NodeTestTask.java:146)
	at org.junit.platform.engine.support.hierarchical.Node.around(Node.java:137)
	at org.junit.platform.engine.support.hierarchical.NodeTestTask.lambda$executeRecursively$9(NodeTestTask.java:144)
	at org.junit.platform.engine.support.hierarchical.ThrowableCollector.execute(ThrowableCollector.java:73)
	at org.junit.platform.engine.support.hierarchical.NodeTestTask.executeRecursively(NodeTestTask.java:143)
	at org.junit.platform.engine.support.hierarchical.NodeTestTask.execute(NodeTestTask.java:100)
	at org.junit.platform.engine.support.hierarchical.SameThreadHierarchicalTestExecutorService.submit(SameThreadHierarchicalTestExecutorService.java:35)
	at org.junit.platform.engine.support.hierarchical.HierarchicalTestExecutor.execute(HierarchicalTestExecutor.java:57)
	at org.junit.platform.engine.support.hierarchical.HierarchicalTestEngine.execute(HierarchicalTestEngine.java:54)
	at org.junit.platform.launcher.core.EngineExecutionOrchestrator.execute(EngineExecutionOrchestrator.java:201)
	at org.junit.platform.launcher.core.EngineExecutionOrchestrator.execute(EngineExecutionOrchestrator.java:170)
	at org.junit.platform.launcher.core.EngineExecutionOrchestrator.execute(EngineExecutionOrchestrator.java:94)
	at org.junit.platform.launcher.core.EngineExecutionOrchestrator.lambda$execute$0(EngineExecutionOrchestrator.java:59)
	at org.junit.platform.launcher.core.EngineExecutionOrchestrator.withInterceptedStreams(EngineExecutionOrchestrator.java:142)
	at org.junit.platform.launcher.core.EngineExecutionOrchestrator.execute(EngineExecutionOrchestrator.java:58)
	at org.junit.platform.launcher.core.DefaultLauncher.execute(DefaultLauncher.java:103)
	at org.junit.platform.launcher.core.DefaultLauncher.execute(DefaultLauncher.java:85)
	at org.junit.platform.launcher.core.DelegatingLauncher.execute(DelegatingLauncher.java:47)
	at org.junit.platform.launcher.core.InterceptingLauncher.lambda$execute$1(InterceptingLauncher.java:39)
	at org.junit.platform.launcher.core.ClasspathAlignmentCheckingLauncherInterceptor.intercept(ClasspathAlignmentCheckingLauncherInterceptor.java:25)
	at org.junit.platform.launcher.core.InterceptingLauncher.execute(InterceptingLauncher.java:38)
	at org.junit.platform.launcher.core.DelegatingLauncher.execute(DelegatingLauncher.java:47)
	at org.apache.maven.surefire.junitplatform.LazyLauncher.execute(LazyLauncher.java:56)
	at org.apache.maven.surefire.junitplatform.JUnitPlatformProvider.execute(JUnitPlatformProvider.java:194)
	at org.apache.maven.surefire.junitplatform.JUnitPlatformProvider.invokeAllTests(JUnitPlatformProvider.java:150)
	at org.apache.maven.surefire.junitplatform.JUnitPlatformProvider.invoke(JUnitPlatformProvider.java:124)
	at org.apache.maven.surefire.booter.ForkedBooter.runSuitesInProcess(ForkedBooter.java:385)
	at org.apache.maven.surefire.booter.ForkedBooter.execute(ForkedBooter.java:162)
	at org.apache.maven.surefire.booter.ForkedBooter.run(ForkedBooter.java:507)
	at org.apache.maven.surefire.booter.ForkedBooter.main(ForkedBooter.java:495)

2025-07-13T09:21:33.060Z  INFO 269304 --- [loan-service] [           main] com.netflix.discovery.DiscoveryClient    : Initial registry fetch from primary servers failed
2025-07-13T09:21:33.060Z  WARN 269304 --- [loan-service] [           main] com.netflix.discovery.DiscoveryClient    : Using default backup registry implementation which does not do anything.
2025-07-13T09:21:33.061Z  INFO 269304 --- [loan-service] [           main] com.netflix.discovery.DiscoveryClient    : Initial registry fetch from backup servers failed
2025-07-13T09:21:33.062Z  INFO 269304 --- [loan-service] [           main] com.netflix.discovery.DiscoveryClient    : Starting heartbeat executor: renew interval is: 30
2025-07-13T09:21:33.064Z  INFO 269304 --- [loan-service] [           main] c.n.discovery.InstanceInfoReplicator     : InstanceInfoReplicator onDemand update allowed rate per min is 4
2025-07-13T09:21:33.068Z  INFO 269304 --- [loan-service] [           main] com.netflix.discovery.DiscoveryClient    : Discovery Client initialized at timestamp 1752398493065 with initial instances count: 0
2025-07-13T09:21:33.076Z  INFO 269304 --- [loan-service] [           main] o.s.c.n.e.s.EurekaServiceRegistry        : Registering application LOAN-SERVICE with eureka with status UP
2025-07-13T09:21:33.079Z  INFO 269304 --- [loan-service] [           main] com.netflix.discovery.DiscoveryClient    : Saw local status change event StatusChangeEvent [timestamp=1752398493079, current=UP, previous=STARTING]
2025-07-13T09:21:33.082Z  INFO 269304 --- [loan-service] [foReplicator-%d] com.netflix.discovery.DiscoveryClient    : DiscoveryClient_LOAN-SERVICE/bbba1312-45e0-4ef7-a27d-ff60c219f4a9.internal.cloudapp.net:loan-service:8083: registering service...
2025-07-13T09:21:33.118Z  INFO 269304 --- [loan-service] [           main] com.gs.LoanServiceTests                  : Started LoanServiceTests in 5.314 seconds (process running for 7.617)
2025-07-13T09:21:33.210Z  INFO 269304 --- [loan-service] [foReplicator-%d] c.n.d.s.t.d.RedirectingEurekaHttpClient  : Request execution error. endpoint=DefaultEndpoint{ serviceUrl='http://localhost:8761/eureka/}, exception=I/O error on POST request for "http://localhost:8761/eureka/apps/LOAN-SERVICE": Connect to http://localhost:8761 failed: Connection refused stacktrace=org.springframework.web.client.ResourceAccessException: I/O error on POST request for "http://localhost:8761/eureka/apps/LOAN-SERVICE": Connect to http://localhost:8761 failed: Connection refused
	at org.springframework.web.client.RestTemplate.createResourceAccessException(RestTemplate.java:926)
	at org.springframework.web.client.RestTemplate.doExecute(RestTemplate.java:906)
	at org.springframework.web.client.RestTemplate.execute(RestTemplate.java:841)
	at org.springframework.web.client.RestTemplate.exchange(RestTemplate.java:702)
	at org.springframework.cloud.netflix.eureka.http.RestTemplateEurekaHttpClient.register(RestTemplateEurekaHttpClient.java:87)
	at com.netflix.discovery.shared.transport.decorator.EurekaHttpClientDecorator$1.execute(EurekaHttpClientDecorator.java:59)
	at com.netflix.discovery.shared.transport.decorator.RedirectingEurekaHttpClient.executeOnNewServer(RedirectingEurekaHttpClient.java:121)
	at com.netflix.discovery.shared.transport.decorator.RedirectingEurekaHttpClient.execute(RedirectingEurekaHttpClient.java:80)
	at com.netflix.discovery.shared.transport.decorator.EurekaHttpClientDecorator.register(EurekaHttpClientDecorator.java:56)
	at com.netflix.discovery.shared.transport.decorator.EurekaHttpClientDecorator$1.execute(EurekaHttpClientDecorator.java:59)
	at com.netflix.discovery.shared.transport.decorator.RetryableEurekaHttpClient.execute(RetryableEurekaHttpClient.java:120)
	at com.netflix.discovery.shared.transport.decorator.EurekaHttpClientDecorator.register(EurekaHttpClientDecorator.java:56)
	at com.netflix.discovery.shared.transport.decorator.EurekaHttpClientDecorator$1.execute(EurekaHttpClientDecorator.java:59)
	at com.netflix.discovery.shared.transport.decorator.SessionedEurekaHttpClient.execute(SessionedEurekaHttpClient.java:76)
	at com.netflix.discovery.shared.transport.decorator.EurekaHttpClientDecorator.register(EurekaHttpClientDecorator.java:56)
	at com.netflix.discovery.DiscoveryClient.register(DiscoveryClient.java:828)
	at com.netflix.discovery.InstanceInfoReplicator.run(InstanceInfoReplicator.java:125)
	at com.netflix.discovery.InstanceInfoReplicator$2.run(InstanceInfoReplicator.java:105)
	at java.base/java.util.concurrent.Executors$RunnableAdapter.call(Executors.java:572)
	at java.base/java.util.concurrent.FutureTask.run(FutureTask.java:317)
	at java.base/java.util.concurrent.ScheduledThreadPoolExecutor$ScheduledFutureTask.run(ScheduledThreadPoolExecutor.java:304)
	at java.base/java.util.concurrent.ThreadPoolExecutor.runWorker(ThreadPoolExecutor.java:1144)
	at java.base/java.util.concurrent.ThreadPoolExecutor$Worker.run(ThreadPoolExecutor.java:642)
	at java.base/java.lang.Thread.run(Thread.java:1583)
Caused by: org.apache.hc.client5.http.HttpHostConnectException: Connect to http://localhost:8761 failed: Connection refused
	at java.base/sun.nio.ch.Net.pollConnect(Native Method)
	at java.base/sun.nio.ch.Net.pollConnectNow(Net.java:682)
	at java.base/sun.nio.ch.NioSocketImpl.timedFinishConnect(NioSocketImpl.java:542)
	at java.base/sun.nio.ch.NioSocketImpl.connect(NioSocketImpl.java:592)
	at java.base/java.net.SocksSocketImpl.connect(SocksSocketImpl.java:327)
	at java.base/java.net.Socket.connect(Socket.java:751)
	at org.apache.hc.client5.http.impl.io.DefaultHttpClientConnectionOperator.connect(DefaultHttpClientConnectionOperator.java:205)
	at org.apache.hc.client5.http.impl.io.PoolingHttpClientConnectionManager.connect(PoolingHttpClientConnectionManager.java:490)
	at org.apache.hc.client5.http.impl.classic.InternalExecRuntime.connectEndpoint(InternalExecRuntime.java:164)
	at org.apache.hc.client5.http.impl.classic.InternalExecRuntime.connectEndpoint(InternalExecRuntime.java:174)
	at org.apache.hc.client5.http.impl.classic.ConnectExec.execute(ConnectExec.java:144)
	at org.apache.hc.client5.http.impl.classic.ExecChainElement.execute(ExecChainElement.java:51)
	at org.apache.hc.client5.http.impl.classic.ProtocolExec.execute(ProtocolExec.java:195)
	at org.apache.hc.client5.http.impl.classic.ExecChainElement.execute(ExecChainElement.java:51)
	at org.apache.hc.client5.http.impl.classic.ContentCompressionExec.execute(ContentCompressionExec.java:150)
	at org.apache.hc.client5.http.impl.classic.ExecChainElement.execute(ExecChainElement.java:51)
	at org.apache.hc.client5.http.impl.classic.HttpRequestRetryExec.execute(HttpRequestRetryExec.java:113)
	at org.apache.hc.client5.http.impl.classic.ExecChainElement.execute(ExecChainElement.java:51)
	at org.apache.hc.client5.http.impl.classic.RedirectExec.execute(RedirectExec.java:110)
	at org.apache.hc.client5.http.impl.classic.ExecChainElement.execute(ExecChainElement.java:51)
	at org.apache.hc.client5.http.impl.classic.InternalHttpClient.doExecute(InternalHttpClient.java:185)
	at org.apache.hc.client5.http.impl.classic.CloseableHttpClient.execute(CloseableHttpClient.java:87)
	at org.apache.hc.client5.http.impl.classic.CloseableHttpClient.execute(CloseableHttpClient.java:55)
	at org.apache.hc.client5.http.classic.HttpClient.executeOpen(HttpClient.java:183)
	at org.springframework.http.client.HttpComponentsClientHttpRequest.executeInternal(HttpComponentsClientHttpRequest.java:99)
	at org.springframework.http.client.AbstractStreamingClientHttpRequest.executeInternal(AbstractStreamingClientHttpRequest.java:71)
	at org.springframework.http.client.AbstractClientHttpRequest.execute(AbstractClientHttpRequest.java:81)
	at org.springframework.http.client.InterceptingClientHttpRequest$InterceptingRequestExecution.execute(InterceptingClientHttpRequest.java:117)
	at org.springframework.cloud.netflix.eureka.http.RestTemplateTransportClientFactory.lambda$restTemplate$2(RestTemplateTransportClientFactory.java:145)
	at org.springframework.http.client.InterceptingClientHttpRequest$InterceptingRequestExecution.execute(InterceptingClientHttpRequest.java:88)
	at org.springframework.http.client.InterceptingClientHttpRequest.executeInternal(InterceptingClientHttpRequest.java:72)
	at org.springframework.http.client.AbstractBufferingClientHttpRequest.executeInternal(AbstractBufferingClientHttpRequest.java:48)
	at org.springframework.http.client.AbstractClientHttpRequest.execute(AbstractClientHttpRequest.java:81)
	at org.springframework.web.client.RestTemplate.doExecute(RestTemplate.java:900)
	... 22 more

2025-07-13T09:21:33.214Z  WARN 269304 --- [loan-service] [foReplicator-%d] c.n.d.s.t.d.RetryableEurekaHttpClient    : Request execution failed with message: I/O error on POST request for "http://localhost:8761/eureka/apps/LOAN-SERVICE": Connect to http://localhost:8761 failed: Connection refused
2025-07-13T09:21:33.214Z  WARN 269304 --- [loan-service] [foReplicator-%d] com.netflix.discovery.DiscoveryClient    : DiscoveryClient_LOAN-SERVICE/bbba1312-45e0-4ef7-a27d-ff60c219f4a9.internal.cloudapp.net:loan-service:8083 - registration failed Cannot execute request on any known server

com.netflix.discovery.shared.transport.TransportException: Cannot execute request on any known server
	at com.netflix.discovery.shared.transport.decorator.RetryableEurekaHttpClient.execute(RetryableEurekaHttpClient.java:112) ~[eureka-client-2.0.4.jar:2.0.4]
	at com.netflix.discovery.shared.transport.decorator.EurekaHttpClientDecorator.register(EurekaHttpClientDecorator.java:56) ~[eureka-client-2.0.4.jar:2.0.4]
	at com.netflix.discovery.shared.transport.decorator.EurekaHttpClientDecorator$1.execute(EurekaHttpClientDecorator.java:59) ~[eureka-client-2.0.4.jar:2.0.4]
	at com.netflix.discovery.shared.transport.decorator.SessionedEurekaHttpClient.execute(SessionedEurekaHttpClient.java:76) ~[eureka-client-2.0.4.jar:2.0.4]
	at com.netflix.discovery.shared.transport.decorator.EurekaHttpClientDecorator.register(EurekaHttpClientDecorator.java:56) ~[eureka-client-2.0.4.jar:2.0.4]
	at com.netflix.discovery.DiscoveryClient.register(DiscoveryClient.java:828) ~[eureka-client-2.0.4.jar:2.0.4]
	at com.netflix.discovery.InstanceInfoReplicator.run(InstanceInfoReplicator.java:125) ~[eureka-client-2.0.4.jar:2.0.4]
	at com.netflix.discovery.InstanceInfoReplicator$2.run(InstanceInfoReplicator.java:105) ~[eureka-client-2.0.4.jar:2.0.4]
	at java.base/java.util.concurrent.Executors$RunnableAdapter.call(Executors.java:572) ~[na:na]
	at java.base/java.util.concurrent.FutureTask.run(FutureTask.java:317) ~[na:na]
	at java.base/java.util.concurrent.ScheduledThreadPoolExecutor$ScheduledFutureTask.run(ScheduledThreadPoolExecutor.java:304) ~[na:na]
	at java.base/java.util.concurrent.ThreadPoolExecutor.runWorker(ThreadPoolExecutor.java:1144) ~[na:na]
	at java.base/java.util.concurrent.ThreadPoolExecutor$Worker.run(ThreadPoolExecutor.java:642) ~[na:na]
	at java.base/java.lang.Thread.run(Thread.java:1583) ~[na:na]

2025-07-13T09:21:33.223Z  WARN 269304 --- [loan-service] [foReplicator-%d] c.n.discovery.InstanceInfoReplicator     : There was a problem with the instance info replicator

com.netflix.discovery.shared.transport.TransportException: Cannot execute request on any known server
	at com.netflix.discovery.shared.transport.decorator.RetryableEurekaHttpClient.execute(RetryableEurekaHttpClient.java:112) ~[eureka-client-2.0.4.jar:2.0.4]
	at com.netflix.discovery.shared.transport.decorator.EurekaHttpClientDecorator.register(EurekaHttpClientDecorator.java:56) ~[eureka-client-2.0.4.jar:2.0.4]
	at com.netflix.discovery.shared.transport.decorator.EurekaHttpClientDecorator$1.execute(EurekaHttpClientDecorator.java:59) ~[eureka-client-2.0.4.jar:2.0.4]
	at com.netflix.discovery.shared.transport.decorator.SessionedEurekaHttpClient.execute(SessionedEurekaHttpClient.java:76) ~[eureka-client-2.0.4.jar:2.0.4]
	at com.netflix.discovery.shared.transport.decorator.EurekaHttpClientDecorator.register(EurekaHttpClientDecorator.java:56) ~[eureka-client-2.0.4.jar:2.0.4]
	at com.netflix.discovery.DiscoveryClient.register(DiscoveryClient.java:828) ~[eureka-client-2.0.4.jar:2.0.4]
	at com.netflix.discovery.InstanceInfoReplicator.run(InstanceInfoReplicator.java:125) ~[eureka-client-2.0.4.jar:2.0.4]
	at com.netflix.discovery.InstanceInfoReplicator$2.run(InstanceInfoReplicator.java:105) ~[eureka-client-2.0.4.jar:2.0.4]
	at java.base/java.util.concurrent.Executors$RunnableAdapter.call(Executors.java:572) ~[na:na]
	at java.base/java.util.concurrent.FutureTask.run(FutureTask.java:317) ~[na:na]
	at java.base/java.util.concurrent.ScheduledThreadPoolExecutor$ScheduledFutureTask.run(ScheduledThreadPoolExecutor.java:304) ~[na:na]
	at java.base/java.util.concurrent.ThreadPoolExecutor.runWorker(ThreadPoolExecutor.java:1144) ~[na:na]
	at java.base/java.util.concurrent.ThreadPoolExecutor$Worker.run(ThreadPoolExecutor.java:642) ~[na:na]
	at java.base/java.lang.Thread.run(Thread.java:1583) ~[na:na]

Testing Loan Apply with JSON: "{\"customerId\":\"cust123\",\"amount\":50000,\"termInMonths\":24,\"purpose\":\"Home\"}"
null null
2025-07-13T09:21:34.423Z  INFO 269304 --- [loan-service] [           main] o.a.k.clients.producer.ProducerConfig    : ProducerConfig values: 
	acks = -1
	auto.include.jmx.reporter = true
	batch.size = 16384
	bootstrap.servers = [localhost:9092]
	buffer.memory = 33554432
	client.dns.lookup = use_all_dns_ips
	client.id = loan-service-producer-1
	compression.gzip.level = -1
	compression.lz4.level = 9
	compression.type = none
	compression.zstd.level = 3
	connections.max.idle.ms = 540000
	delivery.timeout.ms = 120000
	enable.idempotence = true
	enable.metrics.push = true
	interceptor.classes = []
	key.serializer = class org.apache.kafka.common.serialization.StringSerializer
	linger.ms = 0
	max.block.ms = 60000
	max.in.flight.requests.per.connection = 5
	max.request.size = 1048576
	metadata.max.age.ms = 300000
	metadata.max.idle.ms = 300000
	metadata.recovery.strategy = none
	metric.reporters = []
	metrics.num.samples = 2
	metrics.recording.level = INFO
	metrics.sample.window.ms = 30000
	partitioner.adaptive.partitioning.enable = true
	partitioner.availability.timeout.ms = 0
	partitioner.class = null
	partitioner.ignore.keys = false
	receive.buffer.bytes = 32768
	reconnect.backoff.max.ms = 1000
	reconnect.backoff.ms = 50
	request.timeout.ms = 30000
	retries = 2147483647
	retry.backoff.max.ms = 1000
	retry.backoff.ms = 100
	sasl.client.callback.handler.class = null
	sasl.jaas.config = null
	sasl.kerberos.kinit.cmd = /usr/bin/kinit
	sasl.kerberos.min.time.before.relogin = 60000
	sasl.kerberos.service.name = null
	sasl.kerberos.ticket.renew.jitter = 0.05
	sasl.kerberos.ticket.renew.window.factor = 0.8
	sasl.login.callback.handler.class = null
	sasl.login.class = null
	sasl.login.connect.timeout.ms = null
	sasl.login.read.timeout.ms = null
	sasl.login.refresh.buffer.seconds = 300
	sasl.login.refresh.min.period.seconds = 60
	sasl.login.refresh.window.factor = 0.8
	sasl.login.refresh.window.jitter = 0.05
	sasl.login.retry.backoff.max.ms = 10000
	sasl.login.retry.backoff.ms = 100
	sasl.mechanism = GSSAPI
	sasl.oauthbearer.clock.skew.seconds = 30
	sasl.oauthbearer.expected.audience = null
	sasl.oauthbearer.expected.issuer = null
	sasl.oauthbearer.header.urlencode = false
	sasl.oauthbearer.jwks.endpoint.refresh.ms = 3600000
	sasl.oauthbearer.jwks.endpoint.retry.backoff.max.ms = 10000
	sasl.oauthbearer.jwks.endpoint.retry.backoff.ms = 100
	sasl.oauthbearer.jwks.endpoint.url = null
	sasl.oauthbearer.scope.claim.name = scope
	sasl.oauthbearer.sub.claim.name = sub
	sasl.oauthbearer.token.endpoint.url = null
	security.protocol = PLAINTEXT
	security.providers = null
	send.buffer.bytes = 131072
	socket.connection.setup.timeout.max.ms = 30000
	socket.connection.setup.timeout.ms = 10000
	ssl.cipher.suites = null
	ssl.enabled.protocols = [TLSv1.2, TLSv1.3]
	ssl.endpoint.identification.algorithm = https
	ssl.engine.factory.class = null
	ssl.key.password = null
	ssl.keymanager.algorithm = SunX509
	ssl.keystore.certificate.chain = null
	ssl.keystore.key = null
	ssl.keystore.location = null
	ssl.keystore.password = null
	ssl.keystore.type = JKS
	ssl.protocol = TLSv1.3
	ssl.provider = null
	ssl.secure.random.implementation = null
	ssl.trustmanager.algorithm = PKIX
	ssl.truststore.certificates = null
	ssl.truststore.location = null
	ssl.truststore.password = null
	ssl.truststore.type = JKS
	transaction.timeout.ms = 60000
	transactional.id = null
	value.serializer = class org.springframework.kafka.support.serializer.JsonSerializer

2025-07-13T09:21:34.481Z  INFO 269304 --- [loan-service] [           main] o.a.k.c.t.i.KafkaMetricsCollector        : initializing Kafka metrics collector
2025-07-13T09:21:34.746Z  INFO 269304 --- [loan-service] [           main] o.a.k.clients.producer.KafkaProducer     : [Producer clientId=loan-service-producer-1] Instantiated an idempotent producer.
2025-07-13T09:21:34.881Z DEBUG 269304 --- [loan-service] [vice-producer-1] o.a.k.clients.producer.internals.Sender  : [Producer clientId=loan-service-producer-1] Starting Kafka producer I/O thread.
2025-07-13T09:21:34.883Z  INFO 269304 --- [loan-service] [           main] o.a.kafka.common.utils.AppInfoParser     : Kafka version: 3.9.1
2025-07-13T09:21:34.883Z  INFO 269304 --- [loan-service] [           main] o.a.kafka.common.utils.AppInfoParser     : Kafka commitId: f745dfdcee2b9851
2025-07-13T09:21:34.883Z  INFO 269304 --- [loan-service] [           main] o.a.kafka.common.utils.AppInfoParser     : Kafka startTimeMs: 1752398494879
2025-07-13T09:21:34.882Z DEBUG 269304 --- [loan-service] [vice-producer-1] o.a.k.c.p.internals.TransactionManager   : [Producer clientId=loan-service-producer-1] Transition from state UNINITIALIZED to INITIALIZING
2025-07-13T09:21:34.887Z DEBUG 269304 --- [loan-service] [           main] o.a.k.clients.producer.KafkaProducer     : [Producer clientId=loan-service-producer-1] Kafka producer started
2025-07-13T09:21:34.889Z DEBUG 269304 --- [loan-service] [           main] o.s.k.core.DefaultKafkaProducerFactory   : Created new Producer: CloseSafeProducer [delegate=org.apache.kafka.clients.producer.KafkaProducer@3b3a3a92]
2025-07-13T09:21:35.452Z DEBUG 269304 --- [loan-service] [vice-producer-1] o.a.k.c.p.internals.TransactionManager   : [Producer clientId=loan-service-producer-1] Enqueuing transactional request InitProducerIdRequestData(transactionalId=null, transactionTimeoutMs=2147483647, producerId=-1, producerEpoch=-1)
2025-07-13T09:21:35.455Z DEBUG 269304 --- [loan-service] [vice-producer-1] org.apache.kafka.clients.NetworkClient   : [Producer clientId=loan-service-producer-1] Initialize connection to node localhost:9092 (id: -1 rack: null) for sending metadata request
2025-07-13T09:21:35.456Z DEBUG 269304 --- [loan-service] [vice-producer-1] org.apache.kafka.clients.ClientUtils     : Resolved host localhost as 127.0.0.1
2025-07-13T09:21:35.457Z DEBUG 269304 --- [loan-service] [vice-producer-1] o.a.k.clients.ClusterConnectionStates    : [Producer clientId=loan-service-producer-1] Resolved host localhost to addresses [localhost/127.0.0.1]
2025-07-13T09:21:35.458Z DEBUG 269304 --- [loan-service] [vice-producer-1] org.apache.kafka.clients.NetworkClient   : [Producer clientId=loan-service-producer-1] Initiating connection to node localhost:9092 (id: -1 rack: null) using address localhost/127.0.0.1
2025-07-13T09:21:35.477Z DEBUG 269304 --- [loan-service] [vice-producer-1] o.apache.kafka.common.network.Selector   : [Producer clientId=loan-service-producer-1] Created socket with SO_RCVBUF = 32768, SO_SNDBUF = 131072, SO_TIMEOUT = 0 to node -1
2025-07-13T09:21:35.479Z DEBUG 269304 --- [loan-service] [vice-producer-1] org.apache.kafka.clients.NetworkClient   : [Producer clientId=loan-service-producer-1] Completed connection to node -1. Fetching API versions.
2025-07-13T09:21:35.480Z DEBUG 269304 --- [loan-service] [vice-producer-1] org.apache.kafka.clients.NetworkClient   : [Producer clientId=loan-service-producer-1] Initiating API versions fetch from node -1.
2025-07-13T09:21:35.506Z DEBUG 269304 --- [loan-service] [vice-producer-1] org.apache.kafka.clients.NetworkClient   : [Producer clientId=loan-service-producer-1] Sending API_VERSIONS request with header RequestHeader(apiKey=API_VERSIONS, apiVersion=4, clientId=loan-service-producer-1, correlationId=0, headerVersion=2) and timeout 30000 to node -1: ApiVersionsRequestData(clientSoftwareName='apache-kafka-java', clientSoftwareVersion='3.9.1')
2025-07-13T09:21:35.547Z DEBUG 269304 --- [loan-service] [vice-producer-1] org.apache.kafka.clients.NetworkClient   : [Producer clientId=loan-service-producer-1] Received API_VERSIONS response from node -1 for request with header RequestHeader(apiKey=API_VERSIONS, apiVersion=4, clientId=loan-service-producer-1, correlationId=0, headerVersion=2): ApiVersionsResponseData(errorCode=35, apiKeys=[ApiVersion(apiKey=18, minVersion=0, maxVersion=3)], throttleTimeMs=0, supportedFeatures=[], finalizedFeaturesEpoch=-1, finalizedFeatures=[], zkMigrationReady=false)
2025-07-13T09:21:35.627Z DEBUG 269304 --- [loan-service] [vice-producer-1] org.apache.kafka.clients.NetworkClient   : [Producer clientId=loan-service-producer-1] Initiating API versions fetch from node -1.
2025-07-13T09:21:35.628Z DEBUG 269304 --- [loan-service] [vice-producer-1] org.apache.kafka.clients.NetworkClient   : [Producer clientId=loan-service-producer-1] Sending API_VERSIONS request with header RequestHeader(apiKey=API_VERSIONS, apiVersion=3, clientId=loan-service-producer-1, correlationId=1, headerVersion=2) and timeout 30000 to node -1: ApiVersionsRequestData(clientSoftwareName='apache-kafka-java', clientSoftwareVersion='3.9.1')
2025-07-13T09:21:35.638Z DEBUG 269304 --- [loan-service] [vice-producer-1] org.apache.kafka.clients.NetworkClient   : [Producer clientId=loan-service-producer-1] Received API_VERSIONS response from node -1 for request with header RequestHeader(apiKey=API_VERSIONS, apiVersion=3, clientId=loan-service-producer-1, correlationId=1, headerVersion=2): ApiVersionsResponseData(errorCode=0, apiKeys=[ApiVersion(apiKey=0, minVersion=0, maxVersion=9), ApiVersion(apiKey=1, minVersion=0, maxVersion=15), ApiVersion(apiKey=2, minVersion=0, maxVersion=8), ApiVersion(apiKey=3, minVersion=0, maxVersion=12), ApiVersion(apiKey=4, minVersion=0, maxVersion=7), ApiVersion(apiKey=5, minVersion=0, maxVersion=4), ApiVersion(apiKey=6, minVersion=0, maxVersion=8), ApiVersion(apiKey=7, minVersion=0, maxVersion=3), ApiVersion(apiKey=8, minVersion=0, maxVersion=8), ApiVersion(apiKey=9, minVersion=0, maxVersion=8), ApiVersion(apiKey=10, minVersion=0, maxVersion=4), ApiVersion(apiKey=11, minVersion=0, maxVersion=9), ApiVersion(apiKey=12, minVersion=0, maxVersion=4), ApiVersion(apiKey=13, minVersion=0, maxVersion=5), ApiVersion(apiKey=14, minVersion=0, maxVersion=5), ApiVersion(apiKey=15, minVersion=0, maxVersion=5), ApiVersion(apiKey=16, minVersion=0, maxVersion=4), ApiVersion(apiKey=17, minVersion=0, maxVersion=1), ApiVersion(apiKey=18, minVersion=0, maxVersion=3), ApiVersion(apiKey=19, minVersion=0, maxVersion=7), ApiVersion(apiKey=20, minVersion=0, maxVersion=6), ApiVersion(apiKey=21, minVersion=0, maxVersion=2), ApiVersion(apiKey=22, minVersion=0, maxVersion=4), ApiVersion(apiKey=23, minVersion=0, maxVersion=4), ApiVersion(apiKey=24, minVersion=0, maxVersion=4), ApiVersion(apiKey=25, minVersion=0, maxVersion=3), ApiVersion(apiKey=26, minVersion=0, maxVersion=3), ApiVersion(apiKey=27, minVersion=0, maxVersion=1), ApiVersion(apiKey=28, minVersion=0, maxVersion=3), ApiVersion(apiKey=29, minVersion=0, maxVersion=3), ApiVersion(apiKey=30, minVersion=0, maxVersion=3), ApiVersion(apiKey=31, minVersion=0, maxVersion=3), ApiVersion(apiKey=32, minVersion=0, maxVersion=4), ApiVersion(apiKey=33, minVersion=0, maxVersion=2), ApiVersion(apiKey=34, minVersion=0, maxVersion=2), ApiVersion(apiKey=35, minVersion=0, maxVersion=4), ApiVersion(apiKey=36, minVersion=0, maxVersion=2), ApiVersion(apiKey=37, minVersion=0, maxVersion=3), ApiVersion(apiKey=38, minVersion=0, maxVersion=3), ApiVersion(apiKey=39, minVersion=0, maxVersion=2), ApiVersion(apiKey=40, minVersion=0, maxVersion=2), ApiVersion(apiKey=41, minVersion=0, maxVersion=3), ApiVersion(apiKey=42, minVersion=0, maxVersion=2), ApiVersion(apiKey=43, minVersion=0, maxVersion=2), ApiVersion(apiKey=44, minVersion=0, maxVersion=1), ApiVersion(apiKey=45, minVersion=0, maxVersion=0), ApiVersion(apiKey=46, minVersion=0, maxVersion=0), ApiVersion(apiKey=47, minVersion=0, maxVersion=0), ApiVersion(apiKey=48, minVersion=0, maxVersion=1), ApiVersion(apiKey=49, minVersion=0, maxVersion=1), ApiVersion(apiKey=50, minVersion=0, maxVersion=0), ApiVersion(apiKey=51, minVersion=0, maxVersion=0), ApiVersion(apiKey=56, minVersion=0, maxVersion=3), ApiVersion(apiKey=57, minVersion=0, maxVersion=1), ApiVersion(apiKey=58, minVersion=0, maxVersion=0), ApiVersion(apiKey=60, minVersion=0, maxVersion=0), ApiVersion(apiKey=61, minVersion=0, maxVersion=0), ApiVersion(apiKey=65, minVersion=0, maxVersion=0), ApiVersion(apiKey=66, minVersion=0, maxVersion=0), ApiVersion(apiKey=67, minVersion=0, maxVersion=0)], throttleTimeMs=0, supportedFeatures=[], finalizedFeaturesEpoch=0, finalizedFeatures=[], zkMigrationReady=false)
2025-07-13T09:21:35.644Z DEBUG 269304 --- [loan-service] [vice-producer-1] org.apache.kafka.clients.NetworkClient   : [Producer clientId=loan-service-producer-1] Node -1 has finalized features epoch: 0, finalized features: [], supported features: [], ZK migration ready: false, API versions: (Produce(0): 0 to 9 [usable: 9], Fetch(1): 0 to 15 [usable: 15], ListOffsets(2): 0 to 8 [usable: 8], Metadata(3): 0 to 12 [usable: 12], LeaderAndIsr(4): 0 to 7 [usable: 7], StopReplica(5): 0 to 4 [usable: 4], UpdateMetadata(6): 0 to 8 [usable: 8], ControlledShutdown(7): 0 to 3 [usable: 3], OffsetCommit(8): 0 to 8 [usable: 8], OffsetFetch(9): 0 to 8 [usable: 8], FindCoordinator(10): 0 to 4 [usable: 4], JoinGroup(11): 0 to 9 [usable: 9], Heartbeat(12): 0 to 4 [usable: 4], LeaveGroup(13): 0 to 5 [usable: 5], SyncGroup(14): 0 to 5 [usable: 5], DescribeGroups(15): 0 to 5 [usable: 5], ListGroups(16): 0 to 4 [usable: 4], SaslHandshake(17): 0 to 1 [usable: 1], ApiVersions(18): 0 to 3 [usable: 3], CreateTopics(19): 0 to 7 [usable: 7], DeleteTopics(20): 0 to 6 [usable: 6], DeleteRecords(21): 0 to 2 [usable: 2], InitProducerId(22): 0 to 4 [usable: 4], OffsetForLeaderEpoch(23): 0 to 4 [usable: 4], AddPartitionsToTxn(24): 0 to 4 [usable: 4], AddOffsetsToTxn(25): 0 to 3 [usable: 3], EndTxn(26): 0 to 3 [usable: 3], WriteTxnMarkers(27): 0 to 1 [usable: 1], TxnOffsetCommit(28): 0 to 3 [usable: 3], DescribeAcls(29): 0 to 3 [usable: 3], CreateAcls(30): 0 to 3 [usable: 3], DeleteAcls(31): 0 to 3 [usable: 3], DescribeConfigs(32): 0 to 4 [usable: 4], AlterConfigs(33): 0 to 2 [usable: 2], AlterReplicaLogDirs(34): 0 to 2 [usable: 2], DescribeLogDirs(35): 0 to 4 [usable: 4], SaslAuthenticate(36): 0 to 2 [usable: 2], CreatePartitions(37): 0 to 3 [usable: 3], CreateDelegationToken(38): 0 to 3 [usable: 3], RenewDelegationToken(39): 0 to 2 [usable: 2], ExpireDelegationToken(40): 0 to 2 [usable: 2], DescribeDelegationToken(41): 0 to 3 [usable: 3], DeleteGroups(42): 0 to 2 [usable: 2], ElectLeaders(43): 0 to 2 [usable: 2], IncrementalAlterConfigs(44): 0 to 1 [usable: 1], AlterPartitionReassignments(45): 0 [usable: 0], ListPartitionReassignments(46): 0 [usable: 0], OffsetDelete(47): 0 [usable: 0], DescribeClientQuotas(48): 0 to 1 [usable: 1], AlterClientQuotas(49): 0 to 1 [usable: 1], DescribeUserScramCredentials(50): 0 [usable: 0], AlterUserScramCredentials(51): 0 [usable: 0], DescribeQuorum(55): UNSUPPORTED, AlterPartition(56): 0 to 3 [usable: 3], UpdateFeatures(57): 0 to 1 [usable: 1], Envelope(58): 0 [usable: 0], DescribeCluster(60): 0 [usable: 0], DescribeProducers(61): 0 [usable: 0], UnregisterBroker(64): UNSUPPORTED, DescribeTransactions(65): 0 [usable: 0], ListTransactions(66): 0 [usable: 0], AllocateProducerIds(67): 0 [usable: 0], ConsumerGroupHeartbeat(68): UNSUPPORTED, ConsumerGroupDescribe(69): UNSUPPORTED, GetTelemetrySubscriptions(71): UNSUPPORTED, PushTelemetry(72): UNSUPPORTED, ListClientMetricsResources(74): UNSUPPORTED, DescribeTopicPartitions(75): UNSUPPORTED, ShareGroupHeartbeat(76): UNSUPPORTED, ShareGroupDescribe(77): UNSUPPORTED, ShareFetch(78): UNSUPPORTED, ShareAcknowledge(79): UNSUPPORTED, AddRaftVoter(80): UNSUPPORTED, RemoveRaftVoter(81): UNSUPPORTED, InitializeShareGroupState(83): UNSUPPORTED, ReadShareGroupState(84): UNSUPPORTED, WriteShareGroupState(85): UNSUPPORTED, DeleteShareGroupState(86): UNSUPPORTED, ReadShareGroupStateSummary(87): UNSUPPORTED).
2025-07-13T09:21:35.646Z DEBUG 269304 --- [loan-service] [vice-producer-1] org.apache.kafka.clients.NetworkClient   : [Producer clientId=loan-service-producer-1] Sending metadata request MetadataRequestData(topics=[MetadataRequestTopic(topicId=AAAAAAAAAAAAAAAAAAAAAA, name='loan-events')], allowAutoTopicCreation=true, includeClusterAuthorizedOperations=false, includeTopicAuthorizedOperations=false) to node localhost:9092 (id: -1 rack: null)
2025-07-13T09:21:35.646Z DEBUG 269304 --- [loan-service] [vice-producer-1] org.apache.kafka.clients.NetworkClient   : [Producer clientId=loan-service-producer-1] Sending METADATA request with header RequestHeader(apiKey=METADATA, apiVersion=12, clientId=loan-service-producer-1, correlationId=2, headerVersion=2) and timeout 30000 to node -1: MetadataRequestData(topics=[MetadataRequestTopic(topicId=AAAAAAAAAAAAAAAAAAAAAA, name='loan-events')], allowAutoTopicCreation=true, includeClusterAuthorizedOperations=false, includeTopicAuthorizedOperations=false)
2025-07-13T09:21:35.647Z DEBUG 269304 --- [loan-service] [vice-producer-1] org.apache.kafka.clients.NetworkClient   : [Producer clientId=loan-service-producer-1] Give up sending telemetry request since no node is available
2025-07-13T09:21:35.649Z DEBUG 269304 --- [loan-service] [vice-producer-1] o.a.k.clients.producer.internals.Sender  : [Producer clientId=loan-service-producer-1] Sending transactional request InitProducerIdRequestData(transactionalId=null, transactionTimeoutMs=2147483647, producerId=-1, producerEpoch=-1) to node localhost:9092 (id: -1 rack: null) with correlation ID 3
2025-07-13T09:21:35.650Z DEBUG 269304 --- [loan-service] [vice-producer-1] org.apache.kafka.clients.NetworkClient   : [Producer clientId=loan-service-producer-1] Sending INIT_PRODUCER_ID request with header RequestHeader(apiKey=INIT_PRODUCER_ID, apiVersion=4, clientId=loan-service-producer-1, correlationId=3, headerVersion=2) and timeout 30000 to node -1: InitProducerIdRequestData(transactionalId=null, transactionTimeoutMs=2147483647, producerId=-1, producerEpoch=-1)
2025-07-13T09:21:35.650Z DEBUG 269304 --- [loan-service] [vice-producer-1] org.apache.kafka.clients.NetworkClient   : [Producer clientId=loan-service-producer-1] Give up sending telemetry request since no node is available
2025-07-13T09:21:35.651Z DEBUG 269304 --- [loan-service] [vice-producer-1] o.a.k.c.t.i.ClientTelemetryReporter      : Creating telemetry subscription request with client instance id AAAAAAAAAAAAAAAAAAAAAA
2025-07-13T09:21:35.652Z DEBUG 269304 --- [loan-service] [vice-producer-1] o.a.k.c.t.i.ClientTelemetryReporter      : Setting telemetry state from SUBSCRIPTION_NEEDED to SUBSCRIPTION_IN_PROGRESS
2025-07-13T09:21:35.652Z DEBUG 269304 --- [loan-service] [vice-producer-1] org.apache.kafka.clients.NetworkClient   : [Producer clientId=loan-service-producer-1] Version mismatch when attempting to send GetTelemetrySubscriptionsRequestData(clientInstanceId=AAAAAAAAAAAAAAAAAAAAAA) with correlation id 4 to -1

org.apache.kafka.common.errors.UnsupportedVersionException: The node does not support GET_TELEMETRY_SUBSCRIPTIONS

2025-07-13T09:21:35.653Z DEBUG 269304 --- [loan-service] [vice-producer-1] o.a.k.c.t.i.ClientTelemetryReporter      : The broker generated an error for the get telemetry network API request

org.apache.kafka.common.errors.UnsupportedVersionException: The node does not support GET_TELEMETRY_SUBSCRIPTIONS

2025-07-13T09:21:35.654Z DEBUG 269304 --- [loan-service] [vice-producer-1] o.a.k.c.t.i.ClientTelemetryReporter      : Updating intervalMs: 300000, lastRequestMs: 1752398495654
2025-07-13T09:21:35.654Z DEBUG 269304 --- [loan-service] [vice-producer-1] o.a.k.c.t.i.ClientTelemetryReporter      : Setting telemetry state from SUBSCRIPTION_IN_PROGRESS to SUBSCRIPTION_NEEDED
2025-07-13T09:21:35.680Z DEBUG 269304 --- [loan-service] [vice-producer-1] org.apache.kafka.clients.NetworkClient   : [Producer clientId=loan-service-producer-1] Received METADATA response from node -1 for request with header RequestHeader(apiKey=METADATA, apiVersion=12, clientId=loan-service-producer-1, correlationId=2, headerVersion=2): MetadataResponseData(throttleTimeMs=0, brokers=[MetadataResponseBroker(nodeId=1, host='localhost', port=9092, rack=null)], clusterId='An3sP1ktRKyqXCREtXqDbg', controllerId=1, topics=[MetadataResponseTopic(errorCode=0, name='loan-events', topicId=q-pzeIEaSMq3qwyljHpxZA, isInternal=false, partitions=[MetadataResponsePartition(errorCode=0, partitionIndex=0, leaderId=1, leaderEpoch=0, replicaNodes=[1], isrNodes=[1], offlineReplicas=[])], topicAuthorizedOperations=-2147483648)], clusterAuthorizedOperations=-2147483648)
2025-07-13T09:21:35.691Z DEBUG 269304 --- [loan-service] [vice-producer-1] org.apache.kafka.clients.Metadata        : [Producer clientId=loan-service-producer-1] Setting the last seen epoch of partition loan-events-0 to 0 since the last known epoch was undefined.
2025-07-13T09:21:35.695Z  INFO 269304 --- [loan-service] [vice-producer-1] org.apache.kafka.clients.Metadata        : [Producer clientId=loan-service-producer-1] Cluster ID: An3sP1ktRKyqXCREtXqDbg
2025-07-13T09:21:35.698Z DEBUG 269304 --- [loan-service] [vice-producer-1] org.apache.kafka.clients.Metadata        : [Producer clientId=loan-service-producer-1] Updated cluster metadata updateVersion 2 to MetadataSnapshot{clusterId='An3sP1ktRKyqXCREtXqDbg', nodes={1=localhost:9092 (id: 1 rack: null)}, partitions=[PartitionMetadata(error=NONE, partition=loan-events-0, leader=Optional[1], leaderEpoch=Optional[0], replicas=1, isr=1, offlineReplicas=)], controller=localhost:9092 (id: 1 rack: null)}
2025-07-13T09:21:35.702Z DEBUG 269304 --- [loan-service] [vice-producer-1] org.apache.kafka.clients.NetworkClient   : [Producer clientId=loan-service-producer-1] Received INIT_PRODUCER_ID response from node -1 for request with header RequestHeader(apiKey=INIT_PRODUCER_ID, apiVersion=4, clientId=loan-service-producer-1, correlationId=3, headerVersion=2): InitProducerIdResponseData(throttleTimeMs=0, errorCode=14, producerId=-1, producerEpoch=-1)
2025-07-13T09:21:35.702Z DEBUG 269304 --- [loan-service] [vice-producer-1] o.a.k.c.p.internals.TransactionManager   : [Producer clientId=loan-service-producer-1] Enqueuing transactional request InitProducerIdRequestData(transactionalId=null, transactionTimeoutMs=2147483647, producerId=-1, producerEpoch=-1)
2025-07-13T09:21:35.703Z DEBUG 269304 --- [loan-service] [vice-producer-1] org.apache.kafka.clients.ClientUtils     : Resolved host localhost as 127.0.0.1
2025-07-13T09:21:35.703Z DEBUG 269304 --- [loan-service] [vice-producer-1] o.a.k.clients.ClusterConnectionStates    : [Producer clientId=loan-service-producer-1] Resolved host localhost to addresses [localhost/127.0.0.1]
2025-07-13T09:21:35.703Z DEBUG 269304 --- [loan-service] [vice-producer-1] org.apache.kafka.clients.NetworkClient   : [Producer clientId=loan-service-producer-1] Initiating connection to node localhost:9092 (id: 1 rack: null) using address localhost/127.0.0.1
2025-07-13T09:21:35.712Z DEBUG 269304 --- [loan-service] [vice-producer-1] o.apache.kafka.common.network.Selector   : [Producer clientId=loan-service-producer-1] Created socket with SO_RCVBUF = 32768, SO_SNDBUF = 131072, SO_TIMEOUT = 0 to node 1
2025-07-13T09:21:35.712Z DEBUG 269304 --- [loan-service] [vice-producer-1] org.apache.kafka.clients.NetworkClient   : [Producer clientId=loan-service-producer-1] Completed connection to node 1. Fetching API versions.
2025-07-13T09:21:35.712Z DEBUG 269304 --- [loan-service] [vice-producer-1] org.apache.kafka.clients.NetworkClient   : [Producer clientId=loan-service-producer-1] Initiating API versions fetch from node 1.
2025-07-13T09:21:35.712Z DEBUG 269304 --- [loan-service] [vice-producer-1] org.apache.kafka.clients.NetworkClient   : [Producer clientId=loan-service-producer-1] Sending API_VERSIONS request with header RequestHeader(apiKey=API_VERSIONS, apiVersion=4, clientId=loan-service-producer-1, correlationId=5, headerVersion=2) and timeout 30000 to node 1: ApiVersionsRequestData(clientSoftwareName='apache-kafka-java', clientSoftwareVersion='3.9.1')
2025-07-13T09:21:35.718Z DEBUG 269304 --- [loan-service] [vice-producer-1] org.apache.kafka.clients.NetworkClient   : [Producer clientId=loan-service-producer-1] Received API_VERSIONS response from node 1 for request with header RequestHeader(apiKey=API_VERSIONS, apiVersion=4, clientId=loan-service-producer-1, correlationId=5, headerVersion=2): ApiVersionsResponseData(errorCode=35, apiKeys=[ApiVersion(apiKey=18, minVersion=0, maxVersion=3)], throttleTimeMs=0, supportedFeatures=[], finalizedFeaturesEpoch=-1, finalizedFeatures=[], zkMigrationReady=false)
2025-07-13T09:21:35.718Z DEBUG 269304 --- [loan-service] [vice-producer-1] org.apache.kafka.clients.NetworkClient   : [Producer clientId=loan-service-producer-1] Initiating API versions fetch from node 1.
2025-07-13T09:21:35.718Z DEBUG 269304 --- [loan-service] [vice-producer-1] org.apache.kafka.clients.NetworkClient   : [Producer clientId=loan-service-producer-1] Sending API_VERSIONS request with header RequestHeader(apiKey=API_VERSIONS, apiVersion=3, clientId=loan-service-producer-1, correlationId=6, headerVersion=2) and timeout 30000 to node 1: ApiVersionsRequestData(clientSoftwareName='apache-kafka-java', clientSoftwareVersion='3.9.1')
2025-07-13T09:21:35.738Z DEBUG 269304 --- [loan-service] [vice-producer-1] org.apache.kafka.clients.NetworkClient   : [Producer clientId=loan-service-producer-1] Received API_VERSIONS response from node 1 for request with header RequestHeader(apiKey=API_VERSIONS, apiVersion=3, clientId=loan-service-producer-1, correlationId=6, headerVersion=2): ApiVersionsResponseData(errorCode=0, apiKeys=[ApiVersion(apiKey=0, minVersion=0, maxVersion=9), ApiVersion(apiKey=1, minVersion=0, maxVersion=15), ApiVersion(apiKey=2, minVersion=0, maxVersion=8), ApiVersion(apiKey=3, minVersion=0, maxVersion=12), ApiVersion(apiKey=4, minVersion=0, maxVersion=7), ApiVersion(apiKey=5, minVersion=0, maxVersion=4), ApiVersion(apiKey=6, minVersion=0, maxVersion=8), ApiVersion(apiKey=7, minVersion=0, maxVersion=3), ApiVersion(apiKey=8, minVersion=0, maxVersion=8), ApiVersion(apiKey=9, minVersion=0, maxVersion=8), ApiVersion(apiKey=10, minVersion=0, maxVersion=4), ApiVersion(apiKey=11, minVersion=0, maxVersion=9), ApiVersion(apiKey=12, minVersion=0, maxVersion=4), ApiVersion(apiKey=13, minVersion=0, maxVersion=5), ApiVersion(apiKey=14, minVersion=0, maxVersion=5), ApiVersion(apiKey=15, minVersion=0, maxVersion=5), ApiVersion(apiKey=16, minVersion=0, maxVersion=4), ApiVersion(apiKey=17, minVersion=0, maxVersion=1), ApiVersion(apiKey=18, minVersion=0, maxVersion=3), ApiVersion(apiKey=19, minVersion=0, maxVersion=7), ApiVersion(apiKey=20, minVersion=0, maxVersion=6), ApiVersion(apiKey=21, minVersion=0, maxVersion=2), ApiVersion(apiKey=22, minVersion=0, maxVersion=4), ApiVersion(apiKey=23, minVersion=0, maxVersion=4), ApiVersion(apiKey=24, minVersion=0, maxVersion=4), ApiVersion(apiKey=25, minVersion=0, maxVersion=3), ApiVersion(apiKey=26, minVersion=0, maxVersion=3), ApiVersion(apiKey=27, minVersion=0, maxVersion=1), ApiVersion(apiKey=28, minVersion=0, maxVersion=3), ApiVersion(apiKey=29, minVersion=0, maxVersion=3), ApiVersion(apiKey=30, minVersion=0, maxVersion=3), ApiVersion(apiKey=31, minVersion=0, maxVersion=3), ApiVersion(apiKey=32, minVersion=0, maxVersion=4), ApiVersion(apiKey=33, minVersion=0, maxVersion=2), ApiVersion(apiKey=34, minVersion=0, maxVersion=2), ApiVersion(apiKey=35, minVersion=0, maxVersion=4), ApiVersion(apiKey=36, minVersion=0, maxVersion=2), ApiVersion(apiKey=37, minVersion=0, maxVersion=3), ApiVersion(apiKey=38, minVersion=0, maxVersion=3), ApiVersion(apiKey=39, minVersion=0, maxVersion=2), ApiVersion(apiKey=40, minVersion=0, maxVersion=2), ApiVersion(apiKey=41, minVersion=0, maxVersion=3), ApiVersion(apiKey=42, minVersion=0, maxVersion=2), ApiVersion(apiKey=43, minVersion=0, maxVersion=2), ApiVersion(apiKey=44, minVersion=0, maxVersion=1), ApiVersion(apiKey=45, minVersion=0, maxVersion=0), ApiVersion(apiKey=46, minVersion=0, maxVersion=0), ApiVersion(apiKey=47, minVersion=0, maxVersion=0), ApiVersion(apiKey=48, minVersion=0, maxVersion=1), ApiVersion(apiKey=49, minVersion=0, maxVersion=1), ApiVersion(apiKey=50, minVersion=0, maxVersion=0), ApiVersion(apiKey=51, minVersion=0, maxVersion=0), ApiVersion(apiKey=56, minVersion=0, maxVersion=3), ApiVersion(apiKey=57, minVersion=0, maxVersion=1), ApiVersion(apiKey=58, minVersion=0, maxVersion=0), ApiVersion(apiKey=60, minVersion=0, maxVersion=0), ApiVersion(apiKey=61, minVersion=0, maxVersion=0), ApiVersion(apiKey=65, minVersion=0, maxVersion=0), ApiVersion(apiKey=66, minVersion=0, maxVersion=0), ApiVersion(apiKey=67, minVersion=0, maxVersion=0)], throttleTimeMs=0, supportedFeatures=[], finalizedFeaturesEpoch=0, finalizedFeatures=[], zkMigrationReady=false)
2025-07-13T09:21:35.739Z DEBUG 269304 --- [loan-service] [vice-producer-1] org.apache.kafka.clients.NetworkClient   : [Producer clientId=loan-service-producer-1] Node 1 has finalized features epoch: 0, finalized features: [], supported features: [], ZK migration ready: false, API versions: (Produce(0): 0 to 9 [usable: 9], Fetch(1): 0 to 15 [usable: 15], ListOffsets(2): 0 to 8 [usable: 8], Metadata(3): 0 to 12 [usable: 12], LeaderAndIsr(4): 0 to 7 [usable: 7], StopReplica(5): 0 to 4 [usable: 4], UpdateMetadata(6): 0 to 8 [usable: 8], ControlledShutdown(7): 0 to 3 [usable: 3], OffsetCommit(8): 0 to 8 [usable: 8], OffsetFetch(9): 0 to 8 [usable: 8], FindCoordinator(10): 0 to 4 [usable: 4], JoinGroup(11): 0 to 9 [usable: 9], Heartbeat(12): 0 to 4 [usable: 4], LeaveGroup(13): 0 to 5 [usable: 5], SyncGroup(14): 0 to 5 [usable: 5], DescribeGroups(15): 0 to 5 [usable: 5], ListGroups(16): 0 to 4 [usable: 4], SaslHandshake(17): 0 to 1 [usable: 1], ApiVersions(18): 0 to 3 [usable: 3], CreateTopics(19): 0 to 7 [usable: 7], DeleteTopics(20): 0 to 6 [usable: 6], DeleteRecords(21): 0 to 2 [usable: 2], InitProducerId(22): 0 to 4 [usable: 4], OffsetForLeaderEpoch(23): 0 to 4 [usable: 4], AddPartitionsToTxn(24): 0 to 4 [usable: 4], AddOffsetsToTxn(25): 0 to 3 [usable: 3], EndTxn(26): 0 to 3 [usable: 3], WriteTxnMarkers(27): 0 to 1 [usable: 1], TxnOffsetCommit(28): 0 to 3 [usable: 3], DescribeAcls(29): 0 to 3 [usable: 3], CreateAcls(30): 0 to 3 [usable: 3], DeleteAcls(31): 0 to 3 [usable: 3], DescribeConfigs(32): 0 to 4 [usable: 4], AlterConfigs(33): 0 to 2 [usable: 2], AlterReplicaLogDirs(34): 0 to 2 [usable: 2], DescribeLogDirs(35): 0 to 4 [usable: 4], SaslAuthenticate(36): 0 to 2 [usable: 2], CreatePartitions(37): 0 to 3 [usable: 3], CreateDelegationToken(38): 0 to 3 [usable: 3], RenewDelegationToken(39): 0 to 2 [usable: 2], ExpireDelegationToken(40): 0 to 2 [usable: 2], DescribeDelegationToken(41): 0 to 3 [usable: 3], DeleteGroups(42): 0 to 2 [usable: 2], ElectLeaders(43): 0 to 2 [usable: 2], IncrementalAlterConfigs(44): 0 to 1 [usable: 1], AlterPartitionReassignments(45): 0 [usable: 0], ListPartitionReassignments(46): 0 [usable: 0], OffsetDelete(47): 0 [usable: 0], DescribeClientQuotas(48): 0 to 1 [usable: 1], AlterClientQuotas(49): 0 to 1 [usable: 1], DescribeUserScramCredentials(50): 0 [usable: 0], AlterUserScramCredentials(51): 0 [usable: 0], DescribeQuorum(55): UNSUPPORTED, AlterPartition(56): 0 to 3 [usable: 3], UpdateFeatures(57): 0 to 1 [usable: 1], Envelope(58): 0 [usable: 0], DescribeCluster(60): 0 [usable: 0], DescribeProducers(61): 0 [usable: 0], UnregisterBroker(64): UNSUPPORTED, DescribeTransactions(65): 0 [usable: 0], ListTransactions(66): 0 [usable: 0], AllocateProducerIds(67): 0 [usable: 0], ConsumerGroupHeartbeat(68): UNSUPPORTED, ConsumerGroupDescribe(69): UNSUPPORTED, GetTelemetrySubscriptions(71): UNSUPPORTED, PushTelemetry(72): UNSUPPORTED, ListClientMetricsResources(74): UNSUPPORTED, DescribeTopicPartitions(75): UNSUPPORTED, ShareGroupHeartbeat(76): UNSUPPORTED, ShareGroupDescribe(77): UNSUPPORTED, ShareFetch(78): UNSUPPORTED, ShareAcknowledge(79): UNSUPPORTED, AddRaftVoter(80): UNSUPPORTED, RemoveRaftVoter(81): UNSUPPORTED, InitializeShareGroupState(83): UNSUPPORTED, ReadShareGroupState(84): UNSUPPORTED, WriteShareGroupState(85): UNSUPPORTED, DeleteShareGroupState(86): UNSUPPORTED, ReadShareGroupStateSummary(87): UNSUPPORTED).
]]></system-out>
    <system-err><![CDATA[Mockito is currently self-attaching to enable the inline-mock-maker. This will no longer work in future releases of the JDK. Please add Mockito as an agent to your build as described in Mockito's documentation: https://javadoc.io/doc/org.mockito/mockito-core/latest/org.mockito/org/mockito/Mockito.html#0.3
WARNING: A Java agent has been loaded dynamically (/home/codespace/.m2/repository/net/bytebuddy/byte-buddy-agent/1.17.6/byte-buddy-agent-1.17.6.jar)
WARNING: If a serviceability tool is in use, please run with -XX:+EnableDynamicAgentLoading to hide this warning
WARNING: If a serviceability tool is not in use, please run with -Djdk.instrument.traceUsage for more information
WARNING: Dynamic loading of agents will be disallowed by default in a future release
]]></system-err>
  </testcase>
</testsuite>